[0.011s] Invoking command in '/home/aa/robot_controller/build/robot_msgs': CMAKE_PREFIX_PATH=${CMAKE_PREFIX_PATH}:/home/aa/robot_controller/install/robotarm_control_package:/opt/ros/humble /usr/bin/cmake --build /home/aa/robot_controller/build/robot_msgs -- -j16 -l16
[0.032s] -- Found ament_cmake: 1.3.10 (/opt/ros/humble/share/ament_cmake/cmake)
[0.127s] -- Found rosidl_default_generators: 1.2.0 (/opt/ros/humble/share/rosidl_default_generators/cmake)
[0.128s] -- Using all available rosidl_typesupport_c: rosidl_typesupport_fastrtps_c;rosidl_typesupport_introspection_c
[0.129s] -- Found rosidl_adapter: 3.1.5 (/opt/ros/humble/share/rosidl_adapter/cmake)
[0.151s] -- Using all available rosidl_typesupport_cpp: rosidl_typesupport_fastrtps_cpp;rosidl_typesupport_introspection_cpp
[0.386s] -- Found ament_cmake_ros: 0.10.0 (/opt/ros/humble/share/ament_cmake_ros/cmake)
[0.530s] -- Using all available rosidl_typesupport_c: rosidl_typesupport_fastrtps_c;rosidl_typesupport_introspection_c
[0.721s] -- Using all available rosidl_typesupport_cpp: rosidl_typesupport_fastrtps_cpp;rosidl_typesupport_introspection_cpp
[0.739s] -- Found python_cmake_module: 0.10.0 (/opt/ros/humble/share/python_cmake_module/cmake)
[0.757s] -- Using PYTHON_EXECUTABLE: /usr/bin/python3
[0.758s] -- Using PYTHON_INCLUDE_DIRS: /usr/include/python3.10
[0.758s] -- Using PYTHON_LIBRARIES: /usr/lib/x86_64-linux-gnu/libpython3.10.so
[0.769s] -- Found ament_lint_auto: 0.12.11 (/opt/ros/humble/share/ament_lint_auto/cmake)
[0.776s] -- Added test 'lint_cmake' to check CMake code style
[0.777s] -- Added test 'xmllint' to check XML markup files
[0.778s] -- Configuring done
[0.805s] -- Generating done
[0.807s] -- Build files have been written to: /home/aa/robot_controller/build/robot_msgs
[0.831s] [  2%] [34m[1mGenerating C code for ROS interfaces[0m
[0.841s] [  4%] [34m[1mGenerating C++ code for ROS interfaces[0m
[0.851s] [  4%] Built target ament_cmake_python_copy_robot_msgs
[1.068s] running egg_info
[1.068s] writing robot_msgs.egg-info/PKG-INFO
[1.069s] writing dependency_links to robot_msgs.egg-info/dependency_links.txt
[1.069s] writing top-level names to robot_msgs.egg-info/top_level.txt
[1.071s] reading manifest file 'robot_msgs.egg-info/SOURCES.txt'
[1.071s] writing manifest file 'robot_msgs.egg-info/SOURCES.txt'
[1.096s] [  4%] Built target ament_cmake_python_build_robot_msgs_egg
[1.195s] [35m[1mConsolidate compiler generated dependencies of target robot_msgs__rosidl_generator_c[0m
[1.207s] [  6%] [32mBuilding C object CMakeFiles/robot_msgs__rosidl_generator_c.dir/rosidl_generator_c/robot_msgs/msg/detail/robot_state__functions.c.o[0m
[1.207s] [ 10%] [32mBuilding C object CMakeFiles/robot_msgs__rosidl_generator_c.dir/rosidl_generator_c/robot_msgs/msg/detail/user_order__functions.c.o[0m
[1.207s] [ 10%] [32mBuilding C object CMakeFiles/robot_msgs__rosidl_generator_c.dir/rosidl_generator_c/robot_msgs/action/detail/robot_order__functions.c.o[0m
[1.212s] [ 10%] Built target robot_msgs__cpp
[1.221s] [ 17%] [34m[1mGenerating C++ type support for eProsima Fast-RTPS[0m
[1.221s] [ 17%] [34m[1mGenerating C++ introspection for ROS interfaces[0m
[1.222s] [ 17%] [34m[1mGenerating C++ type support dispatch for ROS interfaces[0m
[1.304s] [ 19%] [32m[1mLinking C shared library librobot_msgs__rosidl_generator_c.so[0m
[1.340s] [ 19%] Built target robot_msgs__rosidl_generator_c
[1.349s] [ 23%] [34m[1mGenerating C type support for eProsima Fast-RTPS[0m
[1.349s] [ 23%] [34m[1mGenerating C introspection for ROS interfaces[0m
[1.349s] [ 25%] [34m[1mGenerating C type support dispatch for ROS interfaces[0m
[1.478s] [35m[1mConsolidate compiler generated dependencies of target robot_msgs__rosidl_typesupport_cpp[0m
[1.491s] [ 31%] [32mBuilding CXX object CMakeFiles/robot_msgs__rosidl_typesupport_cpp.dir/rosidl_typesupport_cpp/robot_msgs/action/robot_order__type_support.cpp.o[0m
[1.492s] [ 31%] [32mBuilding CXX object CMakeFiles/robot_msgs__rosidl_typesupport_cpp.dir/rosidl_typesupport_cpp/robot_msgs/msg/robot_state__type_support.cpp.o[0m
[1.492s] [ 31%] [32mBuilding CXX object CMakeFiles/robot_msgs__rosidl_typesupport_cpp.dir/rosidl_typesupport_cpp/robot_msgs/msg/user_order__type_support.cpp.o[0m
[1.538s] [35m[1mConsolidate compiler generated dependencies of target robot_msgs__rosidl_typesupport_introspection_cpp[0m
[1.552s] [ 34%] [32mBuilding CXX object CMakeFiles/robot_msgs__rosidl_typesupport_introspection_cpp.dir/rosidl_typesupport_introspection_cpp/robot_msgs/action/detail/robot_order__type_support.cpp.o[0m
[1.554s] [ 38%] [32mBuilding CXX object CMakeFiles/robot_msgs__rosidl_typesupport_introspection_cpp.dir/rosidl_typesupport_introspection_cpp/robot_msgs/msg/detail/robot_state__type_support.cpp.o[0m
[1.554s] [ 38%] [32mBuilding CXX object CMakeFiles/robot_msgs__rosidl_typesupport_introspection_cpp.dir/rosidl_typesupport_introspection_cpp/robot_msgs/msg/detail/user_order__type_support.cpp.o[0m
[1.593s] [35m[1mConsolidate compiler generated dependencies of target robot_msgs__rosidl_typesupport_fastrtps_cpp[0m
[1.612s] [ 42%] [32mBuilding CXX object CMakeFiles/robot_msgs__rosidl_typesupport_fastrtps_cpp.dir/rosidl_typesupport_fastrtps_cpp/robot_msgs/msg/detail/dds_fastrtps/user_order__type_support.cpp.o[0m
[1.613s] [ 42%] [32mBuilding CXX object CMakeFiles/robot_msgs__rosidl_typesupport_fastrtps_cpp.dir/rosidl_typesupport_fastrtps_cpp/robot_msgs/msg/detail/dds_fastrtps/robot_state__type_support.cpp.o[0m
[1.613s] [ 44%] [32mBuilding CXX object CMakeFiles/robot_msgs__rosidl_typesupport_fastrtps_cpp.dir/rosidl_typesupport_fastrtps_cpp/robot_msgs/action/detail/dds_fastrtps/robot_order__type_support.cpp.o[0m
[1.630s] [35m[1mConsolidate compiler generated dependencies of target robot_msgs__rosidl_typesupport_c[0m
[1.647s] [ 48%] [32mBuilding CXX object CMakeFiles/robot_msgs__rosidl_typesupport_c.dir/rosidl_typesupport_c/robot_msgs/msg/robot_state__type_support.cpp.o[0m
[1.647s] [ 48%] [32mBuilding CXX object CMakeFiles/robot_msgs__rosidl_typesupport_c.dir/rosidl_typesupport_c/robot_msgs/action/robot_order__type_support.cpp.o[0m
[1.647s] [ 51%] [32mBuilding CXX object CMakeFiles/robot_msgs__rosidl_typesupport_c.dir/rosidl_typesupport_c/robot_msgs/msg/user_order__type_support.cpp.o[0m
[1.712s] [ 53%] [32m[1mLinking CXX shared library librobot_msgs__rosidl_typesupport_c.so[0m
[1.781s] [ 53%] Built target robot_msgs__rosidl_typesupport_c
[1.795s] [35m[1mConsolidate compiler generated dependencies of target robot_msgs__rosidl_typesupport_fastrtps_c[0m
[1.815s] [ 59%] [32mBuilding CXX object CMakeFiles/robot_msgs__rosidl_typesupport_fastrtps_c.dir/rosidl_typesupport_fastrtps_c/robot_msgs/msg/detail/user_order__type_support_c.cpp.o[0m
[1.815s] [ 59%] [32mBuilding CXX object CMakeFiles/robot_msgs__rosidl_typesupport_fastrtps_c.dir/rosidl_typesupport_fastrtps_c/robot_msgs/action/detail/robot_order__type_support_c.cpp.o[0m
[1.815s] [ 59%] [32mBuilding CXX object CMakeFiles/robot_msgs__rosidl_typesupport_fastrtps_c.dir/rosidl_typesupport_fastrtps_c/robot_msgs/msg/detail/robot_state__type_support_c.cpp.o[0m
[1.823s] [35m[1mConsolidate compiler generated dependencies of target robot_msgs__rosidl_typesupport_introspection_c[0m
[1.842s] [ 63%] [32mBuilding C object CMakeFiles/robot_msgs__rosidl_typesupport_introspection_c.dir/rosidl_typesupport_introspection_c/robot_msgs/msg/detail/robot_state__type_support.c.o[0m
[1.842s] [ 63%] [32mBuilding C object CMakeFiles/robot_msgs__rosidl_typesupport_introspection_c.dir/rosidl_typesupport_introspection_c/robot_msgs/action/detail/robot_order__type_support.c.o[0m
[1.843s] [ 65%] [32mBuilding C object CMakeFiles/robot_msgs__rosidl_typesupport_introspection_c.dir/rosidl_typesupport_introspection_c/robot_msgs/msg/detail/user_order__type_support.c.o[0m
[1.904s] [ 68%] [32m[1mLinking C shared library librobot_msgs__rosidl_typesupport_introspection_c.so[0m
[1.962s] [ 68%] Built target robot_msgs__rosidl_typesupport_introspection_c
[1.975s] [ 70%] [32m[1mLinking CXX shared library librobot_msgs__rosidl_typesupport_cpp.so[0m
[2.022s] [ 70%] Built target robot_msgs__rosidl_typesupport_cpp
[2.167s] [ 72%] [32m[1mLinking CXX shared library librobot_msgs__rosidl_typesupport_introspection_cpp.so[0m
[2.175s] [ 74%] [32m[1mLinking CXX shared library librobot_msgs__rosidl_typesupport_fastrtps_c.so[0m
[2.186s] [ 76%] [32m[1mLinking CXX shared library librobot_msgs__rosidl_typesupport_fastrtps_cpp.so[0m
[2.250s] [ 76%] Built target robot_msgs__rosidl_typesupport_introspection_cpp
[2.256s] [ 76%] Built target robot_msgs__rosidl_typesupport_fastrtps_c
[2.266s] [ 76%] Built target robot_msgs__rosidl_typesupport_fastrtps_cpp
[2.285s] [ 76%] Built target robot_msgs
[2.306s] [ 78%] [34m[1mGenerating Python code for ROS interfaces[0m
[2.912s] [ 78%] Built target robot_msgs__py
[2.924s] [35m[1mConsolidate compiler generated dependencies of target robot_msgs__rosidl_generator_py[0m
[2.937s] [ 85%] [32mBuilding C object CMakeFiles/robot_msgs__rosidl_generator_py.dir/rosidl_generator_py/robot_msgs/action/_robot_order_s.c.o[0m
[2.937s] [ 85%] [32mBuilding C object CMakeFiles/robot_msgs__rosidl_generator_py.dir/rosidl_generator_py/robot_msgs/msg/_user_order_s.c.o[0m
[2.937s] [ 85%] [32mBuilding C object CMakeFiles/robot_msgs__rosidl_generator_py.dir/rosidl_generator_py/robot_msgs/msg/_robot_state_s.c.o[0m
[3.039s] [ 87%] [32m[1mLinking C shared library rosidl_generator_py/robot_msgs/librobot_msgs__rosidl_generator_py.so[0m
[3.076s] [ 87%] Built target robot_msgs__rosidl_generator_py
[3.086s] [35m[1mConsolidate compiler generated dependencies of target robot_msgs__rosidl_typesupport_c__pyext[0m
[3.086s] [35m[1mConsolidate compiler generated dependencies of target robot_msgs__rosidl_typesupport_fastrtps_c__pyext[0m
[3.086s] [35m[1mConsolidate compiler generated dependencies of target robot_msgs__rosidl_typesupport_introspection_c__pyext[0m
[3.097s] [ 93%] [32mBuilding C object CMakeFiles/robot_msgs__rosidl_typesupport_introspection_c__pyext.dir/rosidl_generator_py/robot_msgs/_robot_msgs_s.ep.rosidl_typesupport_introspection_c.c.o[0m
[3.097s] [ 93%] [32mBuilding C object CMakeFiles/robot_msgs__rosidl_typesupport_c__pyext.dir/rosidl_generator_py/robot_msgs/_robot_msgs_s.ep.rosidl_typesupport_c.c.o[0m
[3.097s] [ 93%] [32mBuilding C object CMakeFiles/robot_msgs__rosidl_typesupport_fastrtps_c__pyext.dir/rosidl_generator_py/robot_msgs/_robot_msgs_s.ep.rosidl_typesupport_fastrtps_c.c.o[0m
[3.190s] [ 97%] [32m[1mLinking C shared library rosidl_generator_py/robot_msgs/robot_msgs_s__rosidl_typesupport_c.cpython-310-x86_64-linux-gnu.so[0m
[3.190s] [ 97%] [32m[1mLinking C shared library rosidl_generator_py/robot_msgs/robot_msgs_s__rosidl_typesupport_introspection_c.cpython-310-x86_64-linux-gnu.so[0m
[3.201s] [100%] [32m[1mLinking C shared library rosidl_generator_py/robot_msgs/robot_msgs_s__rosidl_typesupport_fastrtps_c.cpython-310-x86_64-linux-gnu.so[0m
[3.225s] [100%] Built target robot_msgs__rosidl_typesupport_introspection_c__pyext
[3.225s] [100%] Built target robot_msgs__rosidl_typesupport_c__pyext
[3.241s] [100%] Built target robot_msgs__rosidl_typesupport_fastrtps_c__pyext
[3.253s] Invoked command in '/home/aa/robot_controller/build/robot_msgs' returned '0': CMAKE_PREFIX_PATH=${CMAKE_PREFIX_PATH}:/home/aa/robot_controller/install/robotarm_control_package:/opt/ros/humble /usr/bin/cmake --build /home/aa/robot_controller/build/robot_msgs -- -j16 -l16
[3.364s] Invoking command in '/home/aa/robot_controller/build/robot_msgs': CMAKE_PREFIX_PATH=${CMAKE_PREFIX_PATH}:/home/aa/robot_controller/install/robotarm_control_package:/opt/ros/humble /usr/bin/cmake --install /home/aa/robot_controller/build/robot_msgs
[3.371s] -- Install configuration: ""
[3.371s] -- Up-to-date: /home/aa/robot_controller/install/robot_msgs/share/ament_index/resource_index/rosidl_interfaces/robot_msgs
[3.371s] -- Up-to-date: /home/aa/robot_controller/install/robot_msgs/include/robot_msgs/robot_msgs
[3.371s] -- Up-to-date: /home/aa/robot_controller/install/robot_msgs/include/robot_msgs/robot_msgs/action
[3.371s] -- Up-to-date: /home/aa/robot_controller/install/robot_msgs/include/robot_msgs/robot_msgs/action/detail
[3.371s] -- Installing: /home/aa/robot_controller/install/robot_msgs/include/robot_msgs/robot_msgs/action/detail/robot_order__functions.c
[3.371s] -- Installing: /home/aa/robot_controller/install/robot_msgs/include/robot_msgs/robot_msgs/action/detail/robot_order__struct.h
[3.371s] -- Installing: /home/aa/robot_controller/install/robot_msgs/include/robot_msgs/robot_msgs/action/detail/robot_order__functions.h
[3.371s] -- Installing: /home/aa/robot_controller/install/robot_msgs/include/robot_msgs/robot_msgs/action/detail/robot_order__type_support.h
[3.371s] -- Installing: /home/aa/robot_controller/install/robot_msgs/include/robot_msgs/robot_msgs/action/robot_order.h
[3.371s] -- Up-to-date: /home/aa/robot_controller/install/robot_msgs/include/robot_msgs/robot_msgs/msg
[3.371s] -- Installing: /home/aa/robot_controller/install/robot_msgs/include/robot_msgs/robot_msgs/msg/robot_state.h
[3.372s] -- Up-to-date: /home/aa/robot_controller/install/robot_msgs/include/robot_msgs/robot_msgs/msg/detail
[3.372s] -- Installing: /home/aa/robot_controller/install/robot_msgs/include/robot_msgs/robot_msgs/msg/detail/robot_state__type_support.h
[3.372s] -- Installing: /home/aa/robot_controller/install/robot_msgs/include/robot_msgs/robot_msgs/msg/detail/user_order__functions.c
[3.372s] -- Installing: /home/aa/robot_controller/install/robot_msgs/include/robot_msgs/robot_msgs/msg/detail/user_order__struct.h
[3.372s] -- Installing: /home/aa/robot_controller/install/robot_msgs/include/robot_msgs/robot_msgs/msg/detail/robot_state__functions.h
[3.372s] -- Installing: /home/aa/robot_controller/install/robot_msgs/include/robot_msgs/robot_msgs/msg/detail/robot_state__struct.h
[3.372s] -- Installing: /home/aa/robot_controller/install/robot_msgs/include/robot_msgs/robot_msgs/msg/detail/user_order__functions.h
[3.372s] -- Installing: /home/aa/robot_controller/install/robot_msgs/include/robot_msgs/robot_msgs/msg/detail/user_order__type_support.h
[3.372s] -- Installing: /home/aa/robot_controller/install/robot_msgs/include/robot_msgs/robot_msgs/msg/detail/robot_state__functions.c
[3.373s] -- Installing: /home/aa/robot_controller/install/robot_msgs/include/robot_msgs/robot_msgs/msg/user_order.h
[3.373s] -- Up-to-date: /home/aa/robot_controller/install/robot_msgs/include/robot_msgs/robot_msgs/msg/rosidl_generator_c__visibility_control.h
[3.373s] -- Up-to-date: /home/aa/robot_controller/install/robot_msgs/share/robot_msgs/environment/library_path.sh
[3.373s] -- Installing: /home/aa/robot_controller/install/robot_msgs/share/robot_msgs/environment/library_path.dsv
[3.373s] -- Installing: /home/aa/robot_controller/install/robot_msgs/lib/librobot_msgs__rosidl_generator_c.so
[3.373s] -- Set runtime path of "/home/aa/robot_controller/install/robot_msgs/lib/librobot_msgs__rosidl_generator_c.so" to ""
[3.373s] -- Up-to-date: /home/aa/robot_controller/install/robot_msgs/include/robot_msgs/robot_msgs
[3.373s] -- Up-to-date: /home/aa/robot_controller/install/robot_msgs/include/robot_msgs/robot_msgs/action
[3.373s] -- Up-to-date: /home/aa/robot_controller/install/robot_msgs/include/robot_msgs/robot_msgs/action/detail
[3.373s] -- Installing: /home/aa/robot_controller/install/robot_msgs/include/robot_msgs/robot_msgs/action/detail/robot_order__rosidl_typesupport_fastrtps_c.h
[3.374s] -- Up-to-date: /home/aa/robot_controller/install/robot_msgs/include/robot_msgs/robot_msgs/msg
[3.374s] -- Up-to-date: /home/aa/robot_controller/install/robot_msgs/include/robot_msgs/robot_msgs/msg/detail
[3.374s] -- Installing: /home/aa/robot_controller/install/robot_msgs/include/robot_msgs/robot_msgs/msg/detail/user_order__rosidl_typesupport_fastrtps_c.h
[3.374s] -- Installing: /home/aa/robot_controller/install/robot_msgs/include/robot_msgs/robot_msgs/msg/detail/robot_state__rosidl_typesupport_fastrtps_c.h
[3.374s] -- Up-to-date: /home/aa/robot_controller/install/robot_msgs/include/robot_msgs/robot_msgs/msg/rosidl_typesupport_fastrtps_c__visibility_control.h
[3.374s] -- Installing: /home/aa/robot_controller/install/robot_msgs/lib/librobot_msgs__rosidl_typesupport_fastrtps_c.so
[3.374s] -- Set runtime path of "/home/aa/robot_controller/install/robot_msgs/lib/librobot_msgs__rosidl_typesupport_fastrtps_c.so" to ""
[3.374s] -- Up-to-date: /home/aa/robot_controller/install/robot_msgs/include/robot_msgs/robot_msgs
[3.374s] -- Up-to-date: /home/aa/robot_controller/install/robot_msgs/include/robot_msgs/robot_msgs/action
[3.374s] -- Up-to-date: /home/aa/robot_controller/install/robot_msgs/include/robot_msgs/robot_msgs/action/detail
[3.374s] -- Installing: /home/aa/robot_controller/install/robot_msgs/include/robot_msgs/robot_msgs/action/detail/robot_order__rosidl_typesupport_introspection_c.h
[3.375s] -- Installing: /home/aa/robot_controller/install/robot_msgs/include/robot_msgs/robot_msgs/action/detail/robot_order__type_support.c
[3.375s] -- Up-to-date: /home/aa/robot_controller/install/robot_msgs/include/robot_msgs/robot_msgs/msg
[3.375s] -- Up-to-date: /home/aa/robot_controller/install/robot_msgs/include/robot_msgs/robot_msgs/msg/rosidl_typesupport_introspection_c__visibility_control.h
[3.375s] -- Up-to-date: /home/aa/robot_controller/install/robot_msgs/include/robot_msgs/robot_msgs/msg/detail
[3.375s] -- Installing: /home/aa/robot_controller/install/robot_msgs/include/robot_msgs/robot_msgs/msg/detail/robot_state__rosidl_typesupport_introspection_c.h
[3.375s] -- Installing: /home/aa/robot_controller/install/robot_msgs/include/robot_msgs/robot_msgs/msg/detail/user_order__rosidl_typesupport_introspection_c.h
[3.375s] -- Installing: /home/aa/robot_controller/install/robot_msgs/include/robot_msgs/robot_msgs/msg/detail/robot_state__type_support.c
[3.375s] -- Installing: /home/aa/robot_controller/install/robot_msgs/include/robot_msgs/robot_msgs/msg/detail/user_order__type_support.c
[3.375s] -- Installing: /home/aa/robot_controller/install/robot_msgs/lib/librobot_msgs__rosidl_typesupport_introspection_c.so
[3.376s] -- Set runtime path of "/home/aa/robot_controller/install/robot_msgs/lib/librobot_msgs__rosidl_typesupport_introspection_c.so" to ""
[3.376s] -- Installing: /home/aa/robot_controller/install/robot_msgs/lib/librobot_msgs__rosidl_typesupport_c.so
[3.376s] -- Set runtime path of "/home/aa/robot_controller/install/robot_msgs/lib/librobot_msgs__rosidl_typesupport_c.so" to ""
[3.376s] -- Up-to-date: /home/aa/robot_controller/install/robot_msgs/include/robot_msgs/robot_msgs
[3.376s] -- Up-to-date: /home/aa/robot_controller/install/robot_msgs/include/robot_msgs/robot_msgs/action
[3.376s] -- Installing: /home/aa/robot_controller/install/robot_msgs/include/robot_msgs/robot_msgs/action/robot_order.hpp
[3.376s] -- Up-to-date: /home/aa/robot_controller/install/robot_msgs/include/robot_msgs/robot_msgs/action/detail
[3.376s] -- Installing: /home/aa/robot_controller/install/robot_msgs/include/robot_msgs/robot_msgs/action/detail/robot_order__builder.hpp
[3.376s] -- Installing: /home/aa/robot_controller/install/robot_msgs/include/robot_msgs/robot_msgs/action/detail/robot_order__traits.hpp
[3.377s] -- Installing: /home/aa/robot_controller/install/robot_msgs/include/robot_msgs/robot_msgs/action/detail/robot_order__struct.hpp
[3.377s] -- Up-to-date: /home/aa/robot_controller/install/robot_msgs/include/robot_msgs/robot_msgs/msg
[3.377s] -- Installing: /home/aa/robot_controller/install/robot_msgs/include/robot_msgs/robot_msgs/msg/user_order.hpp
[3.377s] -- Up-to-date: /home/aa/robot_controller/install/robot_msgs/include/robot_msgs/robot_msgs/msg/detail
[3.377s] -- Installing: /home/aa/robot_controller/install/robot_msgs/include/robot_msgs/robot_msgs/msg/detail/robot_state__builder.hpp
[3.377s] -- Installing: /home/aa/robot_controller/install/robot_msgs/include/robot_msgs/robot_msgs/msg/detail/robot_state__traits.hpp
[3.377s] -- Installing: /home/aa/robot_controller/install/robot_msgs/include/robot_msgs/robot_msgs/msg/detail/user_order__traits.hpp
[3.377s] -- Installing: /home/aa/robot_controller/install/robot_msgs/include/robot_msgs/robot_msgs/msg/detail/user_order__builder.hpp
[3.377s] -- Installing: /home/aa/robot_controller/install/robot_msgs/include/robot_msgs/robot_msgs/msg/detail/user_order__struct.hpp
[3.377s] -- Installing: /home/aa/robot_controller/install/robot_msgs/include/robot_msgs/robot_msgs/msg/detail/robot_state__struct.hpp
[3.378s] -- Installing: /home/aa/robot_controller/install/robot_msgs/include/robot_msgs/robot_msgs/msg/robot_state.hpp
[3.378s] -- Up-to-date: /home/aa/robot_controller/install/robot_msgs/include/robot_msgs/robot_msgs
[3.378s] -- Up-to-date: /home/aa/robot_controller/install/robot_msgs/include/robot_msgs/robot_msgs/action
[3.378s] -- Up-to-date: /home/aa/robot_controller/install/robot_msgs/include/robot_msgs/robot_msgs/action/detail
[3.378s] -- Up-to-date: /home/aa/robot_controller/install/robot_msgs/include/robot_msgs/robot_msgs/action/detail/dds_fastrtps
[3.378s] -- Installing: /home/aa/robot_controller/install/robot_msgs/include/robot_msgs/robot_msgs/action/detail/robot_order__rosidl_typesupport_fastrtps_cpp.hpp
[3.378s] -- Up-to-date: /home/aa/robot_controller/install/robot_msgs/include/robot_msgs/robot_msgs/msg
[3.378s] -- Up-to-date: /home/aa/robot_controller/install/robot_msgs/include/robot_msgs/robot_msgs/msg/detail
[3.378s] -- Up-to-date: /home/aa/robot_controller/install/robot_msgs/include/robot_msgs/robot_msgs/msg/detail/dds_fastrtps
[3.378s] -- Installing: /home/aa/robot_controller/install/robot_msgs/include/robot_msgs/robot_msgs/msg/detail/user_order__rosidl_typesupport_fastrtps_cpp.hpp
[3.378s] -- Installing: /home/aa/robot_controller/install/robot_msgs/include/robot_msgs/robot_msgs/msg/detail/robot_state__rosidl_typesupport_fastrtps_cpp.hpp
[3.378s] -- Up-to-date: /home/aa/robot_controller/install/robot_msgs/include/robot_msgs/robot_msgs/msg/rosidl_typesupport_fastrtps_cpp__visibility_control.h
[3.378s] -- Installing: /home/aa/robot_controller/install/robot_msgs/lib/librobot_msgs__rosidl_typesupport_fastrtps_cpp.so
[3.379s] -- Set runtime path of "/home/aa/robot_controller/install/robot_msgs/lib/librobot_msgs__rosidl_typesupport_fastrtps_cpp.so" to ""
[3.379s] -- Up-to-date: /home/aa/robot_controller/install/robot_msgs/include/robot_msgs/robot_msgs
[3.379s] -- Up-to-date: /home/aa/robot_controller/install/robot_msgs/include/robot_msgs/robot_msgs/action
[3.379s] -- Up-to-date: /home/aa/robot_controller/install/robot_msgs/include/robot_msgs/robot_msgs/action/detail
[3.379s] -- Installing: /home/aa/robot_controller/install/robot_msgs/include/robot_msgs/robot_msgs/action/detail/robot_order__rosidl_typesupport_introspection_cpp.hpp
[3.379s] -- Installing: /home/aa/robot_controller/install/robot_msgs/include/robot_msgs/robot_msgs/action/detail/robot_order__type_support.cpp
[3.379s] -- Up-to-date: /home/aa/robot_controller/install/robot_msgs/include/robot_msgs/robot_msgs/msg
[3.379s] -- Up-to-date: /home/aa/robot_controller/install/robot_msgs/include/robot_msgs/robot_msgs/msg/detail
[3.379s] -- Installing: /home/aa/robot_controller/install/robot_msgs/include/robot_msgs/robot_msgs/msg/detail/user_order__rosidl_typesupport_introspection_cpp.hpp
[3.380s] -- Installing: /home/aa/robot_controller/install/robot_msgs/include/robot_msgs/robot_msgs/msg/detail/user_order__type_support.cpp
[3.380s] -- Installing: /home/aa/robot_controller/install/robot_msgs/include/robot_msgs/robot_msgs/msg/detail/robot_state__type_support.cpp
[3.380s] -- Installing: /home/aa/robot_controller/install/robot_msgs/include/robot_msgs/robot_msgs/msg/detail/robot_state__rosidl_typesupport_introspection_cpp.hpp
[3.380s] -- Installing: /home/aa/robot_controller/install/robot_msgs/lib/librobot_msgs__rosidl_typesupport_introspection_cpp.so
[3.380s] -- Set runtime path of "/home/aa/robot_controller/install/robot_msgs/lib/librobot_msgs__rosidl_typesupport_introspection_cpp.so" to ""
[3.380s] -- Installing: /home/aa/robot_controller/install/robot_msgs/lib/librobot_msgs__rosidl_typesupport_cpp.so
[3.381s] -- Set runtime path of "/home/aa/robot_controller/install/robot_msgs/lib/librobot_msgs__rosidl_typesupport_cpp.so" to ""
[3.381s] -- Up-to-date: /home/aa/robot_controller/install/robot_msgs/share/robot_msgs/environment/pythonpath.sh
[3.381s] -- Installing: /home/aa/robot_controller/install/robot_msgs/share/robot_msgs/environment/pythonpath.dsv
[3.381s] -- Up-to-date: /home/aa/robot_controller/install/robot_msgs/local/lib/python3.10/dist-packages/robot_msgs-0.0.0-py3.10.egg-info
[3.381s] -- Installing: /home/aa/robot_controller/install/robot_msgs/local/lib/python3.10/dist-packages/robot_msgs-0.0.0-py3.10.egg-info/PKG-INFO
[3.381s] -- Installing: /home/aa/robot_controller/install/robot_msgs/local/lib/python3.10/dist-packages/robot_msgs-0.0.0-py3.10.egg-info/top_level.txt
[3.381s] -- Installing: /home/aa/robot_controller/install/robot_msgs/local/lib/python3.10/dist-packages/robot_msgs-0.0.0-py3.10.egg-info/dependency_links.txt
[3.381s] -- Installing: /home/aa/robot_controller/install/robot_msgs/local/lib/python3.10/dist-packages/robot_msgs-0.0.0-py3.10.egg-info/SOURCES.txt
[3.381s] -- Up-to-date: /home/aa/robot_controller/install/robot_msgs/local/lib/python3.10/dist-packages/robot_msgs
[3.382s] -- Up-to-date: /home/aa/robot_controller/install/robot_msgs/local/lib/python3.10/dist-packages/robot_msgs/action
[3.382s] -- Installing: /home/aa/robot_controller/install/robot_msgs/local/lib/python3.10/dist-packages/robot_msgs/action/_robot_order_s.c
[3.382s] -- Installing: /home/aa/robot_controller/install/robot_msgs/local/lib/python3.10/dist-packages/robot_msgs/action/__init__.py
[3.382s] -- Installing: /home/aa/robot_controller/install/robot_msgs/local/lib/python3.10/dist-packages/robot_msgs/action/_robot_order.py
[3.382s] -- Installing: /home/aa/robot_controller/install/robot_msgs/local/lib/python3.10/dist-packages/robot_msgs/robot_msgs_s__rosidl_typesupport_introspection_c.cpython-310-x86_64-linux-gnu.so
[3.382s] -- Installing: /home/aa/robot_controller/install/robot_msgs/local/lib/python3.10/dist-packages/robot_msgs/robot_msgs_s__rosidl_typesupport_c.cpython-310-x86_64-linux-gnu.so
[3.382s] -- Installing: /home/aa/robot_controller/install/robot_msgs/local/lib/python3.10/dist-packages/robot_msgs/_robot_msgs_s.ep.rosidl_typesupport_c.c
[3.382s] -- Installing: /home/aa/robot_controller/install/robot_msgs/local/lib/python3.10/dist-packages/robot_msgs/robot_msgs_s__rosidl_typesupport_fastrtps_c.cpython-310-x86_64-linux-gnu.so
[3.383s] -- Installing: /home/aa/robot_controller/install/robot_msgs/local/lib/python3.10/dist-packages/robot_msgs/_robot_msgs_s.ep.rosidl_typesupport_fastrtps_c.c
[3.383s] -- Installing: /home/aa/robot_controller/install/robot_msgs/local/lib/python3.10/dist-packages/robot_msgs/__init__.py
[3.383s] -- Installing: /home/aa/robot_controller/install/robot_msgs/local/lib/python3.10/dist-packages/robot_msgs/librobot_msgs__rosidl_generator_py.so
[3.383s] -- Installing: /home/aa/robot_controller/install/robot_msgs/local/lib/python3.10/dist-packages/robot_msgs/_robot_msgs_s.ep.rosidl_typesupport_introspection_c.c
[3.383s] -- Up-to-date: /home/aa/robot_controller/install/robot_msgs/local/lib/python3.10/dist-packages/robot_msgs/msg
[3.383s] -- Installing: /home/aa/robot_controller/install/robot_msgs/local/lib/python3.10/dist-packages/robot_msgs/msg/_robot_state_s.c
[3.383s] -- Installing: /home/aa/robot_controller/install/robot_msgs/local/lib/python3.10/dist-packages/robot_msgs/msg/_robot_state.py
[3.383s] -- Installing: /home/aa/robot_controller/install/robot_msgs/local/lib/python3.10/dist-packages/robot_msgs/msg/_user_order.py
[3.384s] -- Installing: /home/aa/robot_controller/install/robot_msgs/local/lib/python3.10/dist-packages/robot_msgs/msg/__init__.py
[3.384s] -- Installing: /home/aa/robot_controller/install/robot_msgs/local/lib/python3.10/dist-packages/robot_msgs/msg/_user_order_s.c
[3.415s] Listing '/home/aa/robot_controller/install/robot_msgs/local/lib/python3.10/dist-packages/robot_msgs'...
[3.415s] Compiling '/home/aa/robot_controller/install/robot_msgs/local/lib/python3.10/dist-packages/robot_msgs/__init__.py'...
[3.415s] Listing '/home/aa/robot_controller/install/robot_msgs/local/lib/python3.10/dist-packages/robot_msgs/action'...
[3.415s] Compiling '/home/aa/robot_controller/install/robot_msgs/local/lib/python3.10/dist-packages/robot_msgs/action/__init__.py'...
[3.415s] Compiling '/home/aa/robot_controller/install/robot_msgs/local/lib/python3.10/dist-packages/robot_msgs/action/_robot_order.py'...
[3.415s] Listing '/home/aa/robot_controller/install/robot_msgs/local/lib/python3.10/dist-packages/robot_msgs/msg'...
[3.415s] Compiling '/home/aa/robot_controller/install/robot_msgs/local/lib/python3.10/dist-packages/robot_msgs/msg/__init__.py'...
[3.415s] Compiling '/home/aa/robot_controller/install/robot_msgs/local/lib/python3.10/dist-packages/robot_msgs/msg/_robot_state.py'...
[3.415s] Compiling '/home/aa/robot_controller/install/robot_msgs/local/lib/python3.10/dist-packages/robot_msgs/msg/_user_order.py'...
[3.419s] -- Installing: /home/aa/robot_controller/install/robot_msgs/local/lib/python3.10/dist-packages/robot_msgs/robot_msgs_s__rosidl_typesupport_fastrtps_c.cpython-310-x86_64-linux-gnu.so
[3.419s] -- Set runtime path of "/home/aa/robot_controller/install/robot_msgs/local/lib/python3.10/dist-packages/robot_msgs/robot_msgs_s__rosidl_typesupport_fastrtps_c.cpython-310-x86_64-linux-gnu.so" to ""
[3.419s] -- Installing: /home/aa/robot_controller/install/robot_msgs/local/lib/python3.10/dist-packages/robot_msgs/robot_msgs_s__rosidl_typesupport_introspection_c.cpython-310-x86_64-linux-gnu.so
[3.420s] -- Set runtime path of "/home/aa/robot_controller/install/robot_msgs/local/lib/python3.10/dist-packages/robot_msgs/robot_msgs_s__rosidl_typesupport_introspection_c.cpython-310-x86_64-linux-gnu.so" to ""
[3.420s] -- Installing: /home/aa/robot_controller/install/robot_msgs/local/lib/python3.10/dist-packages/robot_msgs/robot_msgs_s__rosidl_typesupport_c.cpython-310-x86_64-linux-gnu.so
[3.420s] -- Set runtime path of "/home/aa/robot_controller/install/robot_msgs/local/lib/python3.10/dist-packages/robot_msgs/robot_msgs_s__rosidl_typesupport_c.cpython-310-x86_64-linux-gnu.so" to ""
[3.420s] -- Installing: /home/aa/robot_controller/install/robot_msgs/lib/librobot_msgs__rosidl_generator_py.so
[3.421s] -- Set runtime path of "/home/aa/robot_controller/install/robot_msgs/lib/librobot_msgs__rosidl_generator_py.so" to ""
[3.421s] -- Up-to-date: /home/aa/robot_controller/install/robot_msgs/share/robot_msgs/action/RobotOrder.idl
[3.421s] -- Up-to-date: /home/aa/robot_controller/install/robot_msgs/share/robot_msgs/msg/RobotState.idl
[3.421s] -- Installing: /home/aa/robot_controller/install/robot_msgs/share/robot_msgs/msg/UserOrder.idl
[3.421s] -- Up-to-date: /home/aa/robot_controller/install/robot_msgs/share/robot_msgs/action/RobotOrder.action
[3.421s] -- Up-to-date: /home/aa/robot_controller/install/robot_msgs/share/robot_msgs/msg/RobotState.msg
[3.421s] -- Installing: /home/aa/robot_controller/install/robot_msgs/share/robot_msgs/msg/UserOrder.msg
[3.421s] -- Up-to-date: /home/aa/robot_controller/install/robot_msgs/share/ament_index/resource_index/package_run_dependencies/robot_msgs
[3.421s] -- Up-to-date: /home/aa/robot_controller/install/robot_msgs/share/ament_index/resource_index/parent_prefix_path/robot_msgs
[3.421s] -- Up-to-date: /home/aa/robot_controller/install/robot_msgs/share/robot_msgs/environment/ament_prefix_path.sh
[3.421s] -- Installing: /home/aa/robot_controller/install/robot_msgs/share/robot_msgs/environment/ament_prefix_path.dsv
[3.421s] -- Up-to-date: /home/aa/robot_controller/install/robot_msgs/share/robot_msgs/environment/path.sh
[3.421s] -- Installing: /home/aa/robot_controller/install/robot_msgs/share/robot_msgs/environment/path.dsv
[3.421s] -- Up-to-date: /home/aa/robot_controller/install/robot_msgs/share/robot_msgs/local_setup.bash
[3.421s] -- Up-to-date: /home/aa/robot_controller/install/robot_msgs/share/robot_msgs/local_setup.sh
[3.421s] -- Up-to-date: /home/aa/robot_controller/install/robot_msgs/share/robot_msgs/local_setup.zsh
[3.422s] -- Installing: /home/aa/robot_controller/install/robot_msgs/share/robot_msgs/local_setup.dsv
[3.422s] -- Installing: /home/aa/robot_controller/install/robot_msgs/share/robot_msgs/package.dsv
[3.422s] -- Up-to-date: /home/aa/robot_controller/install/robot_msgs/share/ament_index/resource_index/packages/robot_msgs
[3.422s] -- Up-to-date: /home/aa/robot_controller/install/robot_msgs/share/robot_msgs/cmake/export_robot_msgs__rosidl_generator_cExport.cmake
[3.422s] -- Up-to-date: /home/aa/robot_controller/install/robot_msgs/share/robot_msgs/cmake/export_robot_msgs__rosidl_generator_cExport-noconfig.cmake
[3.422s] -- Up-to-date: /home/aa/robot_controller/install/robot_msgs/share/robot_msgs/cmake/export_robot_msgs__rosidl_typesupport_fastrtps_cExport.cmake
[3.422s] -- Up-to-date: /home/aa/robot_controller/install/robot_msgs/share/robot_msgs/cmake/export_robot_msgs__rosidl_typesupport_fastrtps_cExport-noconfig.cmake
[3.422s] -- Up-to-date: /home/aa/robot_controller/install/robot_msgs/share/robot_msgs/cmake/robot_msgs__rosidl_typesupport_introspection_cExport.cmake
[3.422s] -- Up-to-date: /home/aa/robot_controller/install/robot_msgs/share/robot_msgs/cmake/robot_msgs__rosidl_typesupport_introspection_cExport-noconfig.cmake
[3.422s] -- Up-to-date: /home/aa/robot_controller/install/robot_msgs/share/robot_msgs/cmake/robot_msgs__rosidl_typesupport_cExport.cmake
[3.422s] -- Up-to-date: /home/aa/robot_controller/install/robot_msgs/share/robot_msgs/cmake/robot_msgs__rosidl_typesupport_cExport-noconfig.cmake
[3.422s] -- Up-to-date: /home/aa/robot_controller/install/robot_msgs/share/robot_msgs/cmake/export_robot_msgs__rosidl_generator_cppExport.cmake
[3.422s] -- Up-to-date: /home/aa/robot_controller/install/robot_msgs/share/robot_msgs/cmake/export_robot_msgs__rosidl_typesupport_fastrtps_cppExport.cmake
[3.422s] -- Up-to-date: /home/aa/robot_controller/install/robot_msgs/share/robot_msgs/cmake/export_robot_msgs__rosidl_typesupport_fastrtps_cppExport-noconfig.cmake
[3.422s] -- Up-to-date: /home/aa/robot_controller/install/robot_msgs/share/robot_msgs/cmake/robot_msgs__rosidl_typesupport_introspection_cppExport.cmake
[3.422s] -- Up-to-date: /home/aa/robot_controller/install/robot_msgs/share/robot_msgs/cmake/robot_msgs__rosidl_typesupport_introspection_cppExport-noconfig.cmake
[3.422s] -- Up-to-date: /home/aa/robot_controller/install/robot_msgs/share/robot_msgs/cmake/robot_msgs__rosidl_typesupport_cppExport.cmake
[3.423s] -- Up-to-date: /home/aa/robot_controller/install/robot_msgs/share/robot_msgs/cmake/robot_msgs__rosidl_typesupport_cppExport-noconfig.cmake
[3.423s] -- Up-to-date: /home/aa/robot_controller/install/robot_msgs/share/robot_msgs/cmake/export_robot_msgs__rosidl_generator_pyExport.cmake
[3.423s] -- Up-to-date: /home/aa/robot_controller/install/robot_msgs/share/robot_msgs/cmake/export_robot_msgs__rosidl_generator_pyExport-noconfig.cmake
[3.423s] -- Up-to-date: /home/aa/robot_controller/install/robot_msgs/share/robot_msgs/cmake/rosidl_cmake-extras.cmake
[3.423s] -- Up-to-date: /home/aa/robot_controller/install/robot_msgs/share/robot_msgs/cmake/ament_cmake_export_dependencies-extras.cmake
[3.423s] -- Up-to-date: /home/aa/robot_controller/install/robot_msgs/share/robot_msgs/cmake/ament_cmake_export_include_directories-extras.cmake
[3.423s] -- Up-to-date: /home/aa/robot_controller/install/robot_msgs/share/robot_msgs/cmake/ament_cmake_export_libraries-extras.cmake
[3.423s] -- Up-to-date: /home/aa/robot_controller/install/robot_msgs/share/robot_msgs/cmake/ament_cmake_export_targets-extras.cmake
[3.423s] -- Up-to-date: /home/aa/robot_controller/install/robot_msgs/share/robot_msgs/cmake/rosidl_cmake_export_typesupport_targets-extras.cmake
[3.423s] -- Up-to-date: /home/aa/robot_controller/install/robot_msgs/share/robot_msgs/cmake/rosidl_cmake_export_typesupport_libraries-extras.cmake
[3.423s] -- Up-to-date: /home/aa/robot_controller/install/robot_msgs/share/robot_msgs/cmake/robot_msgsConfig.cmake
[3.423s] -- Up-to-date: /home/aa/robot_controller/install/robot_msgs/share/robot_msgs/cmake/robot_msgsConfig-version.cmake
[3.423s] -- Up-to-date: /home/aa/robot_controller/install/robot_msgs/share/robot_msgs/package.xml
[3.426s] Invoked command in '/home/aa/robot_controller/build/robot_msgs' returned '0': CMAKE_PREFIX_PATH=${CMAKE_PREFIX_PATH}:/home/aa/robot_controller/install/robotarm_control_package:/opt/ros/humble /usr/bin/cmake --install /home/aa/robot_controller/build/robot_msgs
