[0.033s] Invoking command in '/home/aa/robot_controller/build/robot_msgs': CMAKE_PREFIX_PATH=/opt/ros/humble /usr/bin/cmake /home/aa/robot_controller/src/robot_msgs -DCMAKE_INSTALL_PREFIX=/home/aa/robot_controller/install/robot_msgs
[0.155s] -- The C compiler identification is GNU 11.4.0
[0.222s] -- The CXX compiler identification is GNU 11.4.0
[0.230s] -- Detecting C compiler ABI info
[0.293s] -- Detecting C compiler ABI info - done
[0.298s] -- Check for working C compiler: /usr/bin/cc - skipped
[0.298s] -- Detecting C compile features
[0.298s] -- Detecting C compile features - done
[0.301s] -- Detecting CXX compiler ABI info
[0.370s] -- Detecting CXX compiler ABI info - done
[0.375s] -- Check for working CXX compiler: /usr/bin/c++ - skipped
[0.375s] -- Detecting CXX compile features
[0.375s] -- Detecting CXX compile features - done
[0.379s] -- Found ament_cmake: 1.3.10 (/opt/ros/humble/share/ament_cmake/cmake)
[0.496s] -- Found Python3: /usr/bin/python3 (found version "3.10.12") found components: Interpreter 
[0.565s] -- Found rosidl_default_generators: 1.2.0 (/opt/ros/humble/share/rosidl_default_generators/cmake)
[0.568s] -- Using all available rosidl_typesupport_c: rosidl_typesupport_fastrtps_c;rosidl_typesupport_introspection_c
[0.573s] -- Found rosidl_adapter: 3.1.5 (/opt/ros/humble/share/rosidl_adapter/cmake)
[0.606s] -- Using all available rosidl_typesupport_cpp: rosidl_typesupport_fastrtps_cpp;rosidl_typesupport_introspection_cpp
[0.799s] [31mCMake Error at /opt/ros/humble/share/rosidl_cmake/cmake/rosidl_generate_interfaces.cmake:229 (message):
[0.799s]   Packages installing interfaces must include
[0.799s]   '<member_of_group>rosidl_interface_packages</member_of_group>' in their
[0.799s]   package.xml
[0.799s] Call Stack (most recent call first):
[0.799s]   CMakeLists.txt:16 (rosidl_generate_interfaces)
[0.799s] 
[0.799s] [0m
[0.799s] -- Configuring incomplete, errors occurred!
[0.799s] See also "/home/aa/robot_controller/build/robot_msgs/CMakeFiles/CMakeOutput.log".
[0.806s] Invoked command in '/home/aa/robot_controller/build/robot_msgs' returned '1': CMAKE_PREFIX_PATH=/opt/ros/humble /usr/bin/cmake /home/aa/robot_controller/src/robot_msgs -DCMAKE_INSTALL_PREFIX=/home/aa/robot_controller/install/robot_msgs
