[0.517s] Invoking command in '/home/aa/robot_controller/src/robotarm_control_package': PYTHONPATH=/home/aa/robot_controller/build/robotarm_control_package/prefix_override:/usr/lib/python3/dist-packages/colcon_core/task/python/colcon_distutils_commands:/home/aa/robot_controller/install/robotarm_control_package/lib/python3.10/site-packages:${PYTHONPATH} /usr/bin/python3 -W ignore:setup.py install is deprecated setup.py egg_info --egg-base ../../build/robotarm_control_package build --build-base /home/aa/robot_controller/build/robotarm_control_package/build install --record /home/aa/robot_controller/build/robotarm_control_package/install.log --single-version-externally-managed install_data
[0.701s] running egg_info
[0.702s] writing ../../build/robotarm_control_package/robotarm_control_package.egg-info/PKG-INFO
[0.702s] writing dependency_links to ../../build/robotarm_control_package/robotarm_control_package.egg-info/dependency_links.txt
[0.702s] writing entry points to ../../build/robotarm_control_package/robotarm_control_package.egg-info/entry_points.txt
[0.702s] writing requirements to ../../build/robotarm_control_package/robotarm_control_package.egg-info/requires.txt
[0.702s] writing top-level names to ../../build/robotarm_control_package/robotarm_control_package.egg-info/top_level.txt
[0.703s] reading manifest file '../../build/robotarm_control_package/robotarm_control_package.egg-info/SOURCES.txt'
[0.704s] writing manifest file '../../build/robotarm_control_package/robotarm_control_package.egg-info/SOURCES.txt'
[0.704s] running build
[0.704s] running build_py
[0.704s] copying robotarm_control_package/robotarm_publisher_node.py -> /home/aa/robot_controller/build/robotarm_control_package/build/lib/robotarm_control_package
[0.705s] running install
[0.705s] running install_lib
[0.705s] copying /home/aa/robot_controller/build/robotarm_control_package/build/lib/robotarm_control_package/robotarm_publisher_node.py -> /home/aa/robot_controller/install/robotarm_control_package/lib/python3.10/site-packages/robotarm_control_package
[0.706s] byte-compiling /home/aa/robot_controller/install/robotarm_control_package/lib/python3.10/site-packages/robotarm_control_package/robotarm_publisher_node.py to robotarm_publisher_node.cpython-310.pyc
[0.706s] running install_data
[0.706s] running install_egg_info
[0.707s] removing '/home/aa/robot_controller/install/robotarm_control_package/lib/python3.10/site-packages/robotarm_control_package-0.0.0-py3.10.egg-info' (and everything under it)
[0.708s] Copying ../../build/robotarm_control_package/robotarm_control_package.egg-info to /home/aa/robot_controller/install/robotarm_control_package/lib/python3.10/site-packages/robotarm_control_package-0.0.0-py3.10.egg-info
[0.708s] running install_scripts
[0.723s] Installing robotarm_controller_node script to /home/aa/robot_controller/install/robotarm_control_package/lib/robotarm_control_package
[0.723s] Installing robotarm_publisher_node script to /home/aa/robot_controller/install/robotarm_control_package/lib/robotarm_control_package
[0.723s] writing list of installed files to '/home/aa/robot_controller/build/robotarm_control_package/install.log'
[0.743s] Invoked command in '/home/aa/robot_controller/src/robotarm_control_package' returned '0': PYTHONPATH=/home/aa/robot_controller/build/robotarm_control_package/prefix_override:/usr/lib/python3/dist-packages/colcon_core/task/python/colcon_distutils_commands:/home/aa/robot_controller/install/robotarm_control_package/lib/python3.10/site-packages:${PYTHONPATH} /usr/bin/python3 -W ignore:setup.py install is deprecated setup.py egg_info --egg-base ../../build/robotarm_control_package build --build-base /home/aa/robot_controller/build/robotarm_control_package/build install --record /home/aa/robot_controller/build/robotarm_control_package/install.log --single-version-externally-managed install_data
