[0.081s] DEBUG:colcon:Command line arguments: ['/usr/bin/colcon', 'build']
[0.081s] DEBUG:colcon:Parsed command line arguments: Namespace(log_base=None, log_level=None, verb_name='build', build_base='build', install_base='install', merge_install=False, symlink_install=False, test_result_base=None, continue_on_error=False, executor='parallel', parallel_workers=16, event_handlers=None, ignore_user_meta=False, metas=['./colcon.meta'], base_paths=['.'], packages_ignore=None, packages_ignore_regex=None, paths=None, packages_up_to=None, packages_up_to_regex=None, packages_above=None, packages_above_and_dependencies=None, packages_above_depth=None, packages_select_by_dep=None, packages_skip_by_dep=None, packages_skip_up_to=None, packages_select_build_failed=False, packages_skip_build_finished=False, packages_select_test_failures=False, packages_skip_test_passed=False, packages_select=None, packages_skip=None, packages_select_regex=None, packages_skip_regex=None, packages_start=None, packages_end=None, allow_overriding=[], cmake_args=None, cmake_target=None, cmake_target_skip_unavailable=False, cmake_clean_cache=False, cmake_clean_first=False, cmake_force_configure=False, ament_cmake_args=None, catkin_cmake_args=None, catkin_skip_building_tests=False, mixin_files=None, mixin=None, verb_parser=<colcon_mixin.mixin.mixin_argument.MixinArgumentDecorator object at 0x799327268310>, verb_extension=<colcon_core.verb.build.BuildVerb object at 0x799327364f70>, main=<bound method BuildVerb.main of <colcon_core.verb.build.BuildVerb object at 0x799327364f70>>, mixin_verb=('build',))
[0.217s] Level 1:colcon.colcon_core.package_discovery:discover_packages(colcon_meta) check parameters
[0.217s] Level 1:colcon.colcon_core.package_discovery:discover_packages(recursive) check parameters
[0.217s] Level 1:colcon.colcon_core.package_discovery:discover_packages(ignore) check parameters
[0.217s] Level 1:colcon.colcon_core.package_discovery:discover_packages(path) check parameters
[0.217s] Level 1:colcon.colcon_core.package_discovery:discover_packages(colcon_meta) discover
[0.217s] Level 1:colcon.colcon_core.package_discovery:discover_packages(recursive) discover
[0.217s] INFO:colcon.colcon_core.package_discovery:Crawling recursively for packages in '/home/aa/robot_controller'
[0.217s] Level 1:colcon.colcon_core.package_identification:_identify(.) by extensions ['ignore', 'ignore_ament_install']
[0.217s] Level 1:colcon.colcon_core.package_identification:_identify(.) by extension 'ignore'
[0.217s] Level 1:colcon.colcon_core.package_identification:_identify(.) by extension 'ignore_ament_install'
[0.218s] Level 1:colcon.colcon_core.package_identification:_identify(.) by extensions ['colcon_pkg']
[0.218s] Level 1:colcon.colcon_core.package_identification:_identify(.) by extension 'colcon_pkg'
[0.218s] Level 1:colcon.colcon_core.package_identification:_identify(.) by extensions ['colcon_meta']
[0.218s] Level 1:colcon.colcon_core.package_identification:_identify(.) by extension 'colcon_meta'
[0.218s] Level 1:colcon.colcon_core.package_identification:_identify(.) by extensions ['ros']
[0.218s] Level 1:colcon.colcon_core.package_identification:_identify(.) by extension 'ros'
[0.226s] Level 1:colcon.colcon_core.package_identification:_identify(.) by extensions ['cmake', 'python']
[0.226s] Level 1:colcon.colcon_core.package_identification:_identify(.) by extension 'cmake'
[0.226s] Level 1:colcon.colcon_core.package_identification:_identify(.) by extension 'python'
[0.226s] Level 1:colcon.colcon_core.package_identification:_identify(.) by extensions ['python_setup_py']
[0.226s] Level 1:colcon.colcon_core.package_identification:_identify(.) by extension 'python_setup_py'
[0.226s] Level 1:colcon.colcon_core.package_identification:_identify(build) by extensions ['ignore', 'ignore_ament_install']
[0.226s] Level 1:colcon.colcon_core.package_identification:_identify(build) by extension 'ignore'
[0.226s] Level 1:colcon.colcon_core.package_identification:_identify(build) ignored
[0.226s] Level 1:colcon.colcon_core.package_identification:_identify(install) by extensions ['ignore', 'ignore_ament_install']
[0.226s] Level 1:colcon.colcon_core.package_identification:_identify(install) by extension 'ignore'
[0.226s] Level 1:colcon.colcon_core.package_identification:_identify(install) ignored
[0.226s] Level 1:colcon.colcon_core.package_identification:_identify(log) by extensions ['ignore', 'ignore_ament_install']
[0.226s] Level 1:colcon.colcon_core.package_identification:_identify(log) by extension 'ignore'
[0.226s] Level 1:colcon.colcon_core.package_identification:_identify(log) ignored
[0.226s] Level 1:colcon.colcon_core.package_identification:_identify(src) by extensions ['ignore', 'ignore_ament_install']
[0.227s] Level 1:colcon.colcon_core.package_identification:_identify(src) by extension 'ignore'
[0.227s] Level 1:colcon.colcon_core.package_identification:_identify(src) by extension 'ignore_ament_install'
[0.227s] Level 1:colcon.colcon_core.package_identification:_identify(src) by extensions ['colcon_pkg']
[0.227s] Level 1:colcon.colcon_core.package_identification:_identify(src) by extension 'colcon_pkg'
[0.227s] Level 1:colcon.colcon_core.package_identification:_identify(src) by extensions ['colcon_meta']
[0.227s] Level 1:colcon.colcon_core.package_identification:_identify(src) by extension 'colcon_meta'
[0.227s] Level 1:colcon.colcon_core.package_identification:_identify(src) by extensions ['ros']
[0.227s] Level 1:colcon.colcon_core.package_identification:_identify(src) by extension 'ros'
[0.227s] Level 1:colcon.colcon_core.package_identification:_identify(src) by extensions ['cmake', 'python']
[0.227s] Level 1:colcon.colcon_core.package_identification:_identify(src) by extension 'cmake'
[0.227s] Level 1:colcon.colcon_core.package_identification:_identify(src) by extension 'python'
[0.227s] Level 1:colcon.colcon_core.package_identification:_identify(src) by extensions ['python_setup_py']
[0.227s] Level 1:colcon.colcon_core.package_identification:_identify(src) by extension 'python_setup_py'
[0.227s] Level 1:colcon.colcon_core.package_identification:_identify(src/robot_msgs) by extensions ['ignore', 'ignore_ament_install']
[0.227s] Level 1:colcon.colcon_core.package_identification:_identify(src/robot_msgs) by extension 'ignore'
[0.227s] Level 1:colcon.colcon_core.package_identification:_identify(src/robot_msgs) by extension 'ignore_ament_install'
[0.227s] Level 1:colcon.colcon_core.package_identification:_identify(src/robot_msgs) by extensions ['colcon_pkg']
[0.227s] Level 1:colcon.colcon_core.package_identification:_identify(src/robot_msgs) by extension 'colcon_pkg'
[0.227s] Level 1:colcon.colcon_core.package_identification:_identify(src/robot_msgs) by extensions ['colcon_meta']
[0.227s] Level 1:colcon.colcon_core.package_identification:_identify(src/robot_msgs) by extension 'colcon_meta'
[0.227s] Level 1:colcon.colcon_core.package_identification:_identify(src/robot_msgs) by extensions ['ros']
[0.227s] Level 1:colcon.colcon_core.package_identification:_identify(src/robot_msgs) by extension 'ros'
[0.239s] DEBUG:colcon.colcon_core.package_identification:Package 'src/robot_msgs' with type 'ros.ament_cmake' and name 'robot_msgs'
[0.239s] Level 1:colcon.colcon_core.package_identification:_identify(src/robotarm_control_package) by extensions ['ignore', 'ignore_ament_install']
[0.239s] Level 1:colcon.colcon_core.package_identification:_identify(src/robotarm_control_package) by extension 'ignore'
[0.239s] Level 1:colcon.colcon_core.package_identification:_identify(src/robotarm_control_package) by extension 'ignore_ament_install'
[0.239s] Level 1:colcon.colcon_core.package_identification:_identify(src/robotarm_control_package) by extensions ['colcon_pkg']
[0.239s] Level 1:colcon.colcon_core.package_identification:_identify(src/robotarm_control_package) by extension 'colcon_pkg'
[0.239s] Level 1:colcon.colcon_core.package_identification:_identify(src/robotarm_control_package) by extensions ['colcon_meta']
[0.239s] Level 1:colcon.colcon_core.package_identification:_identify(src/robotarm_control_package) by extension 'colcon_meta'
[0.239s] Level 1:colcon.colcon_core.package_identification:_identify(src/robotarm_control_package) by extensions ['ros']
[0.239s] Level 1:colcon.colcon_core.package_identification:_identify(src/robotarm_control_package) by extension 'ros'
[0.240s] DEBUG:colcon.colcon_core.package_identification:Package 'src/robotarm_control_package' with type 'ros.ament_python' and name 'robotarm_control_package'
[0.240s] Level 1:colcon.colcon_core.package_discovery:discover_packages(recursive) using defaults
[0.240s] Level 1:colcon.colcon_core.package_discovery:discover_packages(ignore) discover
[0.240s] Level 1:colcon.colcon_core.package_discovery:discover_packages(ignore) using defaults
[0.240s] Level 1:colcon.colcon_core.package_discovery:discover_packages(path) discover
[0.240s] Level 1:colcon.colcon_core.package_discovery:discover_packages(path) using defaults
[0.254s] Level 1:colcon.colcon_core.package_discovery:discover_packages(prefix_path) check parameters
[0.254s] Level 1:colcon.colcon_core.package_discovery:discover_packages(prefix_path) discover
[0.255s] DEBUG:colcon.colcon_installed_package_information.package_discovery:Found 2 installed packages in /home/aa/robot_controller/install
[0.256s] DEBUG:colcon.colcon_installed_package_information.package_discovery:Found 263 installed packages in /opt/ros/humble
[0.257s] Level 1:colcon.colcon_core.package_discovery:discover_packages(prefix_path) using defaults
[0.283s] Level 5:colcon.colcon_core.verb:set package 'robot_msgs' build argument 'cmake_args' from command line to 'None'
[0.283s] Level 5:colcon.colcon_core.verb:set package 'robot_msgs' build argument 'cmake_target' from command line to 'None'
[0.283s] Level 5:colcon.colcon_core.verb:set package 'robot_msgs' build argument 'cmake_target_skip_unavailable' from command line to 'False'
[0.283s] Level 5:colcon.colcon_core.verb:set package 'robot_msgs' build argument 'cmake_clean_cache' from command line to 'False'
[0.283s] Level 5:colcon.colcon_core.verb:set package 'robot_msgs' build argument 'cmake_clean_first' from command line to 'False'
[0.283s] Level 5:colcon.colcon_core.verb:set package 'robot_msgs' build argument 'cmake_force_configure' from command line to 'False'
[0.283s] Level 5:colcon.colcon_core.verb:set package 'robot_msgs' build argument 'ament_cmake_args' from command line to 'None'
[0.283s] Level 5:colcon.colcon_core.verb:set package 'robot_msgs' build argument 'catkin_cmake_args' from command line to 'None'
[0.283s] Level 5:colcon.colcon_core.verb:set package 'robot_msgs' build argument 'catkin_skip_building_tests' from command line to 'False'
[0.283s] DEBUG:colcon.colcon_core.verb:Building package 'robot_msgs' with the following arguments: {'ament_cmake_args': None, 'build_base': '/home/aa/robot_controller/build/robot_msgs', 'catkin_cmake_args': None, 'catkin_skip_building_tests': False, 'cmake_args': None, 'cmake_clean_cache': False, 'cmake_clean_first': False, 'cmake_force_configure': False, 'cmake_target': None, 'cmake_target_skip_unavailable': False, 'install_base': '/home/aa/robot_controller/install/robot_msgs', 'merge_install': False, 'path': '/home/aa/robot_controller/src/robot_msgs', 'symlink_install': False, 'test_result_base': None}
[0.283s] Level 5:colcon.colcon_core.verb:set package 'robotarm_control_package' build argument 'cmake_args' from command line to 'None'
[0.283s] Level 5:colcon.colcon_core.verb:set package 'robotarm_control_package' build argument 'cmake_target' from command line to 'None'
[0.283s] Level 5:colcon.colcon_core.verb:set package 'robotarm_control_package' build argument 'cmake_target_skip_unavailable' from command line to 'False'
[0.283s] Level 5:colcon.colcon_core.verb:set package 'robotarm_control_package' build argument 'cmake_clean_cache' from command line to 'False'
[0.283s] Level 5:colcon.colcon_core.verb:set package 'robotarm_control_package' build argument 'cmake_clean_first' from command line to 'False'
[0.283s] Level 5:colcon.colcon_core.verb:set package 'robotarm_control_package' build argument 'cmake_force_configure' from command line to 'False'
[0.283s] Level 5:colcon.colcon_core.verb:set package 'robotarm_control_package' build argument 'ament_cmake_args' from command line to 'None'
[0.283s] Level 5:colcon.colcon_core.verb:set package 'robotarm_control_package' build argument 'catkin_cmake_args' from command line to 'None'
[0.283s] Level 5:colcon.colcon_core.verb:set package 'robotarm_control_package' build argument 'catkin_skip_building_tests' from command line to 'False'
[0.283s] DEBUG:colcon.colcon_core.verb:Building package 'robotarm_control_package' with the following arguments: {'ament_cmake_args': None, 'build_base': '/home/aa/robot_controller/build/robotarm_control_package', 'catkin_cmake_args': None, 'catkin_skip_building_tests': False, 'cmake_args': None, 'cmake_clean_cache': False, 'cmake_clean_first': False, 'cmake_force_configure': False, 'cmake_target': None, 'cmake_target_skip_unavailable': False, 'install_base': '/home/aa/robot_controller/install/robotarm_control_package', 'merge_install': False, 'path': '/home/aa/robot_controller/src/robotarm_control_package', 'symlink_install': False, 'test_result_base': None}
[0.284s] INFO:colcon.colcon_core.executor:Executing jobs using 'parallel' executor
[0.284s] DEBUG:colcon.colcon_parallel_executor.executor.parallel:run_until_complete
[0.284s] INFO:colcon.colcon_ros.task.ament_cmake.build:Building ROS package in '/home/aa/robot_controller/src/robot_msgs' with build type 'ament_cmake'
[0.285s] INFO:colcon.colcon_cmake.task.cmake.build:Building CMake package in '/home/aa/robot_controller/src/robot_msgs'
[0.286s] INFO:colcon.colcon_core.plugin_system:Skipping extension 'colcon_core.shell.bat': Not used on non-Windows systems
[0.286s] INFO:colcon.colcon_core.shell:Skip shell extension 'powershell' for command environment: Not usable outside of PowerShell
[0.286s] DEBUG:colcon.colcon_core.shell:Skip shell extension 'dsv' for command environment
[0.289s] INFO:colcon.colcon_ros.task.ament_python.build:Building ROS package in '/home/aa/robot_controller/src/robotarm_control_package' with build type 'ament_python'
[0.289s] Level 1:colcon.colcon_core.shell:create_environment_hook('robotarm_control_package', 'ament_prefix_path')
[0.289s] INFO:colcon.colcon_core.shell:Creating environment hook '/home/aa/robot_controller/install/robotarm_control_package/share/robotarm_control_package/hook/ament_prefix_path.ps1'
[0.289s] INFO:colcon.colcon_core.shell:Creating environment descriptor '/home/aa/robot_controller/install/robotarm_control_package/share/robotarm_control_package/hook/ament_prefix_path.dsv'
[0.290s] INFO:colcon.colcon_core.shell:Creating environment hook '/home/aa/robot_controller/install/robotarm_control_package/share/robotarm_control_package/hook/ament_prefix_path.sh'
[0.290s] INFO:colcon.colcon_core.shell:Skip shell extension 'powershell' for command environment: Not usable outside of PowerShell
[0.290s] DEBUG:colcon.colcon_core.shell:Skip shell extension 'dsv' for command environment
[0.296s] DEBUG:colcon.colcon_core.event_handler.log_command:Invoking command in '/home/aa/robot_controller/build/robot_msgs': CMAKE_PREFIX_PATH=${CMAKE_PREFIX_PATH}:/home/aa/robot_controller/install/robotarm_control_package:/opt/ros/humble /usr/bin/cmake --build /home/aa/robot_controller/build/robot_msgs -- -j16 -l16
[0.519s] INFO:colcon.colcon_core.task.python.build:Building Python package in '/home/aa/robot_controller/src/robotarm_control_package'
[0.520s] INFO:colcon.colcon_core.shell:Skip shell extension 'powershell' for command environment: Not usable outside of PowerShell
[0.520s] DEBUG:colcon.colcon_core.shell:Skip shell extension 'dsv' for command environment
[0.587s] DEBUG:colcon.colcon_core.event_handler.log_command:Invoked command in '/home/aa/robot_controller/build/robot_msgs' returned '0': CMAKE_PREFIX_PATH=${CMAKE_PREFIX_PATH}:/home/aa/robot_controller/install/robotarm_control_package:/opt/ros/humble /usr/bin/cmake --build /home/aa/robot_controller/build/robot_msgs -- -j16 -l16
[0.689s] DEBUG:colcon.colcon_core.event_handler.log_command:Invoking command in '/home/aa/robot_controller/build/robot_msgs': CMAKE_PREFIX_PATH=${CMAKE_PREFIX_PATH}:/home/aa/robot_controller/install/robotarm_control_package:/opt/ros/humble /usr/bin/cmake --install /home/aa/robot_controller/build/robot_msgs
[0.732s] Level 1:colcon.colcon_core.environment:create_environment_scripts_only(robot_msgs)
[0.733s] DEBUG:colcon.colcon_core.event_handler.log_command:Invoked command in '/home/aa/robot_controller/build/robot_msgs' returned '0': CMAKE_PREFIX_PATH=${CMAKE_PREFIX_PATH}:/home/aa/robot_controller/install/robotarm_control_package:/opt/ros/humble /usr/bin/cmake --install /home/aa/robot_controller/build/robot_msgs
[0.734s] Level 1:colcon.colcon_core.environment:checking '/home/aa/robot_controller/install/robot_msgs' for CMake module files
[0.735s] Level 1:colcon.colcon_core.environment:checking '/home/aa/robot_controller/install/robot_msgs' for CMake config files
[0.735s] Level 1:colcon.colcon_core.shell:create_environment_hook('robot_msgs', 'cmake_prefix_path')
[0.735s] INFO:colcon.colcon_core.shell:Creating environment hook '/home/aa/robot_controller/install/robot_msgs/share/robot_msgs/hook/cmake_prefix_path.ps1'
[0.736s] INFO:colcon.colcon_core.shell:Creating environment descriptor '/home/aa/robot_controller/install/robot_msgs/share/robot_msgs/hook/cmake_prefix_path.dsv'
[0.736s] INFO:colcon.colcon_core.shell:Creating environment hook '/home/aa/robot_controller/install/robot_msgs/share/robot_msgs/hook/cmake_prefix_path.sh'
[0.736s] Level 1:colcon.colcon_core.environment:checking '/home/aa/robot_controller/install/robot_msgs/lib'
[0.736s] Level 1:colcon.colcon_core.shell:create_environment_hook('robot_msgs', 'ld_library_path_lib')
[0.737s] INFO:colcon.colcon_core.shell:Creating environment hook '/home/aa/robot_controller/install/robot_msgs/share/robot_msgs/hook/ld_library_path_lib.ps1'
[0.737s] INFO:colcon.colcon_core.shell:Creating environment descriptor '/home/aa/robot_controller/install/robot_msgs/share/robot_msgs/hook/ld_library_path_lib.dsv'
[0.737s] INFO:colcon.colcon_core.shell:Creating environment hook '/home/aa/robot_controller/install/robot_msgs/share/robot_msgs/hook/ld_library_path_lib.sh'
[0.737s] Level 1:colcon.colcon_core.environment:checking '/home/aa/robot_controller/install/robot_msgs/bin'
[0.737s] Level 1:colcon.colcon_core.environment:checking '/home/aa/robot_controller/install/robot_msgs/lib/pkgconfig/robot_msgs.pc'
[0.737s] Level 1:colcon.colcon_core.environment:checking '/home/aa/robot_controller/install/robot_msgs/lib/python3.10/site-packages'
[0.738s] Level 1:colcon.colcon_core.environment:checking '/home/aa/robot_controller/install/robot_msgs/bin'
[0.738s] INFO:colcon.colcon_core.shell:Creating package script '/home/aa/robot_controller/install/robot_msgs/share/robot_msgs/package.ps1'
[0.738s] INFO:colcon.colcon_core.shell:Creating package descriptor '/home/aa/robot_controller/install/robot_msgs/share/robot_msgs/package.dsv'
[0.739s] INFO:colcon.colcon_core.shell:Creating package script '/home/aa/robot_controller/install/robot_msgs/share/robot_msgs/package.sh'
[0.739s] INFO:colcon.colcon_core.shell:Creating package script '/home/aa/robot_controller/install/robot_msgs/share/robot_msgs/package.bash'
[0.740s] INFO:colcon.colcon_core.shell:Creating package script '/home/aa/robot_controller/install/robot_msgs/share/robot_msgs/package.zsh'
[0.740s] Level 1:colcon.colcon_core.environment:create_file_with_runtime_dependencies(/home/aa/robot_controller/install/robot_msgs/share/colcon-core/packages/robot_msgs)
[0.805s] DEBUG:colcon.colcon_core.event_handler.log_command:Invoking command in '/home/aa/robot_controller/src/robotarm_control_package': PYTHONPATH=/home/aa/robot_controller/build/robotarm_control_package/prefix_override:/usr/lib/python3/dist-packages/colcon_core/task/python/colcon_distutils_commands:/home/aa/robot_controller/install/robotarm_control_package/lib/python3.10/site-packages:${PYTHONPATH} /usr/bin/python3 -W ignore:setup.py install is deprecated setup.py egg_info --egg-base ../../build/robotarm_control_package build --build-base /home/aa/robot_controller/build/robotarm_control_package/build install --record /home/aa/robot_controller/build/robotarm_control_package/install.log --single-version-externally-managed install_data
[0.831s] Level 1:colcon.colcon_core.environment:create_environment_scripts_only(robot_msgs)
[0.831s] Level 1:colcon.colcon_core.environment:checking '/home/aa/robot_controller/install/robot_msgs' for CMake module files
[0.831s] Level 1:colcon.colcon_core.environment:checking '/home/aa/robot_controller/install/robot_msgs' for CMake config files
[0.832s] Level 1:colcon.colcon_core.shell:create_environment_hook('robot_msgs', 'cmake_prefix_path')
[0.832s] INFO:colcon.colcon_core.shell:Creating environment hook '/home/aa/robot_controller/install/robot_msgs/share/robot_msgs/hook/cmake_prefix_path.ps1'
[0.832s] INFO:colcon.colcon_core.shell:Creating environment descriptor '/home/aa/robot_controller/install/robot_msgs/share/robot_msgs/hook/cmake_prefix_path.dsv'
[0.833s] INFO:colcon.colcon_core.shell:Creating environment hook '/home/aa/robot_controller/install/robot_msgs/share/robot_msgs/hook/cmake_prefix_path.sh'
[0.833s] Level 1:colcon.colcon_core.environment:checking '/home/aa/robot_controller/install/robot_msgs/lib'
[0.833s] Level 1:colcon.colcon_core.shell:create_environment_hook('robot_msgs', 'ld_library_path_lib')
[0.833s] INFO:colcon.colcon_core.shell:Creating environment hook '/home/aa/robot_controller/install/robot_msgs/share/robot_msgs/hook/ld_library_path_lib.ps1'
[0.833s] INFO:colcon.colcon_core.shell:Creating environment descriptor '/home/aa/robot_controller/install/robot_msgs/share/robot_msgs/hook/ld_library_path_lib.dsv'
[0.834s] INFO:colcon.colcon_core.shell:Creating environment hook '/home/aa/robot_controller/install/robot_msgs/share/robot_msgs/hook/ld_library_path_lib.sh'
[0.834s] Level 1:colcon.colcon_core.environment:checking '/home/aa/robot_controller/install/robot_msgs/bin'
[0.834s] Level 1:colcon.colcon_core.environment:checking '/home/aa/robot_controller/install/robot_msgs/lib/pkgconfig/robot_msgs.pc'
[0.834s] Level 1:colcon.colcon_core.environment:checking '/home/aa/robot_controller/install/robot_msgs/lib/python3.10/site-packages'
[0.834s] Level 1:colcon.colcon_core.environment:checking '/home/aa/robot_controller/install/robot_msgs/bin'
[0.834s] INFO:colcon.colcon_core.shell:Creating package script '/home/aa/robot_controller/install/robot_msgs/share/robot_msgs/package.ps1'
[0.835s] INFO:colcon.colcon_core.shell:Creating package descriptor '/home/aa/robot_controller/install/robot_msgs/share/robot_msgs/package.dsv'
[0.835s] INFO:colcon.colcon_core.shell:Creating package script '/home/aa/robot_controller/install/robot_msgs/share/robot_msgs/package.sh'
[0.835s] INFO:colcon.colcon_core.shell:Creating package script '/home/aa/robot_controller/install/robot_msgs/share/robot_msgs/package.bash'
[0.836s] INFO:colcon.colcon_core.shell:Creating package script '/home/aa/robot_controller/install/robot_msgs/share/robot_msgs/package.zsh'
[0.836s] Level 1:colcon.colcon_core.environment:create_file_with_runtime_dependencies(/home/aa/robot_controller/install/robot_msgs/share/colcon-core/packages/robot_msgs)
[1.033s] Level 1:colcon.colcon_core.environment:checking '/home/aa/robot_controller/install/robotarm_control_package' for CMake module files
[1.033s] DEBUG:colcon.colcon_core.event_handler.log_command:Invoked command in '/home/aa/robot_controller/src/robotarm_control_package' returned '0': PYTHONPATH=/home/aa/robot_controller/build/robotarm_control_package/prefix_override:/usr/lib/python3/dist-packages/colcon_core/task/python/colcon_distutils_commands:/home/aa/robot_controller/install/robotarm_control_package/lib/python3.10/site-packages:${PYTHONPATH} /usr/bin/python3 -W ignore:setup.py install is deprecated setup.py egg_info --egg-base ../../build/robotarm_control_package build --build-base /home/aa/robot_controller/build/robotarm_control_package/build install --record /home/aa/robot_controller/build/robotarm_control_package/install.log --single-version-externally-managed install_data
[1.034s] Level 1:colcon.colcon_core.environment:checking '/home/aa/robot_controller/install/robotarm_control_package' for CMake config files
[1.034s] Level 1:colcon.colcon_core.environment:checking '/home/aa/robot_controller/install/robotarm_control_package/lib'
[1.034s] Level 1:colcon.colcon_core.environment:checking '/home/aa/robot_controller/install/robotarm_control_package/bin'
[1.034s] Level 1:colcon.colcon_core.environment:checking '/home/aa/robot_controller/install/robotarm_control_package/lib/pkgconfig/robotarm_control_package.pc'
[1.034s] Level 1:colcon.colcon_core.environment:checking '/home/aa/robot_controller/install/robotarm_control_package/lib/python3.10/site-packages'
[1.035s] Level 1:colcon.colcon_core.shell:create_environment_hook('robotarm_control_package', 'pythonpath')
[1.035s] INFO:colcon.colcon_core.shell:Creating environment hook '/home/aa/robot_controller/install/robotarm_control_package/share/robotarm_control_package/hook/pythonpath.ps1'
[1.035s] INFO:colcon.colcon_core.shell:Creating environment descriptor '/home/aa/robot_controller/install/robotarm_control_package/share/robotarm_control_package/hook/pythonpath.dsv'
[1.035s] INFO:colcon.colcon_core.shell:Creating environment hook '/home/aa/robot_controller/install/robotarm_control_package/share/robotarm_control_package/hook/pythonpath.sh'
[1.036s] Level 1:colcon.colcon_core.environment:checking '/home/aa/robot_controller/install/robotarm_control_package/bin'
[1.036s] Level 1:colcon.colcon_core.environment:create_environment_scripts_only(robotarm_control_package)
[1.036s] INFO:colcon.colcon_core.shell:Creating package script '/home/aa/robot_controller/install/robotarm_control_package/share/robotarm_control_package/package.ps1'
[1.036s] INFO:colcon.colcon_core.shell:Creating package descriptor '/home/aa/robot_controller/install/robotarm_control_package/share/robotarm_control_package/package.dsv'
[1.037s] INFO:colcon.colcon_core.shell:Creating package script '/home/aa/robot_controller/install/robotarm_control_package/share/robotarm_control_package/package.sh'
[1.037s] INFO:colcon.colcon_core.shell:Creating package script '/home/aa/robot_controller/install/robotarm_control_package/share/robotarm_control_package/package.bash'
[1.037s] INFO:colcon.colcon_core.shell:Creating package script '/home/aa/robot_controller/install/robotarm_control_package/share/robotarm_control_package/package.zsh'
[1.037s] Level 1:colcon.colcon_core.environment:create_file_with_runtime_dependencies(/home/aa/robot_controller/install/robotarm_control_package/share/colcon-core/packages/robotarm_control_package)
[1.037s] DEBUG:colcon.colcon_parallel_executor.executor.parallel:closing loop
[1.038s] DEBUG:colcon.colcon_parallel_executor.executor.parallel:loop closed
[1.038s] DEBUG:colcon.colcon_parallel_executor.executor.parallel:run_until_complete finished with '0'
[1.038s] DEBUG:colcon.colcon_core.event_reactor:joining thread
[1.041s] INFO:colcon.colcon_core.plugin_system:Skipping extension 'colcon_notification.desktop_notification.terminal_notifier': Not used on non-Darwin systems
[1.041s] INFO:colcon.colcon_core.plugin_system:Skipping extension 'colcon_notification.desktop_notification.win32': Not used on non-Windows systems
[1.041s] INFO:colcon.colcon_notification.desktop_notification:Sending desktop notification using 'notify2'
[1.051s] DEBUG:colcon.colcon_core.event_reactor:joined thread
[1.051s] INFO:colcon.colcon_core.shell:Creating prefix script '/home/aa/robot_controller/install/local_setup.ps1'
[1.052s] INFO:colcon.colcon_core.shell:Creating prefix util module '/home/aa/robot_controller/install/_local_setup_util_ps1.py'
[1.052s] INFO:colcon.colcon_core.shell:Creating prefix chain script '/home/aa/robot_controller/install/setup.ps1'
[1.053s] INFO:colcon.colcon_core.shell:Creating prefix script '/home/aa/robot_controller/install/local_setup.sh'
[1.054s] INFO:colcon.colcon_core.shell:Creating prefix util module '/home/aa/robot_controller/install/_local_setup_util_sh.py'
[1.054s] INFO:colcon.colcon_core.shell:Creating prefix chain script '/home/aa/robot_controller/install/setup.sh'
[1.055s] INFO:colcon.colcon_core.shell:Creating prefix script '/home/aa/robot_controller/install/local_setup.bash'
[1.055s] INFO:colcon.colcon_core.shell:Creating prefix chain script '/home/aa/robot_controller/install/setup.bash'
[1.056s] INFO:colcon.colcon_core.shell:Creating prefix script '/home/aa/robot_controller/install/local_setup.zsh'
[1.056s] INFO:colcon.colcon_core.shell:Creating prefix chain script '/home/aa/robot_controller/install/setup.zsh'
