[0.011s] Invoking command in '/home/aa/robot_controller/build/robot_msgs': CMAKE_PREFIX_PATH=${CMAKE_PREFIX_PATH}:/home/aa/robot_controller/install/robotarm_control_package:/opt/ros/humble /usr/bin/cmake --build /home/aa/robot_controller/build/robot_msgs -- -j16 -l16
[0.056s] [  2%] Built target robot_msgs__cpp
[0.056s] [ 12%] Built target robot_msgs__rosidl_generator_c
[0.065s] [ 12%] Built target ament_cmake_python_copy_robot_msgs
[0.075s] [ 53%] Built target robot_msgs__rosidl_typesupport_fastrtps_cpp
[0.075s] [ 53%] Built target robot_msgs__rosidl_typesupport_introspection_cpp
[0.075s] [ 53%] Built target robot_msgs__rosidl_typesupport_c
[0.075s] [ 53%] Built target robot_msgs__rosidl_typesupport_introspection_c
[0.076s] [ 64%] Built target robot_msgs__rosidl_typesupport_cpp
[0.076s] [ 74%] Built target robot_msgs__rosidl_typesupport_fastrtps_c
[0.095s] [ 74%] Built target robot_msgs
[0.114s] [ 76%] Built target robot_msgs__py
[0.135s] [ 84%] Built target robot_msgs__rosidl_generator_py
[0.155s] [100%] Built target robot_msgs__rosidl_typesupport_fastrtps_c__pyext
[0.155s] [100%] Built target robot_msgs__rosidl_typesupport_introspection_c__pyext
[0.155s] [100%] Built target robot_msgs__rosidl_typesupport_c__pyext
[0.279s] running egg_info
[0.279s] writing robot_msgs.egg-info/PKG-INFO
[0.280s] writing dependency_links to robot_msgs.egg-info/dependency_links.txt
[0.280s] writing top-level names to robot_msgs.egg-info/top_level.txt
[0.282s] reading manifest file 'robot_msgs.egg-info/SOURCES.txt'
[0.282s] writing manifest file 'robot_msgs.egg-info/SOURCES.txt'
[0.311s] [100%] Built target ament_cmake_python_build_robot_msgs_egg
[0.322s] Invoked command in '/home/aa/robot_controller/build/robot_msgs' returned '0': CMAKE_PREFIX_PATH=${CMAKE_PREFIX_PATH}:/home/aa/robot_controller/install/robotarm_control_package:/opt/ros/humble /usr/bin/cmake --build /home/aa/robot_controller/build/robot_msgs -- -j16 -l16
[0.404s] Invoking command in '/home/aa/robot_controller/build/robot_msgs': CMAKE_PREFIX_PATH=${CMAKE_PREFIX_PATH}:/home/aa/robot_controller/install/robotarm_control_package:/opt/ros/humble /usr/bin/cmake --install /home/aa/robot_controller/build/robot_msgs
[0.411s] -- Install configuration: ""
[0.412s] -- Up-to-date: /home/aa/robot_controller/install/robot_msgs/share/ament_index/resource_index/rosidl_interfaces/robot_msgs
[0.412s] -- Up-to-date: /home/aa/robot_controller/install/robot_msgs/include/robot_msgs/robot_msgs
[0.412s] -- Up-to-date: /home/aa/robot_controller/install/robot_msgs/include/robot_msgs/robot_msgs/action
[0.412s] -- Up-to-date: /home/aa/robot_controller/install/robot_msgs/include/robot_msgs/robot_msgs/action/detail
[0.412s] -- Up-to-date: /home/aa/robot_controller/install/robot_msgs/include/robot_msgs/robot_msgs/action/detail/robot_order__functions.c
[0.412s] -- Up-to-date: /home/aa/robot_controller/install/robot_msgs/include/robot_msgs/robot_msgs/action/detail/robot_order__struct.h
[0.412s] -- Up-to-date: /home/aa/robot_controller/install/robot_msgs/include/robot_msgs/robot_msgs/action/detail/robot_order__functions.h
[0.412s] -- Up-to-date: /home/aa/robot_controller/install/robot_msgs/include/robot_msgs/robot_msgs/action/detail/robot_order__type_support.h
[0.412s] -- Up-to-date: /home/aa/robot_controller/install/robot_msgs/include/robot_msgs/robot_msgs/action/robot_order.h
[0.412s] -- Up-to-date: /home/aa/robot_controller/install/robot_msgs/include/robot_msgs/robot_msgs/msg
[0.412s] -- Up-to-date: /home/aa/robot_controller/install/robot_msgs/include/robot_msgs/robot_msgs/msg/robot_state.h
[0.412s] -- Up-to-date: /home/aa/robot_controller/install/robot_msgs/include/robot_msgs/robot_msgs/msg/detail
[0.412s] -- Up-to-date: /home/aa/robot_controller/install/robot_msgs/include/robot_msgs/robot_msgs/msg/detail/robot_state__type_support.h
[0.412s] -- Up-to-date: /home/aa/robot_controller/install/robot_msgs/include/robot_msgs/robot_msgs/msg/detail/robot_state__functions.h
[0.412s] -- Up-to-date: /home/aa/robot_controller/install/robot_msgs/include/robot_msgs/robot_msgs/msg/detail/robot_state__struct.h
[0.412s] -- Up-to-date: /home/aa/robot_controller/install/robot_msgs/include/robot_msgs/robot_msgs/msg/detail/robot_state__functions.c
[0.412s] -- Up-to-date: /home/aa/robot_controller/install/robot_msgs/include/robot_msgs/robot_msgs/msg/rosidl_generator_c__visibility_control.h
[0.412s] -- Up-to-date: /home/aa/robot_controller/install/robot_msgs/share/robot_msgs/environment/library_path.sh
[0.412s] -- Up-to-date: /home/aa/robot_controller/install/robot_msgs/share/robot_msgs/environment/library_path.dsv
[0.413s] -- Up-to-date: /home/aa/robot_controller/install/robot_msgs/lib/librobot_msgs__rosidl_generator_c.so
[0.413s] -- Up-to-date: /home/aa/robot_controller/install/robot_msgs/include/robot_msgs/robot_msgs
[0.413s] -- Up-to-date: /home/aa/robot_controller/install/robot_msgs/include/robot_msgs/robot_msgs/action
[0.413s] -- Up-to-date: /home/aa/robot_controller/install/robot_msgs/include/robot_msgs/robot_msgs/action/detail
[0.413s] -- Up-to-date: /home/aa/robot_controller/install/robot_msgs/include/robot_msgs/robot_msgs/action/detail/robot_order__rosidl_typesupport_fastrtps_c.h
[0.413s] -- Up-to-date: /home/aa/robot_controller/install/robot_msgs/include/robot_msgs/robot_msgs/msg
[0.413s] -- Up-to-date: /home/aa/robot_controller/install/robot_msgs/include/robot_msgs/robot_msgs/msg/detail
[0.413s] -- Up-to-date: /home/aa/robot_controller/install/robot_msgs/include/robot_msgs/robot_msgs/msg/detail/robot_state__rosidl_typesupport_fastrtps_c.h
[0.413s] -- Up-to-date: /home/aa/robot_controller/install/robot_msgs/include/robot_msgs/robot_msgs/msg/rosidl_typesupport_fastrtps_c__visibility_control.h
[0.413s] -- Up-to-date: /home/aa/robot_controller/install/robot_msgs/lib/librobot_msgs__rosidl_typesupport_fastrtps_c.so
[0.413s] -- Up-to-date: /home/aa/robot_controller/install/robot_msgs/include/robot_msgs/robot_msgs
[0.413s] -- Up-to-date: /home/aa/robot_controller/install/robot_msgs/include/robot_msgs/robot_msgs/action
[0.413s] -- Up-to-date: /home/aa/robot_controller/install/robot_msgs/include/robot_msgs/robot_msgs/action/detail
[0.413s] -- Up-to-date: /home/aa/robot_controller/install/robot_msgs/include/robot_msgs/robot_msgs/action/detail/robot_order__rosidl_typesupport_introspection_c.h
[0.413s] -- Up-to-date: /home/aa/robot_controller/install/robot_msgs/include/robot_msgs/robot_msgs/action/detail/robot_order__type_support.c
[0.413s] -- Up-to-date: /home/aa/robot_controller/install/robot_msgs/include/robot_msgs/robot_msgs/msg
[0.413s] -- Up-to-date: /home/aa/robot_controller/install/robot_msgs/include/robot_msgs/robot_msgs/msg/rosidl_typesupport_introspection_c__visibility_control.h
[0.413s] -- Up-to-date: /home/aa/robot_controller/install/robot_msgs/include/robot_msgs/robot_msgs/msg/detail
[0.413s] -- Up-to-date: /home/aa/robot_controller/install/robot_msgs/include/robot_msgs/robot_msgs/msg/detail/robot_state__rosidl_typesupport_introspection_c.h
[0.413s] -- Up-to-date: /home/aa/robot_controller/install/robot_msgs/include/robot_msgs/robot_msgs/msg/detail/robot_state__type_support.c
[0.413s] -- Up-to-date: /home/aa/robot_controller/install/robot_msgs/lib/librobot_msgs__rosidl_typesupport_introspection_c.so
[0.413s] -- Up-to-date: /home/aa/robot_controller/install/robot_msgs/lib/librobot_msgs__rosidl_typesupport_c.so
[0.414s] -- Up-to-date: /home/aa/robot_controller/install/robot_msgs/include/robot_msgs/robot_msgs
[0.414s] -- Up-to-date: /home/aa/robot_controller/install/robot_msgs/include/robot_msgs/robot_msgs/action
[0.414s] -- Up-to-date: /home/aa/robot_controller/install/robot_msgs/include/robot_msgs/robot_msgs/action/robot_order.hpp
[0.414s] -- Up-to-date: /home/aa/robot_controller/install/robot_msgs/include/robot_msgs/robot_msgs/action/detail
[0.414s] -- Up-to-date: /home/aa/robot_controller/install/robot_msgs/include/robot_msgs/robot_msgs/action/detail/robot_order__builder.hpp
[0.414s] -- Up-to-date: /home/aa/robot_controller/install/robot_msgs/include/robot_msgs/robot_msgs/action/detail/robot_order__traits.hpp
[0.414s] -- Up-to-date: /home/aa/robot_controller/install/robot_msgs/include/robot_msgs/robot_msgs/action/detail/robot_order__struct.hpp
[0.414s] -- Up-to-date: /home/aa/robot_controller/install/robot_msgs/include/robot_msgs/robot_msgs/msg
[0.414s] -- Up-to-date: /home/aa/robot_controller/install/robot_msgs/include/robot_msgs/robot_msgs/msg/detail
[0.414s] -- Up-to-date: /home/aa/robot_controller/install/robot_msgs/include/robot_msgs/robot_msgs/msg/detail/robot_state__builder.hpp
[0.414s] -- Up-to-date: /home/aa/robot_controller/install/robot_msgs/include/robot_msgs/robot_msgs/msg/detail/robot_state__traits.hpp
[0.414s] -- Up-to-date: /home/aa/robot_controller/install/robot_msgs/include/robot_msgs/robot_msgs/msg/detail/robot_state__struct.hpp
[0.414s] -- Up-to-date: /home/aa/robot_controller/install/robot_msgs/include/robot_msgs/robot_msgs/msg/robot_state.hpp
[0.414s] -- Up-to-date: /home/aa/robot_controller/install/robot_msgs/include/robot_msgs/robot_msgs
[0.414s] -- Up-to-date: /home/aa/robot_controller/install/robot_msgs/include/robot_msgs/robot_msgs/action
[0.414s] -- Up-to-date: /home/aa/robot_controller/install/robot_msgs/include/robot_msgs/robot_msgs/action/detail
[0.414s] -- Up-to-date: /home/aa/robot_controller/install/robot_msgs/include/robot_msgs/robot_msgs/action/detail/dds_fastrtps
[0.414s] -- Up-to-date: /home/aa/robot_controller/install/robot_msgs/include/robot_msgs/robot_msgs/action/detail/robot_order__rosidl_typesupport_fastrtps_cpp.hpp
[0.414s] -- Up-to-date: /home/aa/robot_controller/install/robot_msgs/include/robot_msgs/robot_msgs/msg
[0.414s] -- Up-to-date: /home/aa/robot_controller/install/robot_msgs/include/robot_msgs/robot_msgs/msg/detail
[0.414s] -- Up-to-date: /home/aa/robot_controller/install/robot_msgs/include/robot_msgs/robot_msgs/msg/detail/dds_fastrtps
[0.414s] -- Up-to-date: /home/aa/robot_controller/install/robot_msgs/include/robot_msgs/robot_msgs/msg/detail/robot_state__rosidl_typesupport_fastrtps_cpp.hpp
[0.414s] -- Up-to-date: /home/aa/robot_controller/install/robot_msgs/include/robot_msgs/robot_msgs/msg/rosidl_typesupport_fastrtps_cpp__visibility_control.h
[0.414s] -- Up-to-date: /home/aa/robot_controller/install/robot_msgs/lib/librobot_msgs__rosidl_typesupport_fastrtps_cpp.so
[0.414s] -- Up-to-date: /home/aa/robot_controller/install/robot_msgs/include/robot_msgs/robot_msgs
[0.414s] -- Up-to-date: /home/aa/robot_controller/install/robot_msgs/include/robot_msgs/robot_msgs/action
[0.415s] -- Up-to-date: /home/aa/robot_controller/install/robot_msgs/include/robot_msgs/robot_msgs/action/detail
[0.415s] -- Up-to-date: /home/aa/robot_controller/install/robot_msgs/include/robot_msgs/robot_msgs/action/detail/robot_order__rosidl_typesupport_introspection_cpp.hpp
[0.415s] -- Up-to-date: /home/aa/robot_controller/install/robot_msgs/include/robot_msgs/robot_msgs/action/detail/robot_order__type_support.cpp
[0.415s] -- Up-to-date: /home/aa/robot_controller/install/robot_msgs/include/robot_msgs/robot_msgs/msg
[0.415s] -- Up-to-date: /home/aa/robot_controller/install/robot_msgs/include/robot_msgs/robot_msgs/msg/detail
[0.415s] -- Up-to-date: /home/aa/robot_controller/install/robot_msgs/include/robot_msgs/robot_msgs/msg/detail/robot_state__type_support.cpp
[0.415s] -- Up-to-date: /home/aa/robot_controller/install/robot_msgs/include/robot_msgs/robot_msgs/msg/detail/robot_state__rosidl_typesupport_introspection_cpp.hpp
[0.415s] -- Up-to-date: /home/aa/robot_controller/install/robot_msgs/lib/librobot_msgs__rosidl_typesupport_introspection_cpp.so
[0.415s] -- Up-to-date: /home/aa/robot_controller/install/robot_msgs/lib/librobot_msgs__rosidl_typesupport_cpp.so
[0.415s] -- Up-to-date: /home/aa/robot_controller/install/robot_msgs/share/robot_msgs/environment/pythonpath.sh
[0.415s] -- Up-to-date: /home/aa/robot_controller/install/robot_msgs/share/robot_msgs/environment/pythonpath.dsv
[0.415s] -- Up-to-date: /home/aa/robot_controller/install/robot_msgs/local/lib/python3.10/dist-packages/robot_msgs-0.0.0-py3.10.egg-info
[0.415s] -- Installing: /home/aa/robot_controller/install/robot_msgs/local/lib/python3.10/dist-packages/robot_msgs-0.0.0-py3.10.egg-info/PKG-INFO
[0.415s] -- Installing: /home/aa/robot_controller/install/robot_msgs/local/lib/python3.10/dist-packages/robot_msgs-0.0.0-py3.10.egg-info/top_level.txt
[0.415s] -- Installing: /home/aa/robot_controller/install/robot_msgs/local/lib/python3.10/dist-packages/robot_msgs-0.0.0-py3.10.egg-info/dependency_links.txt
[0.415s] -- Installing: /home/aa/robot_controller/install/robot_msgs/local/lib/python3.10/dist-packages/robot_msgs-0.0.0-py3.10.egg-info/SOURCES.txt
[0.415s] -- Up-to-date: /home/aa/robot_controller/install/robot_msgs/local/lib/python3.10/dist-packages/robot_msgs
[0.415s] -- Up-to-date: /home/aa/robot_controller/install/robot_msgs/local/lib/python3.10/dist-packages/robot_msgs/action
[0.415s] -- Up-to-date: /home/aa/robot_controller/install/robot_msgs/local/lib/python3.10/dist-packages/robot_msgs/action/_robot_order_s.c
[0.415s] -- Up-to-date: /home/aa/robot_controller/install/robot_msgs/local/lib/python3.10/dist-packages/robot_msgs/action/__init__.py
[0.415s] -- Up-to-date: /home/aa/robot_controller/install/robot_msgs/local/lib/python3.10/dist-packages/robot_msgs/action/_robot_order.py
[0.415s] -- Up-to-date: /home/aa/robot_controller/install/robot_msgs/local/lib/python3.10/dist-packages/robot_msgs/robot_msgs_s__rosidl_typesupport_introspection_c.cpython-310-x86_64-linux-gnu.so
[0.416s] -- Up-to-date: /home/aa/robot_controller/install/robot_msgs/local/lib/python3.10/dist-packages/robot_msgs/robot_msgs_s__rosidl_typesupport_c.cpython-310-x86_64-linux-gnu.so
[0.416s] -- Up-to-date: /home/aa/robot_controller/install/robot_msgs/local/lib/python3.10/dist-packages/robot_msgs/_robot_msgs_s.ep.rosidl_typesupport_c.c
[0.416s] -- Up-to-date: /home/aa/robot_controller/install/robot_msgs/local/lib/python3.10/dist-packages/robot_msgs/robot_msgs_s__rosidl_typesupport_fastrtps_c.cpython-310-x86_64-linux-gnu.so
[0.416s] -- Up-to-date: /home/aa/robot_controller/install/robot_msgs/local/lib/python3.10/dist-packages/robot_msgs/_robot_msgs_s.ep.rosidl_typesupport_fastrtps_c.c
[0.416s] -- Up-to-date: /home/aa/robot_controller/install/robot_msgs/local/lib/python3.10/dist-packages/robot_msgs/__init__.py
[0.416s] -- Up-to-date: /home/aa/robot_controller/install/robot_msgs/local/lib/python3.10/dist-packages/robot_msgs/librobot_msgs__rosidl_generator_py.so
[0.416s] -- Up-to-date: /home/aa/robot_controller/install/robot_msgs/local/lib/python3.10/dist-packages/robot_msgs/_robot_msgs_s.ep.rosidl_typesupport_introspection_c.c
[0.416s] -- Up-to-date: /home/aa/robot_controller/install/robot_msgs/local/lib/python3.10/dist-packages/robot_msgs/msg
[0.416s] -- Up-to-date: /home/aa/robot_controller/install/robot_msgs/local/lib/python3.10/dist-packages/robot_msgs/msg/_robot_state_s.c
[0.416s] -- Up-to-date: /home/aa/robot_controller/install/robot_msgs/local/lib/python3.10/dist-packages/robot_msgs/msg/_robot_state.py
[0.416s] -- Up-to-date: /home/aa/robot_controller/install/robot_msgs/local/lib/python3.10/dist-packages/robot_msgs/msg/__init__.py
[0.440s] Listing '/home/aa/robot_controller/install/robot_msgs/local/lib/python3.10/dist-packages/robot_msgs'...
[0.440s] Listing '/home/aa/robot_controller/install/robot_msgs/local/lib/python3.10/dist-packages/robot_msgs/action'...
[0.440s] Listing '/home/aa/robot_controller/install/robot_msgs/local/lib/python3.10/dist-packages/robot_msgs/msg'...
[0.444s] -- Up-to-date: /home/aa/robot_controller/install/robot_msgs/local/lib/python3.10/dist-packages/robot_msgs/robot_msgs_s__rosidl_typesupport_fastrtps_c.cpython-310-x86_64-linux-gnu.so
[0.444s] -- Up-to-date: /home/aa/robot_controller/install/robot_msgs/local/lib/python3.10/dist-packages/robot_msgs/robot_msgs_s__rosidl_typesupport_introspection_c.cpython-310-x86_64-linux-gnu.so
[0.445s] -- Up-to-date: /home/aa/robot_controller/install/robot_msgs/local/lib/python3.10/dist-packages/robot_msgs/robot_msgs_s__rosidl_typesupport_c.cpython-310-x86_64-linux-gnu.so
[0.445s] -- Up-to-date: /home/aa/robot_controller/install/robot_msgs/lib/librobot_msgs__rosidl_generator_py.so
[0.445s] -- Up-to-date: /home/aa/robot_controller/install/robot_msgs/share/robot_msgs/action/RobotOrder.idl
[0.445s] -- Up-to-date: /home/aa/robot_controller/install/robot_msgs/share/robot_msgs/msg/RobotState.idl
[0.445s] -- Up-to-date: /home/aa/robot_controller/install/robot_msgs/share/robot_msgs/action/RobotOrder.action
[0.445s] -- Up-to-date: /home/aa/robot_controller/install/robot_msgs/share/robot_msgs/msg/RobotState.msg
[0.445s] -- Up-to-date: /home/aa/robot_controller/install/robot_msgs/share/ament_index/resource_index/package_run_dependencies/robot_msgs
[0.445s] -- Up-to-date: /home/aa/robot_controller/install/robot_msgs/share/ament_index/resource_index/parent_prefix_path/robot_msgs
[0.445s] -- Up-to-date: /home/aa/robot_controller/install/robot_msgs/share/robot_msgs/environment/ament_prefix_path.sh
[0.445s] -- Up-to-date: /home/aa/robot_controller/install/robot_msgs/share/robot_msgs/environment/ament_prefix_path.dsv
[0.445s] -- Up-to-date: /home/aa/robot_controller/install/robot_msgs/share/robot_msgs/environment/path.sh
[0.445s] -- Up-to-date: /home/aa/robot_controller/install/robot_msgs/share/robot_msgs/environment/path.dsv
[0.446s] -- Up-to-date: /home/aa/robot_controller/install/robot_msgs/share/robot_msgs/local_setup.bash
[0.446s] -- Up-to-date: /home/aa/robot_controller/install/robot_msgs/share/robot_msgs/local_setup.sh
[0.446s] -- Up-to-date: /home/aa/robot_controller/install/robot_msgs/share/robot_msgs/local_setup.zsh
[0.446s] -- Up-to-date: /home/aa/robot_controller/install/robot_msgs/share/robot_msgs/local_setup.dsv
[0.446s] -- Installing: /home/aa/robot_controller/install/robot_msgs/share/robot_msgs/package.dsv
[0.446s] -- Up-to-date: /home/aa/robot_controller/install/robot_msgs/share/ament_index/resource_index/packages/robot_msgs
[0.446s] -- Up-to-date: /home/aa/robot_controller/install/robot_msgs/share/robot_msgs/cmake/export_robot_msgs__rosidl_generator_cExport.cmake
[0.446s] -- Up-to-date: /home/aa/robot_controller/install/robot_msgs/share/robot_msgs/cmake/export_robot_msgs__rosidl_generator_cExport-noconfig.cmake
[0.446s] -- Up-to-date: /home/aa/robot_controller/install/robot_msgs/share/robot_msgs/cmake/export_robot_msgs__rosidl_typesupport_fastrtps_cExport.cmake
[0.446s] -- Up-to-date: /home/aa/robot_controller/install/robot_msgs/share/robot_msgs/cmake/export_robot_msgs__rosidl_typesupport_fastrtps_cExport-noconfig.cmake
[0.446s] -- Up-to-date: /home/aa/robot_controller/install/robot_msgs/share/robot_msgs/cmake/robot_msgs__rosidl_typesupport_introspection_cExport.cmake
[0.446s] -- Up-to-date: /home/aa/robot_controller/install/robot_msgs/share/robot_msgs/cmake/robot_msgs__rosidl_typesupport_introspection_cExport-noconfig.cmake
[0.446s] -- Up-to-date: /home/aa/robot_controller/install/robot_msgs/share/robot_msgs/cmake/robot_msgs__rosidl_typesupport_cExport.cmake
[0.446s] -- Up-to-date: /home/aa/robot_controller/install/robot_msgs/share/robot_msgs/cmake/robot_msgs__rosidl_typesupport_cExport-noconfig.cmake
[0.446s] -- Up-to-date: /home/aa/robot_controller/install/robot_msgs/share/robot_msgs/cmake/export_robot_msgs__rosidl_generator_cppExport.cmake
[0.446s] -- Up-to-date: /home/aa/robot_controller/install/robot_msgs/share/robot_msgs/cmake/export_robot_msgs__rosidl_typesupport_fastrtps_cppExport.cmake
[0.446s] -- Up-to-date: /home/aa/robot_controller/install/robot_msgs/share/robot_msgs/cmake/export_robot_msgs__rosidl_typesupport_fastrtps_cppExport-noconfig.cmake
[0.446s] -- Up-to-date: /home/aa/robot_controller/install/robot_msgs/share/robot_msgs/cmake/robot_msgs__rosidl_typesupport_introspection_cppExport.cmake
[0.446s] -- Up-to-date: /home/aa/robot_controller/install/robot_msgs/share/robot_msgs/cmake/robot_msgs__rosidl_typesupport_introspection_cppExport-noconfig.cmake
[0.446s] -- Up-to-date: /home/aa/robot_controller/install/robot_msgs/share/robot_msgs/cmake/robot_msgs__rosidl_typesupport_cppExport.cmake
[0.447s] -- Up-to-date: /home/aa/robot_controller/install/robot_msgs/share/robot_msgs/cmake/robot_msgs__rosidl_typesupport_cppExport-noconfig.cmake
[0.447s] -- Up-to-date: /home/aa/robot_controller/install/robot_msgs/share/robot_msgs/cmake/export_robot_msgs__rosidl_generator_pyExport.cmake
[0.447s] -- Up-to-date: /home/aa/robot_controller/install/robot_msgs/share/robot_msgs/cmake/export_robot_msgs__rosidl_generator_pyExport-noconfig.cmake
[0.447s] -- Up-to-date: /home/aa/robot_controller/install/robot_msgs/share/robot_msgs/cmake/rosidl_cmake-extras.cmake
[0.447s] -- Up-to-date: /home/aa/robot_controller/install/robot_msgs/share/robot_msgs/cmake/ament_cmake_export_dependencies-extras.cmake
[0.447s] -- Up-to-date: /home/aa/robot_controller/install/robot_msgs/share/robot_msgs/cmake/ament_cmake_export_include_directories-extras.cmake
[0.447s] -- Up-to-date: /home/aa/robot_controller/install/robot_msgs/share/robot_msgs/cmake/ament_cmake_export_libraries-extras.cmake
[0.447s] -- Up-to-date: /home/aa/robot_controller/install/robot_msgs/share/robot_msgs/cmake/ament_cmake_export_targets-extras.cmake
[0.447s] -- Up-to-date: /home/aa/robot_controller/install/robot_msgs/share/robot_msgs/cmake/rosidl_cmake_export_typesupport_targets-extras.cmake
[0.447s] -- Up-to-date: /home/aa/robot_controller/install/robot_msgs/share/robot_msgs/cmake/rosidl_cmake_export_typesupport_libraries-extras.cmake
[0.447s] -- Up-to-date: /home/aa/robot_controller/install/robot_msgs/share/robot_msgs/cmake/robot_msgsConfig.cmake
[0.447s] -- Up-to-date: /home/aa/robot_controller/install/robot_msgs/share/robot_msgs/cmake/robot_msgsConfig-version.cmake
[0.447s] -- Up-to-date: /home/aa/robot_controller/install/robot_msgs/share/robot_msgs/package.xml
[0.449s] Invoked command in '/home/aa/robot_controller/build/robot_msgs' returned '0': CMAKE_PREFIX_PATH=${CMAKE_PREFIX_PATH}:/home/aa/robot_controller/install/robotarm_control_package:/opt/ros/humble /usr/bin/cmake --install /home/aa/robot_controller/build/robot_msgs
