In file included from [01m[K/home/aa/robot_controller/build/robot_msgs/rosidl_generator_c/robot_msgs/action/detail/robot_order__functions.h:19[m[K,
                 from [01m[K/home/aa/robot_controller/build/robot_msgs/rosidl_generator_c/robot_msgs/action/detail/robot_order__functions.c:4[m[K:
[01m[K/home/aa/robot_controller/build/robot_msgs/rosidl_generator_c/robot_msgs/action/detail/robot_order__struct.h:25:10:[m[K [01;31m[Kfatal error: [m[Krobot_msgs/msg/detail/int32__struct.h: No such file or directory
   25 | #include [01;31m[K"robot_msgs/msg/detail/int32__struct.h"[m[K
      |          [01;31m[K^~~~~~~~~~~~~~~~~~~~~~~~~~~~~~~~~~~~~~~[m[K
compilation terminated.
gmake[2]: *** [CMakeFiles/robot_msgs__rosidl_generator_c.dir/build.make:112: CMakeFiles/robot_msgs__rosidl_generator_c.dir/rosidl_generator_c/robot_msgs/action/detail/robot_order__functions.c.o] Error 1
gmake[1]: *** [CMakeFiles/Makefile2:213: CMakeFiles/robot_msgs__rosidl_generator_c.dir/all] Error 2
gmake[1]: *** Waiting for unfinished jobs....
In file included from [01m[K/home/aa/robot_controller/build/robot_msgs/rosidl_typesupport_cpp/robot_msgs/action/robot_order__type_support.cpp:7[m[K:
[01m[K/home/aa/robot_controller/build/robot_msgs/rosidl_generator_cpp/robot_msgs/action/detail/robot_order__struct.hpp:21:10:[m[K [01;31m[Kfatal error: [m[Krobot_msgs/msg/detail/int32__struct.hpp: No such file or directory
   21 | #include [01;31m[K"robot_msgs/msg/detail/int32__struct.hpp"[m[K
      |          [01;31m[K^~~~~~~~~~~~~~~~~~~~~~~~~~~~~~~~~~~~~~~~~[m[K
compilation terminated.
gmake[2]: *** [CMakeFiles/robot_msgs__rosidl_typesupport_cpp.dir/build.make:93: CMakeFiles/robot_msgs__rosidl_typesupport_cpp.dir/rosidl_typesupport_cpp/robot_msgs/action/robot_order__type_support.cpp.o] Error 1
gmake[1]: *** [CMakeFiles/Makefile2:395: CMakeFiles/robot_msgs__rosidl_typesupport_cpp.dir/all] Error 2
In file included from [01m[K/home/aa/robot_controller/build/robot_msgs/rosidl_typesupport_introspection_cpp/robot_msgs/action/detail/robot_order__type_support.cpp:12[m[K:
[01m[K/home/aa/robot_controller/build/robot_msgs/rosidl_generator_cpp/robot_msgs/action/detail/robot_order__struct.hpp:21:10:[m[K [01;31m[Kfatal error: [m[Krobot_msgs/msg/detail/int32__struct.hpp: No such file or directory
   21 | #include [01;31m[K"robot_msgs/msg/detail/int32__struct.hpp"[m[K
      |          [01;31m[K^~~~~~~~~~~~~~~~~~~~~~~~~~~~~~~~~~~~~~~~~[m[K
compilation terminated.
gmake[2]: *** [CMakeFiles/robot_msgs__rosidl_typesupport_introspection_cpp.dir/build.make:98: CMakeFiles/robot_msgs__rosidl_typesupport_introspection_cpp.dir/rosidl_typesupport_introspection_cpp/robot_msgs/action/detail/robot_order__type_support.cpp.o] Error 1
gmake[1]: *** [CMakeFiles/Makefile2:369: CMakeFiles/robot_msgs__rosidl_typesupport_introspection_cpp.dir/all] Error 2
In file included from [01m[K/home/aa/robot_controller/build/robot_msgs/rosidl_typesupport_fastrtps_cpp/robot_msgs/action/detail/robot_order__rosidl_typesupport_fastrtps_cpp.hpp:11[m[K,
                 from [01m[K/home/aa/robot_controller/build/robot_msgs/rosidl_typesupport_fastrtps_cpp/robot_msgs/action/detail/dds_fastrtps/robot_order__type_support.cpp:4[m[K:
[01m[K/home/aa/robot_controller/build/robot_msgs/rosidl_generator_cpp/robot_msgs/action/detail/robot_order__struct.hpp:21:10:[m[K [01;31m[Kfatal error: [m[Krobot_msgs/msg/detail/int32__struct.hpp: No such file or directory
   21 | #include [01;31m[K"robot_msgs/msg/detail/int32__struct.hpp"[m[K
      |          [01;31m[K^~~~~~~~~~~~~~~~~~~~~~~~~~~~~~~~~~~~~~~~~[m[K
compilation terminated.
gmake[2]: *** [CMakeFiles/robot_msgs__rosidl_typesupport_fastrtps_cpp.dir/build.make:98: CMakeFiles/robot_msgs__rosidl_typesupport_fastrtps_cpp.dir/rosidl_typesupport_fastrtps_cpp/robot_msgs/action/detail/dds_fastrtps/robot_order__type_support.cpp.o] Error 1
gmake[1]: *** [CMakeFiles/Makefile2:343: CMakeFiles/robot_msgs__rosidl_typesupport_fastrtps_cpp.dir/all] Error 2
gmake: *** [Makefile:146: all] Error 2
