-- Found ament_cmake: 1.3.10 (/opt/ros/humble/share/ament_cmake/cmake)
-- Found rosidl_default_generators: 1.2.0 (/opt/ros/humble/share/rosidl_default_generators/cmake)
-- Using all available rosidl_typesupport_c: rosidl_typesupport_fastrtps_c;rosidl_typesupport_introspection_c
-- Found rosidl_adapter: 3.1.5 (/opt/ros/humble/share/rosidl_adapter/cmake)
-- Using all available rosidl_typesupport_cpp: rosidl_typesupport_fastrtps_cpp;rosidl_typesupport_introspection_cpp
-- Found ament_cmake_ros: 0.10.0 (/opt/ros/humble/share/ament_cmake_ros/cmake)
-- Using all available rosidl_typesupport_c: rosidl_typesupport_fastrtps_c;rosidl_typesupport_introspection_c
-- Using all available rosidl_typesupport_cpp: rosidl_typesupport_fastrtps_cpp;rosidl_typesupport_introspection_cpp
-- Found python_cmake_module: 0.10.0 (/opt/ros/humble/share/python_cmake_module/cmake)
-- Using PYTHON_EXECUTABLE: /usr/bin/python3
-- Using PYTHON_INCLUDE_DIRS: /usr/include/python3.10
-- Using PYTHON_LIBRARIES: /usr/lib/x86_64-linux-gnu/libpython3.10.so
-- Found ament_lint_auto: 0.12.11 (/opt/ros/humble/share/ament_lint_auto/cmake)
-- Added test 'lint_cmake' to check CMake code style
-- Added test 'xmllint' to check XML markup files
-- Configuring done
-- Generating done
-- Build files have been written to: /home/aa/robot_controller/build/robot_msgs
[  3%] [34m[1mGenerating C code for ROS interfaces[0m
[  6%] [34m[1mGenerating C++ code for ROS interfaces[0m
[  6%] Built target ament_cmake_python_copy_robot_msgs
running egg_info
writing robot_msgs.egg-info/PKG-INFO
writing dependency_links to robot_msgs.egg-info/dependency_links.txt
writing top-level names to robot_msgs.egg-info/top_level.txt
reading manifest file 'robot_msgs.egg-info/SOURCES.txt'
writing manifest file 'robot_msgs.egg-info/SOURCES.txt'
[  6%] Built target ament_cmake_python_build_robot_msgs_egg
[35m[1mConsolidate compiler generated dependencies of target robot_msgs__rosidl_generator_c[0m
[  9%] [32mBuilding C object CMakeFiles/robot_msgs__rosidl_generator_c.dir/rosidl_generator_c/robot_msgs/action/detail/robot_order__functions.c.o[0m
[  9%] Built target robot_msgs__cpp
[ 16%] [34m[1mGenerating C++ type support for eProsima Fast-RTPS[0m
[ 16%] [34m[1mGenerating C++ type support dispatch for ROS interfaces[0m
[ 19%] [34m[1mGenerating C++ introspection for ROS interfaces[0m
In file included from [01m[K/home/aa/robot_controller/build/robot_msgs/rosidl_generator_c/robot_msgs/action/detail/robot_order__functions.h:19[m[K,
                 from [01m[K/home/aa/robot_controller/build/robot_msgs/rosidl_generator_c/robot_msgs/action/detail/robot_order__functions.c:4[m[K:
[01m[K/home/aa/robot_controller/build/robot_msgs/rosidl_generator_c/robot_msgs/action/detail/robot_order__struct.h:25:10:[m[K [01;31m[Kfatal error: [m[Krobot_msgs/msg/detail/int32__struct.h: No such file or directory
   25 | #include [01;31m[K"robot_msgs/msg/detail/int32__struct.h"[m[K
      |          [01;31m[K^~~~~~~~~~~~~~~~~~~~~~~~~~~~~~~~~~~~~~~[m[K
compilation terminated.
gmake[2]: *** [CMakeFiles/robot_msgs__rosidl_generator_c.dir/build.make:112: CMakeFiles/robot_msgs__rosidl_generator_c.dir/rosidl_generator_c/robot_msgs/action/detail/robot_order__functions.c.o] Error 1
gmake[1]: *** [CMakeFiles/Makefile2:213: CMakeFiles/robot_msgs__rosidl_generator_c.dir/all] Error 2
gmake[1]: *** Waiting for unfinished jobs....
[35m[1mConsolidate compiler generated dependencies of target robot_msgs__rosidl_typesupport_cpp[0m
[ 22%] [32mBuilding CXX object CMakeFiles/robot_msgs__rosidl_typesupport_cpp.dir/rosidl_typesupport_cpp/robot_msgs/action/robot_order__type_support.cpp.o[0m
[35m[1mConsolidate compiler generated dependencies of target robot_msgs__rosidl_typesupport_introspection_cpp[0m
[ 25%] [32mBuilding CXX object CMakeFiles/robot_msgs__rosidl_typesupport_introspection_cpp.dir/rosidl_typesupport_introspection_cpp/robot_msgs/action/detail/robot_order__type_support.cpp.o[0m
[35m[1mConsolidate compiler generated dependencies of target robot_msgs__rosidl_typesupport_fastrtps_cpp[0m
In file included from [01m[K/home/aa/robot_controller/build/robot_msgs/rosidl_typesupport_cpp/robot_msgs/action/robot_order__type_support.cpp:7[m[K:
[01m[K/home/aa/robot_controller/build/robot_msgs/rosidl_generator_cpp/robot_msgs/action/detail/robot_order__struct.hpp:21:10:[m[K [01;31m[Kfatal error: [m[Krobot_msgs/msg/detail/int32__struct.hpp: No such file or directory
   21 | #include [01;31m[K"robot_msgs/msg/detail/int32__struct.hpp"[m[K
      |          [01;31m[K^~~~~~~~~~~~~~~~~~~~~~~~~~~~~~~~~~~~~~~~~[m[K
compilation terminated.
gmake[2]: *** [CMakeFiles/robot_msgs__rosidl_typesupport_cpp.dir/build.make:93: CMakeFiles/robot_msgs__rosidl_typesupport_cpp.dir/rosidl_typesupport_cpp/robot_msgs/action/robot_order__type_support.cpp.o] Error 1
gmake[1]: *** [CMakeFiles/Makefile2:395: CMakeFiles/robot_msgs__rosidl_typesupport_cpp.dir/all] Error 2
[ 29%] [32mBuilding CXX object CMakeFiles/robot_msgs__rosidl_typesupport_fastrtps_cpp.dir/rosidl_typesupport_fastrtps_cpp/robot_msgs/action/detail/dds_fastrtps/robot_order__type_support.cpp.o[0m
In file included from [01m[K/home/aa/robot_controller/build/robot_msgs/rosidl_typesupport_introspection_cpp/robot_msgs/action/detail/robot_order__type_support.cpp:12[m[K:
[01m[K/home/aa/robot_controller/build/robot_msgs/rosidl_generator_cpp/robot_msgs/action/detail/robot_order__struct.hpp:21:10:[m[K [01;31m[Kfatal error: [m[Krobot_msgs/msg/detail/int32__struct.hpp: No such file or directory
   21 | #include [01;31m[K"robot_msgs/msg/detail/int32__struct.hpp"[m[K
      |          [01;31m[K^~~~~~~~~~~~~~~~~~~~~~~~~~~~~~~~~~~~~~~~~[m[K
compilation terminated.
gmake[2]: *** [CMakeFiles/robot_msgs__rosidl_typesupport_introspection_cpp.dir/build.make:98: CMakeFiles/robot_msgs__rosidl_typesupport_introspection_cpp.dir/rosidl_typesupport_introspection_cpp/robot_msgs/action/detail/robot_order__type_support.cpp.o] Error 1
gmake[1]: *** [CMakeFiles/Makefile2:369: CMakeFiles/robot_msgs__rosidl_typesupport_introspection_cpp.dir/all] Error 2
In file included from [01m[K/home/aa/robot_controller/build/robot_msgs/rosidl_typesupport_fastrtps_cpp/robot_msgs/action/detail/robot_order__rosidl_typesupport_fastrtps_cpp.hpp:11[m[K,
                 from [01m[K/home/aa/robot_controller/build/robot_msgs/rosidl_typesupport_fastrtps_cpp/robot_msgs/action/detail/dds_fastrtps/robot_order__type_support.cpp:4[m[K:
[01m[K/home/aa/robot_controller/build/robot_msgs/rosidl_generator_cpp/robot_msgs/action/detail/robot_order__struct.hpp:21:10:[m[K [01;31m[Kfatal error: [m[Krobot_msgs/msg/detail/int32__struct.hpp: No such file or directory
   21 | #include [01;31m[K"robot_msgs/msg/detail/int32__struct.hpp"[m[K
      |          [01;31m[K^~~~~~~~~~~~~~~~~~~~~~~~~~~~~~~~~~~~~~~~~[m[K
compilation terminated.
gmake[2]: *** [CMakeFiles/robot_msgs__rosidl_typesupport_fastrtps_cpp.dir/build.make:98: CMakeFiles/robot_msgs__rosidl_typesupport_fastrtps_cpp.dir/rosidl_typesupport_fastrtps_cpp/robot_msgs/action/detail/dds_fastrtps/robot_order__type_support.cpp.o] Error 1
gmake[1]: *** [CMakeFiles/Makefile2:343: CMakeFiles/robot_msgs__rosidl_typesupport_fastrtps_cpp.dir/all] Error 2
gmake: *** [Makefile:146: all] Error 2
