running egg_info
creating ../../build/robotarm_control_package/robotarm_control_package.egg-info
writing ../../build/robotarm_control_package/robotarm_control_package.egg-info/PKG-INFO
writing dependency_links to ../../build/robotarm_control_package/robotarm_control_package.egg-info/dependency_links.txt
writing entry points to ../../build/robotarm_control_package/robotarm_control_package.egg-info/entry_points.txt
writing requirements to ../../build/robotarm_control_package/robotarm_control_package.egg-info/requires.txt
writing top-level names to ../../build/robotarm_control_package/robotarm_control_package.egg-info/top_level.txt
writing manifest file '../../build/robotarm_control_package/robotarm_control_package.egg-info/SOURCES.txt'
reading manifest file '../../build/robotarm_control_package/robotarm_control_package.egg-info/SOURCES.txt'
writing manifest file '../../build/robotarm_control_package/robotarm_control_package.egg-info/SOURCES.txt'
running build
running build_py
creating /home/aa/robot_controller/build/robotarm_control_package/build
creating /home/aa/robot_controller/build/robotarm_control_package/build/lib
creating /home/aa/robot_controller/build/robotarm_control_package/build/lib/robotarm_control_package
copying robotarm_control_package/robotarm_controller_node.py -> /home/aa/robot_controller/build/robotarm_control_package/build/lib/robotarm_control_package
copying robotarm_control_package/__init__.py -> /home/aa/robot_controller/build/robotarm_control_package/build/lib/robotarm_control_package
running install
running install_lib
creating /home/aa/robot_controller/install/robotarm_control_package/lib/python3.10/site-packages/robotarm_control_package
copying /home/aa/robot_controller/build/robotarm_control_package/build/lib/robotarm_control_package/robotarm_controller_node.py -> /home/aa/robot_controller/install/robotarm_control_package/lib/python3.10/site-packages/robotarm_control_package
copying /home/aa/robot_controller/build/robotarm_control_package/build/lib/robotarm_control_package/__init__.py -> /home/aa/robot_controller/install/robotarm_control_package/lib/python3.10/site-packages/robotarm_control_package
byte-compiling /home/aa/robot_controller/install/robotarm_control_package/lib/python3.10/site-packages/robotarm_control_package/robotarm_controller_node.py to robotarm_controller_node.cpython-310.pyc
byte-compiling /home/aa/robot_controller/install/robotarm_control_package/lib/python3.10/site-packages/robotarm_control_package/__init__.py to __init__.cpython-310.pyc
running install_data
creating /home/aa/robot_controller/install/robotarm_control_package/share/ament_index
creating /home/aa/robot_controller/install/robotarm_control_package/share/ament_index/resource_index
creating /home/aa/robot_controller/install/robotarm_control_package/share/ament_index/resource_index/packages
copying resource/robotarm_control_package -> /home/aa/robot_controller/install/robotarm_control_package/share/ament_index/resource_index/packages
copying package.xml -> /home/aa/robot_controller/install/robotarm_control_package/share/robotarm_control_package
running install_egg_info
Copying ../../build/robotarm_control_package/robotarm_control_package.egg-info to /home/aa/robot_controller/install/robotarm_control_package/lib/python3.10/site-packages/robotarm_control_package-0.0.0-py3.10.egg-info
running install_scripts
Installing robotarm_controller_node script to /home/aa/robot_controller/install/robotarm_control_package/lib/robotarm_control_package
writing list of installed files to '/home/aa/robot_controller/build/robotarm_control_package/install.log'
