-- Found ament_cmake: 1.3.10 (/opt/ros/humble/share/ament_cmake/cmake)
-- Found rosidl_default_generators: 1.2.0 (/opt/ros/humble/share/rosidl_default_generators/cmake)
-- Using all available rosidl_typesupport_c: rosidl_typesupport_fastrtps_c;rosidl_typesupport_introspection_c
-- Found rosidl_adapter: 3.1.5 (/opt/ros/humble/share/rosidl_adapter/cmake)
-- Using all available rosidl_typesupport_cpp: rosidl_typesupport_fastrtps_cpp;rosidl_typesupport_introspection_cpp
-- Found ament_cmake_ros: 0.10.0 (/opt/ros/humble/share/ament_cmake_ros/cmake)
-- Using all available rosidl_typesupport_c: rosidl_typesupport_fastrtps_c;rosidl_typesupport_introspection_c
-- Using all available rosidl_typesupport_cpp: rosidl_typesupport_fastrtps_cpp;rosidl_typesupport_introspection_cpp
-- Found python_cmake_module: 0.10.0 (/opt/ros/humble/share/python_cmake_module/cmake)
-- Using PYTHON_EXECUTABLE: /usr/bin/python3
-- Using PYTHON_INCLUDE_DIRS: /usr/include/python3.10
-- Using PYTHON_LIBRARIES: /usr/lib/x86_64-linux-gnu/libpython3.10.so
-- Found ament_lint_auto: 0.12.11 (/opt/ros/humble/share/ament_lint_auto/cmake)
-- Added test 'lint_cmake' to check CMake code style
-- Added test 'xmllint' to check XML markup files
-- Configuring done
-- Generating done
-- Build files have been written to: /home/aa/robot_controller/build/robot_msgs
[  2%] [34m[1mGenerating C code for ROS interfaces[0m
[  5%] [34m[1mGenerating C++ code for ROS interfaces[0m
[  5%] Built target ament_cmake_python_copy_robot_msgs
running egg_info
writing robot_msgs.egg-info/PKG-INFO
writing dependency_links to robot_msgs.egg-info/dependency_links.txt
writing top-level names to robot_msgs.egg-info/top_level.txt
reading manifest file 'robot_msgs.egg-info/SOURCES.txt'
writing manifest file 'robot_msgs.egg-info/SOURCES.txt'
[  5%] Built target ament_cmake_python_build_robot_msgs_egg
[  5%] Built target robot_msgs__cpp
[ 12%] [34m[1mGenerating C++ type support for eProsima Fast-RTPS[0m
[ 12%] [34m[1mGenerating C++ type support dispatch for ROS interfaces[0m
[ 12%] [34m[1mGenerating C++ introspection for ROS interfaces[0m
[35m[1mConsolidate compiler generated dependencies of target robot_msgs__rosidl_generator_c[0m
[ 15%] [32mBuilding C object CMakeFiles/robot_msgs__rosidl_generator_c.dir/rosidl_generator_c/robot_msgs/msg/detail/robot_state__functions.c.o[0m
[ 17%] [32mBuilding C object CMakeFiles/robot_msgs__rosidl_generator_c.dir/rosidl_generator_c/robot_msgs/action/detail/robot_order__functions.c.o[0m
[ 20%] [32m[1mLinking C shared library librobot_msgs__rosidl_generator_c.so[0m
[ 20%] Built target robot_msgs__rosidl_generator_c
[ 28%] [34m[1mGenerating C type support dispatch for ROS interfaces[0m
[ 28%] [34m[1mGenerating C type support for eProsima Fast-RTPS[0m
[ 28%] [34m[1mGenerating C introspection for ROS interfaces[0m
[35m[1mConsolidate compiler generated dependencies of target robot_msgs__rosidl_typesupport_cpp[0m
[ 33%] [32mBuilding CXX object CMakeFiles/robot_msgs__rosidl_typesupport_cpp.dir/rosidl_typesupport_cpp/robot_msgs/action/robot_order__type_support.cpp.o[0m
[ 33%] [32mBuilding CXX object CMakeFiles/robot_msgs__rosidl_typesupport_cpp.dir/rosidl_typesupport_cpp/robot_msgs/msg/robot_state__type_support.cpp.o[0m
[35m[1mConsolidate compiler generated dependencies of target robot_msgs__rosidl_typesupport_introspection_cpp[0m
[ 38%] [32mBuilding CXX object CMakeFiles/robot_msgs__rosidl_typesupport_introspection_cpp.dir/rosidl_typesupport_introspection_cpp/robot_msgs/action/detail/robot_order__type_support.cpp.o[0m
[ 38%] [32mBuilding CXX object CMakeFiles/robot_msgs__rosidl_typesupport_introspection_cpp.dir/rosidl_typesupport_introspection_cpp/robot_msgs/msg/detail/robot_state__type_support.cpp.o[0m
[35m[1mConsolidate compiler generated dependencies of target robot_msgs__rosidl_typesupport_fastrtps_cpp[0m
[ 41%] [32mBuilding CXX object CMakeFiles/robot_msgs__rosidl_typesupport_fastrtps_cpp.dir/rosidl_typesupport_fastrtps_cpp/robot_msgs/action/detail/dds_fastrtps/robot_order__type_support.cpp.o[0m
[ 43%] [32mBuilding CXX object CMakeFiles/robot_msgs__rosidl_typesupport_fastrtps_cpp.dir/rosidl_typesupport_fastrtps_cpp/robot_msgs/msg/detail/dds_fastrtps/robot_state__type_support.cpp.o[0m
[35m[1mConsolidate compiler generated dependencies of target robot_msgs__rosidl_typesupport_c[0m
[ 46%] [32mBuilding CXX object CMakeFiles/robot_msgs__rosidl_typesupport_c.dir/rosidl_typesupport_c/robot_msgs/msg/robot_state__type_support.cpp.o[0m
[ 48%] [32mBuilding CXX object CMakeFiles/robot_msgs__rosidl_typesupport_c.dir/rosidl_typesupport_c/robot_msgs/action/robot_order__type_support.cpp.o[0m
[35m[1mConsolidate compiler generated dependencies of target robot_msgs__rosidl_typesupport_introspection_c[0m
[ 51%] [32m[1mLinking CXX shared library librobot_msgs__rosidl_typesupport_c.so[0m
[ 53%] [32mBuilding C object CMakeFiles/robot_msgs__rosidl_typesupport_introspection_c.dir/rosidl_typesupport_introspection_c/robot_msgs/msg/detail/robot_state__type_support.c.o[0m
[ 56%] [32mBuilding C object CMakeFiles/robot_msgs__rosidl_typesupport_introspection_c.dir/rosidl_typesupport_introspection_c/robot_msgs/action/detail/robot_order__type_support.c.o[0m
[35m[1mConsolidate compiler generated dependencies of target robot_msgs__rosidl_typesupport_fastrtps_c[0m
[ 58%] [32mBuilding CXX object CMakeFiles/robot_msgs__rosidl_typesupport_fastrtps_c.dir/rosidl_typesupport_fastrtps_c/robot_msgs/msg/detail/robot_state__type_support_c.cpp.o[0m
[ 61%] [32mBuilding CXX object CMakeFiles/robot_msgs__rosidl_typesupport_fastrtps_c.dir/rosidl_typesupport_fastrtps_c/robot_msgs/action/detail/robot_order__type_support_c.cpp.o[0m
[ 61%] Built target robot_msgs__rosidl_typesupport_c
[ 64%] [32m[1mLinking C shared library librobot_msgs__rosidl_typesupport_introspection_c.so[0m
[ 64%] Built target robot_msgs__rosidl_typesupport_introspection_c
[ 66%] [32m[1mLinking CXX shared library librobot_msgs__rosidl_typesupport_cpp.so[0m
[ 66%] Built target robot_msgs__rosidl_typesupport_cpp
[ 69%] [32m[1mLinking CXX shared library librobot_msgs__rosidl_typesupport_introspection_cpp.so[0m
[ 71%] [32m[1mLinking CXX shared library librobot_msgs__rosidl_typesupport_fastrtps_cpp.so[0m
[ 74%] [32m[1mLinking CXX shared library librobot_msgs__rosidl_typesupport_fastrtps_c.so[0m
[ 74%] Built target robot_msgs__rosidl_typesupport_introspection_cpp
[ 74%] Built target robot_msgs__rosidl_typesupport_fastrtps_cpp
[ 74%] Built target robot_msgs__rosidl_typesupport_fastrtps_c
[ 74%] Built target robot_msgs
[ 76%] [34m[1mGenerating Python code for ROS interfaces[0m
[ 76%] Built target robot_msgs__py
[35m[1mConsolidate compiler generated dependencies of target robot_msgs__rosidl_generator_py[0m
[ 79%] [32mBuilding C object CMakeFiles/robot_msgs__rosidl_generator_py.dir/rosidl_generator_py/robot_msgs/msg/_robot_state_s.c.o[0m
[ 82%] [32mBuilding C object CMakeFiles/robot_msgs__rosidl_generator_py.dir/rosidl_generator_py/robot_msgs/action/_robot_order_s.c.o[0m
[ 84%] [32m[1mLinking C shared library rosidl_generator_py/robot_msgs/librobot_msgs__rosidl_generator_py.so[0m
[ 84%] Built target robot_msgs__rosidl_generator_py
[35m[1mConsolidate compiler generated dependencies of target robot_msgs__rosidl_typesupport_fastrtps_c__pyext[0m
[35m[1mConsolidate compiler generated dependencies of target robot_msgs__rosidl_typesupport_introspection_c__pyext[0m
[35m[1mConsolidate compiler generated dependencies of target robot_msgs__rosidl_typesupport_c__pyext[0m
[ 92%] [32mBuilding C object CMakeFiles/robot_msgs__rosidl_typesupport_introspection_c__pyext.dir/rosidl_generator_py/robot_msgs/_robot_msgs_s.ep.rosidl_typesupport_introspection_c.c.o[0m
[ 92%] [32mBuilding C object CMakeFiles/robot_msgs__rosidl_typesupport_fastrtps_c__pyext.dir/rosidl_generator_py/robot_msgs/_robot_msgs_s.ep.rosidl_typesupport_fastrtps_c.c.o[0m
[ 92%] [32mBuilding C object CMakeFiles/robot_msgs__rosidl_typesupport_c__pyext.dir/rosidl_generator_py/robot_msgs/_robot_msgs_s.ep.rosidl_typesupport_c.c.o[0m
[ 94%] [32m[1mLinking C shared library rosidl_generator_py/robot_msgs/robot_msgs_s__rosidl_typesupport_c.cpython-310-x86_64-linux-gnu.so[0m
[100%] [32m[1mLinking C shared library rosidl_generator_py/robot_msgs/robot_msgs_s__rosidl_typesupport_introspection_c.cpython-310-x86_64-linux-gnu.so[0m
[100%] [32m[1mLinking C shared library rosidl_generator_py/robot_msgs/robot_msgs_s__rosidl_typesupport_fastrtps_c.cpython-310-x86_64-linux-gnu.so[0m
[100%] Built target robot_msgs__rosidl_typesupport_c__pyext
[100%] Built target robot_msgs__rosidl_typesupport_introspection_c__pyext
[100%] Built target robot_msgs__rosidl_typesupport_fastrtps_c__pyext
-- Install configuration: ""
-- Up-to-date: /home/aa/robot_controller/install/robot_msgs/share/ament_index/resource_index/rosidl_interfaces/robot_msgs
-- Up-to-date: /home/aa/robot_controller/install/robot_msgs/include/robot_msgs/robot_msgs
-- Up-to-date: /home/aa/robot_controller/install/robot_msgs/include/robot_msgs/robot_msgs/action
-- Up-to-date: /home/aa/robot_controller/install/robot_msgs/include/robot_msgs/robot_msgs/action/detail
-- Installing: /home/aa/robot_controller/install/robot_msgs/include/robot_msgs/robot_msgs/action/detail/robot_order__functions.c
-- Installing: /home/aa/robot_controller/install/robot_msgs/include/robot_msgs/robot_msgs/action/detail/robot_order__struct.h
-- Installing: /home/aa/robot_controller/install/robot_msgs/include/robot_msgs/robot_msgs/action/detail/robot_order__functions.h
-- Installing: /home/aa/robot_controller/install/robot_msgs/include/robot_msgs/robot_msgs/action/detail/robot_order__type_support.h
-- Installing: /home/aa/robot_controller/install/robot_msgs/include/robot_msgs/robot_msgs/action/robot_order.h
-- Up-to-date: /home/aa/robot_controller/install/robot_msgs/include/robot_msgs/robot_msgs/msg
-- Installing: /home/aa/robot_controller/install/robot_msgs/include/robot_msgs/robot_msgs/msg/robot_state.h
-- Up-to-date: /home/aa/robot_controller/install/robot_msgs/include/robot_msgs/robot_msgs/msg/detail
-- Installing: /home/aa/robot_controller/install/robot_msgs/include/robot_msgs/robot_msgs/msg/detail/robot_state__type_support.h
-- Installing: /home/aa/robot_controller/install/robot_msgs/include/robot_msgs/robot_msgs/msg/detail/robot_state__functions.h
-- Installing: /home/aa/robot_controller/install/robot_msgs/include/robot_msgs/robot_msgs/msg/detail/robot_state__struct.h
-- Installing: /home/aa/robot_controller/install/robot_msgs/include/robot_msgs/robot_msgs/msg/detail/robot_state__functions.c
-- Up-to-date: /home/aa/robot_controller/install/robot_msgs/include/robot_msgs/robot_msgs/msg/rosidl_generator_c__visibility_control.h
-- Up-to-date: /home/aa/robot_controller/install/robot_msgs/share/robot_msgs/environment/library_path.sh
-- Installing: /home/aa/robot_controller/install/robot_msgs/share/robot_msgs/environment/library_path.dsv
-- Installing: /home/aa/robot_controller/install/robot_msgs/lib/librobot_msgs__rosidl_generator_c.so
-- Set runtime path of "/home/aa/robot_controller/install/robot_msgs/lib/librobot_msgs__rosidl_generator_c.so" to ""
-- Up-to-date: /home/aa/robot_controller/install/robot_msgs/include/robot_msgs/robot_msgs
-- Up-to-date: /home/aa/robot_controller/install/robot_msgs/include/robot_msgs/robot_msgs/action
-- Up-to-date: /home/aa/robot_controller/install/robot_msgs/include/robot_msgs/robot_msgs/action/detail
-- Installing: /home/aa/robot_controller/install/robot_msgs/include/robot_msgs/robot_msgs/action/detail/robot_order__rosidl_typesupport_fastrtps_c.h
-- Up-to-date: /home/aa/robot_controller/install/robot_msgs/include/robot_msgs/robot_msgs/msg
-- Up-to-date: /home/aa/robot_controller/install/robot_msgs/include/robot_msgs/robot_msgs/msg/detail
-- Installing: /home/aa/robot_controller/install/robot_msgs/include/robot_msgs/robot_msgs/msg/detail/robot_state__rosidl_typesupport_fastrtps_c.h
-- Up-to-date: /home/aa/robot_controller/install/robot_msgs/include/robot_msgs/robot_msgs/msg/rosidl_typesupport_fastrtps_c__visibility_control.h
-- Installing: /home/aa/robot_controller/install/robot_msgs/lib/librobot_msgs__rosidl_typesupport_fastrtps_c.so
-- Set runtime path of "/home/aa/robot_controller/install/robot_msgs/lib/librobot_msgs__rosidl_typesupport_fastrtps_c.so" to ""
-- Up-to-date: /home/aa/robot_controller/install/robot_msgs/include/robot_msgs/robot_msgs
-- Up-to-date: /home/aa/robot_controller/install/robot_msgs/include/robot_msgs/robot_msgs/action
-- Up-to-date: /home/aa/robot_controller/install/robot_msgs/include/robot_msgs/robot_msgs/action/detail
-- Installing: /home/aa/robot_controller/install/robot_msgs/include/robot_msgs/robot_msgs/action/detail/robot_order__rosidl_typesupport_introspection_c.h
-- Installing: /home/aa/robot_controller/install/robot_msgs/include/robot_msgs/robot_msgs/action/detail/robot_order__type_support.c
-- Up-to-date: /home/aa/robot_controller/install/robot_msgs/include/robot_msgs/robot_msgs/msg
-- Up-to-date: /home/aa/robot_controller/install/robot_msgs/include/robot_msgs/robot_msgs/msg/rosidl_typesupport_introspection_c__visibility_control.h
-- Up-to-date: /home/aa/robot_controller/install/robot_msgs/include/robot_msgs/robot_msgs/msg/detail
-- Installing: /home/aa/robot_controller/install/robot_msgs/include/robot_msgs/robot_msgs/msg/detail/robot_state__rosidl_typesupport_introspection_c.h
-- Installing: /home/aa/robot_controller/install/robot_msgs/include/robot_msgs/robot_msgs/msg/detail/robot_state__type_support.c
-- Installing: /home/aa/robot_controller/install/robot_msgs/lib/librobot_msgs__rosidl_typesupport_introspection_c.so
-- Set runtime path of "/home/aa/robot_controller/install/robot_msgs/lib/librobot_msgs__rosidl_typesupport_introspection_c.so" to ""
-- Installing: /home/aa/robot_controller/install/robot_msgs/lib/librobot_msgs__rosidl_typesupport_c.so
-- Set runtime path of "/home/aa/robot_controller/install/robot_msgs/lib/librobot_msgs__rosidl_typesupport_c.so" to ""
-- Up-to-date: /home/aa/robot_controller/install/robot_msgs/include/robot_msgs/robot_msgs
-- Up-to-date: /home/aa/robot_controller/install/robot_msgs/include/robot_msgs/robot_msgs/action
-- Installing: /home/aa/robot_controller/install/robot_msgs/include/robot_msgs/robot_msgs/action/robot_order.hpp
-- Up-to-date: /home/aa/robot_controller/install/robot_msgs/include/robot_msgs/robot_msgs/action/detail
-- Installing: /home/aa/robot_controller/install/robot_msgs/include/robot_msgs/robot_msgs/action/detail/robot_order__builder.hpp
-- Installing: /home/aa/robot_controller/install/robot_msgs/include/robot_msgs/robot_msgs/action/detail/robot_order__traits.hpp
-- Installing: /home/aa/robot_controller/install/robot_msgs/include/robot_msgs/robot_msgs/action/detail/robot_order__struct.hpp
-- Up-to-date: /home/aa/robot_controller/install/robot_msgs/include/robot_msgs/robot_msgs/msg
-- Up-to-date: /home/aa/robot_controller/install/robot_msgs/include/robot_msgs/robot_msgs/msg/detail
-- Installing: /home/aa/robot_controller/install/robot_msgs/include/robot_msgs/robot_msgs/msg/detail/robot_state__builder.hpp
-- Installing: /home/aa/robot_controller/install/robot_msgs/include/robot_msgs/robot_msgs/msg/detail/robot_state__traits.hpp
-- Installing: /home/aa/robot_controller/install/robot_msgs/include/robot_msgs/robot_msgs/msg/detail/robot_state__struct.hpp
-- Installing: /home/aa/robot_controller/install/robot_msgs/include/robot_msgs/robot_msgs/msg/robot_state.hpp
-- Up-to-date: /home/aa/robot_controller/install/robot_msgs/include/robot_msgs/robot_msgs
-- Up-to-date: /home/aa/robot_controller/install/robot_msgs/include/robot_msgs/robot_msgs/action
-- Up-to-date: /home/aa/robot_controller/install/robot_msgs/include/robot_msgs/robot_msgs/action/detail
-- Up-to-date: /home/aa/robot_controller/install/robot_msgs/include/robot_msgs/robot_msgs/action/detail/dds_fastrtps
-- Installing: /home/aa/robot_controller/install/robot_msgs/include/robot_msgs/robot_msgs/action/detail/robot_order__rosidl_typesupport_fastrtps_cpp.hpp
-- Up-to-date: /home/aa/robot_controller/install/robot_msgs/include/robot_msgs/robot_msgs/msg
-- Up-to-date: /home/aa/robot_controller/install/robot_msgs/include/robot_msgs/robot_msgs/msg/detail
-- Up-to-date: /home/aa/robot_controller/install/robot_msgs/include/robot_msgs/robot_msgs/msg/detail/dds_fastrtps
-- Installing: /home/aa/robot_controller/install/robot_msgs/include/robot_msgs/robot_msgs/msg/detail/robot_state__rosidl_typesupport_fastrtps_cpp.hpp
-- Up-to-date: /home/aa/robot_controller/install/robot_msgs/include/robot_msgs/robot_msgs/msg/rosidl_typesupport_fastrtps_cpp__visibility_control.h
-- Installing: /home/aa/robot_controller/install/robot_msgs/lib/librobot_msgs__rosidl_typesupport_fastrtps_cpp.so
-- Set runtime path of "/home/aa/robot_controller/install/robot_msgs/lib/librobot_msgs__rosidl_typesupport_fastrtps_cpp.so" to ""
-- Up-to-date: /home/aa/robot_controller/install/robot_msgs/include/robot_msgs/robot_msgs
-- Up-to-date: /home/aa/robot_controller/install/robot_msgs/include/robot_msgs/robot_msgs/action
-- Up-to-date: /home/aa/robot_controller/install/robot_msgs/include/robot_msgs/robot_msgs/action/detail
-- Installing: /home/aa/robot_controller/install/robot_msgs/include/robot_msgs/robot_msgs/action/detail/robot_order__rosidl_typesupport_introspection_cpp.hpp
-- Installing: /home/aa/robot_controller/install/robot_msgs/include/robot_msgs/robot_msgs/action/detail/robot_order__type_support.cpp
-- Up-to-date: /home/aa/robot_controller/install/robot_msgs/include/robot_msgs/robot_msgs/msg
-- Up-to-date: /home/aa/robot_controller/install/robot_msgs/include/robot_msgs/robot_msgs/msg/detail
-- Installing: /home/aa/robot_controller/install/robot_msgs/include/robot_msgs/robot_msgs/msg/detail/robot_state__type_support.cpp
-- Installing: /home/aa/robot_controller/install/robot_msgs/include/robot_msgs/robot_msgs/msg/detail/robot_state__rosidl_typesupport_introspection_cpp.hpp
-- Installing: /home/aa/robot_controller/install/robot_msgs/lib/librobot_msgs__rosidl_typesupport_introspection_cpp.so
-- Set runtime path of "/home/aa/robot_controller/install/robot_msgs/lib/librobot_msgs__rosidl_typesupport_introspection_cpp.so" to ""
-- Installing: /home/aa/robot_controller/install/robot_msgs/lib/librobot_msgs__rosidl_typesupport_cpp.so
-- Set runtime path of "/home/aa/robot_controller/install/robot_msgs/lib/librobot_msgs__rosidl_typesupport_cpp.so" to ""
-- Up-to-date: /home/aa/robot_controller/install/robot_msgs/share/robot_msgs/environment/pythonpath.sh
-- Installing: /home/aa/robot_controller/install/robot_msgs/share/robot_msgs/environment/pythonpath.dsv
-- Up-to-date: /home/aa/robot_controller/install/robot_msgs/local/lib/python3.10/dist-packages/robot_msgs-0.0.0-py3.10.egg-info
-- Installing: /home/aa/robot_controller/install/robot_msgs/local/lib/python3.10/dist-packages/robot_msgs-0.0.0-py3.10.egg-info/PKG-INFO
-- Installing: /home/aa/robot_controller/install/robot_msgs/local/lib/python3.10/dist-packages/robot_msgs-0.0.0-py3.10.egg-info/top_level.txt
-- Installing: /home/aa/robot_controller/install/robot_msgs/local/lib/python3.10/dist-packages/robot_msgs-0.0.0-py3.10.egg-info/dependency_links.txt
-- Installing: /home/aa/robot_controller/install/robot_msgs/local/lib/python3.10/dist-packages/robot_msgs-0.0.0-py3.10.egg-info/SOURCES.txt
-- Up-to-date: /home/aa/robot_controller/install/robot_msgs/local/lib/python3.10/dist-packages/robot_msgs
-- Up-to-date: /home/aa/robot_controller/install/robot_msgs/local/lib/python3.10/dist-packages/robot_msgs/action
-- Installing: /home/aa/robot_controller/install/robot_msgs/local/lib/python3.10/dist-packages/robot_msgs/action/_robot_order_s.c
-- Installing: /home/aa/robot_controller/install/robot_msgs/local/lib/python3.10/dist-packages/robot_msgs/action/__init__.py
-- Installing: /home/aa/robot_controller/install/robot_msgs/local/lib/python3.10/dist-packages/robot_msgs/action/_robot_order.py
-- Installing: /home/aa/robot_controller/install/robot_msgs/local/lib/python3.10/dist-packages/robot_msgs/robot_msgs_s__rosidl_typesupport_introspection_c.cpython-310-x86_64-linux-gnu.so
-- Installing: /home/aa/robot_controller/install/robot_msgs/local/lib/python3.10/dist-packages/robot_msgs/robot_msgs_s__rosidl_typesupport_c.cpython-310-x86_64-linux-gnu.so
-- Installing: /home/aa/robot_controller/install/robot_msgs/local/lib/python3.10/dist-packages/robot_msgs/_robot_msgs_s.ep.rosidl_typesupport_c.c
-- Installing: /home/aa/robot_controller/install/robot_msgs/local/lib/python3.10/dist-packages/robot_msgs/robot_msgs_s__rosidl_typesupport_fastrtps_c.cpython-310-x86_64-linux-gnu.so
-- Installing: /home/aa/robot_controller/install/robot_msgs/local/lib/python3.10/dist-packages/robot_msgs/_robot_msgs_s.ep.rosidl_typesupport_fastrtps_c.c
-- Installing: /home/aa/robot_controller/install/robot_msgs/local/lib/python3.10/dist-packages/robot_msgs/__init__.py
-- Installing: /home/aa/robot_controller/install/robot_msgs/local/lib/python3.10/dist-packages/robot_msgs/librobot_msgs__rosidl_generator_py.so
-- Installing: /home/aa/robot_controller/install/robot_msgs/local/lib/python3.10/dist-packages/robot_msgs/_robot_msgs_s.ep.rosidl_typesupport_introspection_c.c
-- Up-to-date: /home/aa/robot_controller/install/robot_msgs/local/lib/python3.10/dist-packages/robot_msgs/msg
-- Installing: /home/aa/robot_controller/install/robot_msgs/local/lib/python3.10/dist-packages/robot_msgs/msg/_robot_state_s.c
-- Installing: /home/aa/robot_controller/install/robot_msgs/local/lib/python3.10/dist-packages/robot_msgs/msg/_robot_state.py
-- Installing: /home/aa/robot_controller/install/robot_msgs/local/lib/python3.10/dist-packages/robot_msgs/msg/__init__.py
Listing '/home/aa/robot_controller/install/robot_msgs/local/lib/python3.10/dist-packages/robot_msgs'...
Compiling '/home/aa/robot_controller/install/robot_msgs/local/lib/python3.10/dist-packages/robot_msgs/__init__.py'...
Listing '/home/aa/robot_controller/install/robot_msgs/local/lib/python3.10/dist-packages/robot_msgs/action'...
Compiling '/home/aa/robot_controller/install/robot_msgs/local/lib/python3.10/dist-packages/robot_msgs/action/__init__.py'...
Compiling '/home/aa/robot_controller/install/robot_msgs/local/lib/python3.10/dist-packages/robot_msgs/action/_robot_order.py'...
Listing '/home/aa/robot_controller/install/robot_msgs/local/lib/python3.10/dist-packages/robot_msgs/msg'...
Compiling '/home/aa/robot_controller/install/robot_msgs/local/lib/python3.10/dist-packages/robot_msgs/msg/__init__.py'...
Compiling '/home/aa/robot_controller/install/robot_msgs/local/lib/python3.10/dist-packages/robot_msgs/msg/_robot_state.py'...
-- Installing: /home/aa/robot_controller/install/robot_msgs/local/lib/python3.10/dist-packages/robot_msgs/robot_msgs_s__rosidl_typesupport_fastrtps_c.cpython-310-x86_64-linux-gnu.so
-- Set runtime path of "/home/aa/robot_controller/install/robot_msgs/local/lib/python3.10/dist-packages/robot_msgs/robot_msgs_s__rosidl_typesupport_fastrtps_c.cpython-310-x86_64-linux-gnu.so" to ""
-- Installing: /home/aa/robot_controller/install/robot_msgs/local/lib/python3.10/dist-packages/robot_msgs/robot_msgs_s__rosidl_typesupport_introspection_c.cpython-310-x86_64-linux-gnu.so
-- Set runtime path of "/home/aa/robot_controller/install/robot_msgs/local/lib/python3.10/dist-packages/robot_msgs/robot_msgs_s__rosidl_typesupport_introspection_c.cpython-310-x86_64-linux-gnu.so" to ""
-- Installing: /home/aa/robot_controller/install/robot_msgs/local/lib/python3.10/dist-packages/robot_msgs/robot_msgs_s__rosidl_typesupport_c.cpython-310-x86_64-linux-gnu.so
-- Set runtime path of "/home/aa/robot_controller/install/robot_msgs/local/lib/python3.10/dist-packages/robot_msgs/robot_msgs_s__rosidl_typesupport_c.cpython-310-x86_64-linux-gnu.so" to ""
-- Installing: /home/aa/robot_controller/install/robot_msgs/lib/librobot_msgs__rosidl_generator_py.so
-- Set runtime path of "/home/aa/robot_controller/install/robot_msgs/lib/librobot_msgs__rosidl_generator_py.so" to ""
-- Up-to-date: /home/aa/robot_controller/install/robot_msgs/share/robot_msgs/action/RobotOrder.idl
-- Installing: /home/aa/robot_controller/install/robot_msgs/share/robot_msgs/msg/RobotState.idl
-- Up-to-date: /home/aa/robot_controller/install/robot_msgs/share/robot_msgs/action/RobotOrder.action
-- Installing: /home/aa/robot_controller/install/robot_msgs/share/robot_msgs/msg/RobotState.msg
-- Up-to-date: /home/aa/robot_controller/install/robot_msgs/share/ament_index/resource_index/package_run_dependencies/robot_msgs
-- Up-to-date: /home/aa/robot_controller/install/robot_msgs/share/ament_index/resource_index/parent_prefix_path/robot_msgs
-- Up-to-date: /home/aa/robot_controller/install/robot_msgs/share/robot_msgs/environment/ament_prefix_path.sh
-- Installing: /home/aa/robot_controller/install/robot_msgs/share/robot_msgs/environment/ament_prefix_path.dsv
-- Up-to-date: /home/aa/robot_controller/install/robot_msgs/share/robot_msgs/environment/path.sh
-- Installing: /home/aa/robot_controller/install/robot_msgs/share/robot_msgs/environment/path.dsv
-- Up-to-date: /home/aa/robot_controller/install/robot_msgs/share/robot_msgs/local_setup.bash
-- Up-to-date: /home/aa/robot_controller/install/robot_msgs/share/robot_msgs/local_setup.sh
-- Up-to-date: /home/aa/robot_controller/install/robot_msgs/share/robot_msgs/local_setup.zsh
-- Installing: /home/aa/robot_controller/install/robot_msgs/share/robot_msgs/local_setup.dsv
-- Installing: /home/aa/robot_controller/install/robot_msgs/share/robot_msgs/package.dsv
-- Up-to-date: /home/aa/robot_controller/install/robot_msgs/share/ament_index/resource_index/packages/robot_msgs
-- Up-to-date: /home/aa/robot_controller/install/robot_msgs/share/robot_msgs/cmake/export_robot_msgs__rosidl_generator_cExport.cmake
-- Up-to-date: /home/aa/robot_controller/install/robot_msgs/share/robot_msgs/cmake/export_robot_msgs__rosidl_generator_cExport-noconfig.cmake
-- Up-to-date: /home/aa/robot_controller/install/robot_msgs/share/robot_msgs/cmake/export_robot_msgs__rosidl_typesupport_fastrtps_cExport.cmake
-- Up-to-date: /home/aa/robot_controller/install/robot_msgs/share/robot_msgs/cmake/export_robot_msgs__rosidl_typesupport_fastrtps_cExport-noconfig.cmake
-- Up-to-date: /home/aa/robot_controller/install/robot_msgs/share/robot_msgs/cmake/robot_msgs__rosidl_typesupport_introspection_cExport.cmake
-- Up-to-date: /home/aa/robot_controller/install/robot_msgs/share/robot_msgs/cmake/robot_msgs__rosidl_typesupport_introspection_cExport-noconfig.cmake
-- Up-to-date: /home/aa/robot_controller/install/robot_msgs/share/robot_msgs/cmake/robot_msgs__rosidl_typesupport_cExport.cmake
-- Up-to-date: /home/aa/robot_controller/install/robot_msgs/share/robot_msgs/cmake/robot_msgs__rosidl_typesupport_cExport-noconfig.cmake
-- Up-to-date: /home/aa/robot_controller/install/robot_msgs/share/robot_msgs/cmake/export_robot_msgs__rosidl_generator_cppExport.cmake
-- Up-to-date: /home/aa/robot_controller/install/robot_msgs/share/robot_msgs/cmake/export_robot_msgs__rosidl_typesupport_fastrtps_cppExport.cmake
-- Up-to-date: /home/aa/robot_controller/install/robot_msgs/share/robot_msgs/cmake/export_robot_msgs__rosidl_typesupport_fastrtps_cppExport-noconfig.cmake
-- Up-to-date: /home/aa/robot_controller/install/robot_msgs/share/robot_msgs/cmake/robot_msgs__rosidl_typesupport_introspection_cppExport.cmake
-- Up-to-date: /home/aa/robot_controller/install/robot_msgs/share/robot_msgs/cmake/robot_msgs__rosidl_typesupport_introspection_cppExport-noconfig.cmake
-- Up-to-date: /home/aa/robot_controller/install/robot_msgs/share/robot_msgs/cmake/robot_msgs__rosidl_typesupport_cppExport.cmake
-- Up-to-date: /home/aa/robot_controller/install/robot_msgs/share/robot_msgs/cmake/robot_msgs__rosidl_typesupport_cppExport-noconfig.cmake
-- Up-to-date: /home/aa/robot_controller/install/robot_msgs/share/robot_msgs/cmake/export_robot_msgs__rosidl_generator_pyExport.cmake
-- Up-to-date: /home/aa/robot_controller/install/robot_msgs/share/robot_msgs/cmake/export_robot_msgs__rosidl_generator_pyExport-noconfig.cmake
-- Up-to-date: /home/aa/robot_controller/install/robot_msgs/share/robot_msgs/cmake/rosidl_cmake-extras.cmake
-- Up-to-date: /home/aa/robot_controller/install/robot_msgs/share/robot_msgs/cmake/ament_cmake_export_dependencies-extras.cmake
-- Up-to-date: /home/aa/robot_controller/install/robot_msgs/share/robot_msgs/cmake/ament_cmake_export_include_directories-extras.cmake
-- Up-to-date: /home/aa/robot_controller/install/robot_msgs/share/robot_msgs/cmake/ament_cmake_export_libraries-extras.cmake
-- Up-to-date: /home/aa/robot_controller/install/robot_msgs/share/robot_msgs/cmake/ament_cmake_export_targets-extras.cmake
-- Up-to-date: /home/aa/robot_controller/install/robot_msgs/share/robot_msgs/cmake/rosidl_cmake_export_typesupport_targets-extras.cmake
-- Up-to-date: /home/aa/robot_controller/install/robot_msgs/share/robot_msgs/cmake/rosidl_cmake_export_typesupport_libraries-extras.cmake
-- Up-to-date: /home/aa/robot_controller/install/robot_msgs/share/robot_msgs/cmake/robot_msgsConfig.cmake
-- Up-to-date: /home/aa/robot_controller/install/robot_msgs/share/robot_msgs/cmake/robot_msgsConfig-version.cmake
-- Up-to-date: /home/aa/robot_controller/install/robot_msgs/share/robot_msgs/package.xml
