[0.011s] Invoking command in '/home/aa/robot_controller/build/robot_msgs': CMAKE_PREFIX_PATH=${CMAKE_PREFIX_PATH}:/home/aa/robot_controller/install/robotarm_control_package:/opt/ros/humble /usr/bin/cmake --build /home/aa/robot_controller/build/robot_msgs -- -j16 -l16
[0.032s] -- Found ament_cmake: 1.3.10 (/opt/ros/humble/share/ament_cmake/cmake)
[0.127s] -- Found rosidl_default_generators: 1.2.0 (/opt/ros/humble/share/rosidl_default_generators/cmake)
[0.128s] -- Using all available rosidl_typesupport_c: rosidl_typesupport_fastrtps_c;rosidl_typesupport_introspection_c
[0.130s] -- Found rosidl_adapter: 3.1.5 (/opt/ros/humble/share/rosidl_adapter/cmake)
[0.152s] -- Using all available rosidl_typesupport_cpp: rosidl_typesupport_fastrtps_cpp;rosidl_typesupport_introspection_cpp
[0.387s] -- Found ament_cmake_ros: 0.10.0 (/opt/ros/humble/share/ament_cmake_ros/cmake)
[0.533s] -- Using all available rosidl_typesupport_c: rosidl_typesupport_fastrtps_c;rosidl_typesupport_introspection_c
[0.727s] -- Using all available rosidl_typesupport_cpp: rosidl_typesupport_fastrtps_cpp;rosidl_typesupport_introspection_cpp
[0.745s] -- Found python_cmake_module: 0.10.0 (/opt/ros/humble/share/python_cmake_module/cmake)
[0.763s] -- Using PYTHON_EXECUTABLE: /usr/bin/python3
[0.763s] -- Using PYTHON_INCLUDE_DIRS: /usr/include/python3.10
[0.763s] -- Using PYTHON_LIBRARIES: /usr/lib/x86_64-linux-gnu/libpython3.10.so
[0.776s] -- Found ament_lint_auto: 0.12.11 (/opt/ros/humble/share/ament_lint_auto/cmake)
[0.783s] -- Added test 'lint_cmake' to check CMake code style
[0.783s] -- Added test 'xmllint' to check XML markup files
[0.785s] -- Configuring done
[0.812s] -- Generating done
[0.815s] -- Build files have been written to: /home/aa/robot_controller/build/robot_msgs
[0.839s] [  2%] [34m[1mGenerating C code for ROS interfaces[0m
[0.848s] [  5%] [34m[1mGenerating C++ code for ROS interfaces[0m
[0.857s] [  5%] Built target ament_cmake_python_copy_robot_msgs
[1.054s] running egg_info
[1.055s] writing robot_msgs.egg-info/PKG-INFO
[1.055s] writing dependency_links to robot_msgs.egg-info/dependency_links.txt
[1.055s] writing top-level names to robot_msgs.egg-info/top_level.txt
[1.057s] reading manifest file 'robot_msgs.egg-info/SOURCES.txt'
[1.057s] writing manifest file 'robot_msgs.egg-info/SOURCES.txt'
[1.083s] [  5%] Built target ament_cmake_python_build_robot_msgs_egg
[1.174s] [  5%] Built target robot_msgs__cpp
[1.183s] [ 12%] [34m[1mGenerating C++ type support for eProsima Fast-RTPS[0m
[1.183s] [ 12%] [34m[1mGenerating C++ type support dispatch for ROS interfaces[0m
[1.183s] [ 12%] [34m[1mGenerating C++ introspection for ROS interfaces[0m
[1.205s] [35m[1mConsolidate compiler generated dependencies of target robot_msgs__rosidl_generator_c[0m
[1.216s] [ 15%] [32mBuilding C object CMakeFiles/robot_msgs__rosidl_generator_c.dir/rosidl_generator_c/robot_msgs/msg/detail/robot_state__functions.c.o[0m
[1.216s] [ 17%] [32mBuilding C object CMakeFiles/robot_msgs__rosidl_generator_c.dir/rosidl_generator_c/robot_msgs/action/detail/robot_order__functions.c.o[0m
[1.310s] [ 20%] [32m[1mLinking C shared library librobot_msgs__rosidl_generator_c.so[0m
[1.344s] [ 20%] Built target robot_msgs__rosidl_generator_c
[1.354s] [ 28%] [34m[1mGenerating C type support dispatch for ROS interfaces[0m
[1.354s] [ 28%] [34m[1mGenerating C type support for eProsima Fast-RTPS[0m
[1.354s] [ 28%] [34m[1mGenerating C introspection for ROS interfaces[0m
[1.424s] [35m[1mConsolidate compiler generated dependencies of target robot_msgs__rosidl_typesupport_cpp[0m
[1.437s] [ 33%] [32mBuilding CXX object CMakeFiles/robot_msgs__rosidl_typesupport_cpp.dir/rosidl_typesupport_cpp/robot_msgs/action/robot_order__type_support.cpp.o[0m
[1.437s] [ 33%] [32mBuilding CXX object CMakeFiles/robot_msgs__rosidl_typesupport_cpp.dir/rosidl_typesupport_cpp/robot_msgs/msg/robot_state__type_support.cpp.o[0m
[1.465s] [35m[1mConsolidate compiler generated dependencies of target robot_msgs__rosidl_typesupport_introspection_cpp[0m
[1.478s] [ 38%] [32mBuilding CXX object CMakeFiles/robot_msgs__rosidl_typesupport_introspection_cpp.dir/rosidl_typesupport_introspection_cpp/robot_msgs/action/detail/robot_order__type_support.cpp.o[0m
[1.479s] [ 38%] [32mBuilding CXX object CMakeFiles/robot_msgs__rosidl_typesupport_introspection_cpp.dir/rosidl_typesupport_introspection_cpp/robot_msgs/msg/detail/robot_state__type_support.cpp.o[0m
[1.522s] [35m[1mConsolidate compiler generated dependencies of target robot_msgs__rosidl_typesupport_fastrtps_cpp[0m
[1.537s] [ 41%] [32mBuilding CXX object CMakeFiles/robot_msgs__rosidl_typesupport_fastrtps_cpp.dir/rosidl_typesupport_fastrtps_cpp/robot_msgs/action/detail/dds_fastrtps/robot_order__type_support.cpp.o[0m
[1.538s] [ 43%] [32mBuilding CXX object CMakeFiles/robot_msgs__rosidl_typesupport_fastrtps_cpp.dir/rosidl_typesupport_fastrtps_cpp/robot_msgs/msg/detail/dds_fastrtps/robot_state__type_support.cpp.o[0m
[1.617s] [35m[1mConsolidate compiler generated dependencies of target robot_msgs__rosidl_typesupport_c[0m
[1.631s] [ 46%] [32mBuilding CXX object CMakeFiles/robot_msgs__rosidl_typesupport_c.dir/rosidl_typesupport_c/robot_msgs/msg/robot_state__type_support.cpp.o[0m
[1.632s] [ 48%] [32mBuilding CXX object CMakeFiles/robot_msgs__rosidl_typesupport_c.dir/rosidl_typesupport_c/robot_msgs/action/robot_order__type_support.cpp.o[0m
[1.682s] [35m[1mConsolidate compiler generated dependencies of target robot_msgs__rosidl_typesupport_introspection_c[0m
[1.683s] [ 51%] [32m[1mLinking CXX shared library librobot_msgs__rosidl_typesupport_c.so[0m
[1.694s] [ 53%] [32mBuilding C object CMakeFiles/robot_msgs__rosidl_typesupport_introspection_c.dir/rosidl_typesupport_introspection_c/robot_msgs/msg/detail/robot_state__type_support.c.o[0m
[1.694s] [ 56%] [32mBuilding C object CMakeFiles/robot_msgs__rosidl_typesupport_introspection_c.dir/rosidl_typesupport_introspection_c/robot_msgs/action/detail/robot_order__type_support.c.o[0m
[1.705s] [35m[1mConsolidate compiler generated dependencies of target robot_msgs__rosidl_typesupport_fastrtps_c[0m
[1.721s] [ 58%] [32mBuilding CXX object CMakeFiles/robot_msgs__rosidl_typesupport_fastrtps_c.dir/rosidl_typesupport_fastrtps_c/robot_msgs/msg/detail/robot_state__type_support_c.cpp.o[0m
[1.722s] [ 61%] [32mBuilding CXX object CMakeFiles/robot_msgs__rosidl_typesupport_fastrtps_c.dir/rosidl_typesupport_fastrtps_c/robot_msgs/action/detail/robot_order__type_support_c.cpp.o[0m
[1.726s] [ 61%] Built target robot_msgs__rosidl_typesupport_c
[1.740s] [ 64%] [32m[1mLinking C shared library librobot_msgs__rosidl_typesupport_introspection_c.so[0m
[1.775s] [ 64%] Built target robot_msgs__rosidl_typesupport_introspection_c
[1.839s] [ 66%] [32m[1mLinking CXX shared library librobot_msgs__rosidl_typesupport_cpp.so[0m
[1.883s] [ 66%] Built target robot_msgs__rosidl_typesupport_cpp
[1.985s] [ 69%] [32m[1mLinking CXX shared library librobot_msgs__rosidl_typesupport_introspection_cpp.so[0m
[2.020s] [ 71%] [32m[1mLinking CXX shared library librobot_msgs__rosidl_typesupport_fastrtps_cpp.so[0m
[2.036s] [ 74%] [32m[1mLinking CXX shared library librobot_msgs__rosidl_typesupport_fastrtps_c.so[0m
[2.051s] [ 74%] Built target robot_msgs__rosidl_typesupport_introspection_cpp
[2.097s] [ 74%] Built target robot_msgs__rosidl_typesupport_fastrtps_cpp
[2.103s] [ 74%] Built target robot_msgs__rosidl_typesupport_fastrtps_c
[2.122s] [ 74%] Built target robot_msgs
[2.141s] [ 76%] [34m[1mGenerating Python code for ROS interfaces[0m
[2.697s] [ 76%] Built target robot_msgs__py
[2.706s] [35m[1mConsolidate compiler generated dependencies of target robot_msgs__rosidl_generator_py[0m
[2.718s] [ 79%] [32mBuilding C object CMakeFiles/robot_msgs__rosidl_generator_py.dir/rosidl_generator_py/robot_msgs/msg/_robot_state_s.c.o[0m
[2.719s] [ 82%] [32mBuilding C object CMakeFiles/robot_msgs__rosidl_generator_py.dir/rosidl_generator_py/robot_msgs/action/_robot_order_s.c.o[0m
[2.820s] [ 84%] [32m[1mLinking C shared library rosidl_generator_py/robot_msgs/librobot_msgs__rosidl_generator_py.so[0m
[2.857s] [ 84%] Built target robot_msgs__rosidl_generator_py
[2.866s] [35m[1mConsolidate compiler generated dependencies of target robot_msgs__rosidl_typesupport_fastrtps_c__pyext[0m
[2.866s] [35m[1mConsolidate compiler generated dependencies of target robot_msgs__rosidl_typesupport_introspection_c__pyext[0m
[2.866s] [35m[1mConsolidate compiler generated dependencies of target robot_msgs__rosidl_typesupport_c__pyext[0m
[2.877s] [ 92%] [32mBuilding C object CMakeFiles/robot_msgs__rosidl_typesupport_introspection_c__pyext.dir/rosidl_generator_py/robot_msgs/_robot_msgs_s.ep.rosidl_typesupport_introspection_c.c.o[0m
[2.878s] [ 92%] [32mBuilding C object CMakeFiles/robot_msgs__rosidl_typesupport_fastrtps_c__pyext.dir/rosidl_generator_py/robot_msgs/_robot_msgs_s.ep.rosidl_typesupport_fastrtps_c.c.o[0m
[2.878s] [ 92%] [32mBuilding C object CMakeFiles/robot_msgs__rosidl_typesupport_c__pyext.dir/rosidl_generator_py/robot_msgs/_robot_msgs_s.ep.rosidl_typesupport_c.c.o[0m
[2.969s] [ 94%] [32m[1mLinking C shared library rosidl_generator_py/robot_msgs/robot_msgs_s__rosidl_typesupport_c.cpython-310-x86_64-linux-gnu.so[0m
[2.973s] [100%] [32m[1mLinking C shared library rosidl_generator_py/robot_msgs/robot_msgs_s__rosidl_typesupport_introspection_c.cpython-310-x86_64-linux-gnu.so[0m
[2.973s] [100%] [32m[1mLinking C shared library rosidl_generator_py/robot_msgs/robot_msgs_s__rosidl_typesupport_fastrtps_c.cpython-310-x86_64-linux-gnu.so[0m
[3.004s] [100%] Built target robot_msgs__rosidl_typesupport_c__pyext
[3.006s] [100%] Built target robot_msgs__rosidl_typesupport_introspection_c__pyext
[3.006s] [100%] Built target robot_msgs__rosidl_typesupport_fastrtps_c__pyext
[3.018s] Invoked command in '/home/aa/robot_controller/build/robot_msgs' returned '0': CMAKE_PREFIX_PATH=${CMAKE_PREFIX_PATH}:/home/aa/robot_controller/install/robotarm_control_package:/opt/ros/humble /usr/bin/cmake --build /home/aa/robot_controller/build/robot_msgs -- -j16 -l16
[3.107s] Invoking command in '/home/aa/robot_controller/build/robot_msgs': CMAKE_PREFIX_PATH=${CMAKE_PREFIX_PATH}:/home/aa/robot_controller/install/robotarm_control_package:/opt/ros/humble /usr/bin/cmake --install /home/aa/robot_controller/build/robot_msgs
[3.115s] -- Install configuration: ""
[3.115s] -- Up-to-date: /home/aa/robot_controller/install/robot_msgs/share/ament_index/resource_index/rosidl_interfaces/robot_msgs
[3.115s] -- Up-to-date: /home/aa/robot_controller/install/robot_msgs/include/robot_msgs/robot_msgs
[3.115s] -- Up-to-date: /home/aa/robot_controller/install/robot_msgs/include/robot_msgs/robot_msgs/action
[3.115s] -- Up-to-date: /home/aa/robot_controller/install/robot_msgs/include/robot_msgs/robot_msgs/action/detail
[3.115s] -- Installing: /home/aa/robot_controller/install/robot_msgs/include/robot_msgs/robot_msgs/action/detail/robot_order__functions.c
[3.115s] -- Installing: /home/aa/robot_controller/install/robot_msgs/include/robot_msgs/robot_msgs/action/detail/robot_order__struct.h
[3.115s] -- Installing: /home/aa/robot_controller/install/robot_msgs/include/robot_msgs/robot_msgs/action/detail/robot_order__functions.h
[3.116s] -- Installing: /home/aa/robot_controller/install/robot_msgs/include/robot_msgs/robot_msgs/action/detail/robot_order__type_support.h
[3.116s] -- Installing: /home/aa/robot_controller/install/robot_msgs/include/robot_msgs/robot_msgs/action/robot_order.h
[3.116s] -- Up-to-date: /home/aa/robot_controller/install/robot_msgs/include/robot_msgs/robot_msgs/msg
[3.116s] -- Installing: /home/aa/robot_controller/install/robot_msgs/include/robot_msgs/robot_msgs/msg/robot_state.h
[3.117s] -- Up-to-date: /home/aa/robot_controller/install/robot_msgs/include/robot_msgs/robot_msgs/msg/detail
[3.117s] -- Installing: /home/aa/robot_controller/install/robot_msgs/include/robot_msgs/robot_msgs/msg/detail/robot_state__type_support.h
[3.117s] -- Installing: /home/aa/robot_controller/install/robot_msgs/include/robot_msgs/robot_msgs/msg/detail/robot_state__functions.h
[3.117s] -- Installing: /home/aa/robot_controller/install/robot_msgs/include/robot_msgs/robot_msgs/msg/detail/robot_state__struct.h
[3.117s] -- Installing: /home/aa/robot_controller/install/robot_msgs/include/robot_msgs/robot_msgs/msg/detail/robot_state__functions.c
[3.117s] -- Up-to-date: /home/aa/robot_controller/install/robot_msgs/include/robot_msgs/robot_msgs/msg/rosidl_generator_c__visibility_control.h
[3.117s] -- Up-to-date: /home/aa/robot_controller/install/robot_msgs/share/robot_msgs/environment/library_path.sh
[3.117s] -- Installing: /home/aa/robot_controller/install/robot_msgs/share/robot_msgs/environment/library_path.dsv
[3.117s] -- Installing: /home/aa/robot_controller/install/robot_msgs/lib/librobot_msgs__rosidl_generator_c.so
[3.118s] -- Set runtime path of "/home/aa/robot_controller/install/robot_msgs/lib/librobot_msgs__rosidl_generator_c.so" to ""
[3.118s] -- Up-to-date: /home/aa/robot_controller/install/robot_msgs/include/robot_msgs/robot_msgs
[3.118s] -- Up-to-date: /home/aa/robot_controller/install/robot_msgs/include/robot_msgs/robot_msgs/action
[3.118s] -- Up-to-date: /home/aa/robot_controller/install/robot_msgs/include/robot_msgs/robot_msgs/action/detail
[3.118s] -- Installing: /home/aa/robot_controller/install/robot_msgs/include/robot_msgs/robot_msgs/action/detail/robot_order__rosidl_typesupport_fastrtps_c.h
[3.118s] -- Up-to-date: /home/aa/robot_controller/install/robot_msgs/include/robot_msgs/robot_msgs/msg
[3.118s] -- Up-to-date: /home/aa/robot_controller/install/robot_msgs/include/robot_msgs/robot_msgs/msg/detail
[3.118s] -- Installing: /home/aa/robot_controller/install/robot_msgs/include/robot_msgs/robot_msgs/msg/detail/robot_state__rosidl_typesupport_fastrtps_c.h
[3.118s] -- Up-to-date: /home/aa/robot_controller/install/robot_msgs/include/robot_msgs/robot_msgs/msg/rosidl_typesupport_fastrtps_c__visibility_control.h
[3.119s] -- Installing: /home/aa/robot_controller/install/robot_msgs/lib/librobot_msgs__rosidl_typesupport_fastrtps_c.so
[3.120s] -- Set runtime path of "/home/aa/robot_controller/install/robot_msgs/lib/librobot_msgs__rosidl_typesupport_fastrtps_c.so" to ""
[3.120s] -- Up-to-date: /home/aa/robot_controller/install/robot_msgs/include/robot_msgs/robot_msgs
[3.120s] -- Up-to-date: /home/aa/robot_controller/install/robot_msgs/include/robot_msgs/robot_msgs/action
[3.120s] -- Up-to-date: /home/aa/robot_controller/install/robot_msgs/include/robot_msgs/robot_msgs/action/detail
[3.120s] -- Installing: /home/aa/robot_controller/install/robot_msgs/include/robot_msgs/robot_msgs/action/detail/robot_order__rosidl_typesupport_introspection_c.h
[3.120s] -- Installing: /home/aa/robot_controller/install/robot_msgs/include/robot_msgs/robot_msgs/action/detail/robot_order__type_support.c
[3.121s] -- Up-to-date: /home/aa/robot_controller/install/robot_msgs/include/robot_msgs/robot_msgs/msg
[3.121s] -- Up-to-date: /home/aa/robot_controller/install/robot_msgs/include/robot_msgs/robot_msgs/msg/rosidl_typesupport_introspection_c__visibility_control.h
[3.121s] -- Up-to-date: /home/aa/robot_controller/install/robot_msgs/include/robot_msgs/robot_msgs/msg/detail
[3.121s] -- Installing: /home/aa/robot_controller/install/robot_msgs/include/robot_msgs/robot_msgs/msg/detail/robot_state__rosidl_typesupport_introspection_c.h
[3.121s] -- Installing: /home/aa/robot_controller/install/robot_msgs/include/robot_msgs/robot_msgs/msg/detail/robot_state__type_support.c
[3.121s] -- Installing: /home/aa/robot_controller/install/robot_msgs/lib/librobot_msgs__rosidl_typesupport_introspection_c.so
[3.122s] -- Set runtime path of "/home/aa/robot_controller/install/robot_msgs/lib/librobot_msgs__rosidl_typesupport_introspection_c.so" to ""
[3.122s] -- Installing: /home/aa/robot_controller/install/robot_msgs/lib/librobot_msgs__rosidl_typesupport_c.so
[3.122s] -- Set runtime path of "/home/aa/robot_controller/install/robot_msgs/lib/librobot_msgs__rosidl_typesupport_c.so" to ""
[3.122s] -- Up-to-date: /home/aa/robot_controller/install/robot_msgs/include/robot_msgs/robot_msgs
[3.122s] -- Up-to-date: /home/aa/robot_controller/install/robot_msgs/include/robot_msgs/robot_msgs/action
[3.122s] -- Installing: /home/aa/robot_controller/install/robot_msgs/include/robot_msgs/robot_msgs/action/robot_order.hpp
[3.122s] -- Up-to-date: /home/aa/robot_controller/install/robot_msgs/include/robot_msgs/robot_msgs/action/detail
[3.122s] -- Installing: /home/aa/robot_controller/install/robot_msgs/include/robot_msgs/robot_msgs/action/detail/robot_order__builder.hpp
[3.122s] -- Installing: /home/aa/robot_controller/install/robot_msgs/include/robot_msgs/robot_msgs/action/detail/robot_order__traits.hpp
[3.122s] -- Installing: /home/aa/robot_controller/install/robot_msgs/include/robot_msgs/robot_msgs/action/detail/robot_order__struct.hpp
[3.123s] -- Up-to-date: /home/aa/robot_controller/install/robot_msgs/include/robot_msgs/robot_msgs/msg
[3.123s] -- Up-to-date: /home/aa/robot_controller/install/robot_msgs/include/robot_msgs/robot_msgs/msg/detail
[3.123s] -- Installing: /home/aa/robot_controller/install/robot_msgs/include/robot_msgs/robot_msgs/msg/detail/robot_state__builder.hpp
[3.123s] -- Installing: /home/aa/robot_controller/install/robot_msgs/include/robot_msgs/robot_msgs/msg/detail/robot_state__traits.hpp
[3.123s] -- Installing: /home/aa/robot_controller/install/robot_msgs/include/robot_msgs/robot_msgs/msg/detail/robot_state__struct.hpp
[3.123s] -- Installing: /home/aa/robot_controller/install/robot_msgs/include/robot_msgs/robot_msgs/msg/robot_state.hpp
[3.123s] -- Up-to-date: /home/aa/robot_controller/install/robot_msgs/include/robot_msgs/robot_msgs
[3.123s] -- Up-to-date: /home/aa/robot_controller/install/robot_msgs/include/robot_msgs/robot_msgs/action
[3.123s] -- Up-to-date: /home/aa/robot_controller/install/robot_msgs/include/robot_msgs/robot_msgs/action/detail
[3.123s] -- Up-to-date: /home/aa/robot_controller/install/robot_msgs/include/robot_msgs/robot_msgs/action/detail/dds_fastrtps
[3.123s] -- Installing: /home/aa/robot_controller/install/robot_msgs/include/robot_msgs/robot_msgs/action/detail/robot_order__rosidl_typesupport_fastrtps_cpp.hpp
[3.123s] -- Up-to-date: /home/aa/robot_controller/install/robot_msgs/include/robot_msgs/robot_msgs/msg
[3.123s] -- Up-to-date: /home/aa/robot_controller/install/robot_msgs/include/robot_msgs/robot_msgs/msg/detail
[3.124s] -- Up-to-date: /home/aa/robot_controller/install/robot_msgs/include/robot_msgs/robot_msgs/msg/detail/dds_fastrtps
[3.124s] -- Installing: /home/aa/robot_controller/install/robot_msgs/include/robot_msgs/robot_msgs/msg/detail/robot_state__rosidl_typesupport_fastrtps_cpp.hpp
[3.124s] -- Up-to-date: /home/aa/robot_controller/install/robot_msgs/include/robot_msgs/robot_msgs/msg/rosidl_typesupport_fastrtps_cpp__visibility_control.h
[3.124s] -- Installing: /home/aa/robot_controller/install/robot_msgs/lib/librobot_msgs__rosidl_typesupport_fastrtps_cpp.so
[3.124s] -- Set runtime path of "/home/aa/robot_controller/install/robot_msgs/lib/librobot_msgs__rosidl_typesupport_fastrtps_cpp.so" to ""
[3.124s] -- Up-to-date: /home/aa/robot_controller/install/robot_msgs/include/robot_msgs/robot_msgs
[3.124s] -- Up-to-date: /home/aa/robot_controller/install/robot_msgs/include/robot_msgs/robot_msgs/action
[3.124s] -- Up-to-date: /home/aa/robot_controller/install/robot_msgs/include/robot_msgs/robot_msgs/action/detail
[3.124s] -- Installing: /home/aa/robot_controller/install/robot_msgs/include/robot_msgs/robot_msgs/action/detail/robot_order__rosidl_typesupport_introspection_cpp.hpp
[3.124s] -- Installing: /home/aa/robot_controller/install/robot_msgs/include/robot_msgs/robot_msgs/action/detail/robot_order__type_support.cpp
[3.124s] -- Up-to-date: /home/aa/robot_controller/install/robot_msgs/include/robot_msgs/robot_msgs/msg
[3.125s] -- Up-to-date: /home/aa/robot_controller/install/robot_msgs/include/robot_msgs/robot_msgs/msg/detail
[3.125s] -- Installing: /home/aa/robot_controller/install/robot_msgs/include/robot_msgs/robot_msgs/msg/detail/robot_state__type_support.cpp
[3.125s] -- Installing: /home/aa/robot_controller/install/robot_msgs/include/robot_msgs/robot_msgs/msg/detail/robot_state__rosidl_typesupport_introspection_cpp.hpp
[3.125s] -- Installing: /home/aa/robot_controller/install/robot_msgs/lib/librobot_msgs__rosidl_typesupport_introspection_cpp.so
[3.125s] -- Set runtime path of "/home/aa/robot_controller/install/robot_msgs/lib/librobot_msgs__rosidl_typesupport_introspection_cpp.so" to ""
[3.125s] -- Installing: /home/aa/robot_controller/install/robot_msgs/lib/librobot_msgs__rosidl_typesupport_cpp.so
[3.126s] -- Set runtime path of "/home/aa/robot_controller/install/robot_msgs/lib/librobot_msgs__rosidl_typesupport_cpp.so" to ""
[3.126s] -- Up-to-date: /home/aa/robot_controller/install/robot_msgs/share/robot_msgs/environment/pythonpath.sh
[3.126s] -- Installing: /home/aa/robot_controller/install/robot_msgs/share/robot_msgs/environment/pythonpath.dsv
[3.126s] -- Up-to-date: /home/aa/robot_controller/install/robot_msgs/local/lib/python3.10/dist-packages/robot_msgs-0.0.0-py3.10.egg-info
[3.126s] -- Installing: /home/aa/robot_controller/install/robot_msgs/local/lib/python3.10/dist-packages/robot_msgs-0.0.0-py3.10.egg-info/PKG-INFO
[3.126s] -- Installing: /home/aa/robot_controller/install/robot_msgs/local/lib/python3.10/dist-packages/robot_msgs-0.0.0-py3.10.egg-info/top_level.txt
[3.126s] -- Installing: /home/aa/robot_controller/install/robot_msgs/local/lib/python3.10/dist-packages/robot_msgs-0.0.0-py3.10.egg-info/dependency_links.txt
[3.126s] -- Installing: /home/aa/robot_controller/install/robot_msgs/local/lib/python3.10/dist-packages/robot_msgs-0.0.0-py3.10.egg-info/SOURCES.txt
[3.126s] -- Up-to-date: /home/aa/robot_controller/install/robot_msgs/local/lib/python3.10/dist-packages/robot_msgs
[3.126s] -- Up-to-date: /home/aa/robot_controller/install/robot_msgs/local/lib/python3.10/dist-packages/robot_msgs/action
[3.126s] -- Installing: /home/aa/robot_controller/install/robot_msgs/local/lib/python3.10/dist-packages/robot_msgs/action/_robot_order_s.c
[3.127s] -- Installing: /home/aa/robot_controller/install/robot_msgs/local/lib/python3.10/dist-packages/robot_msgs/action/__init__.py
[3.127s] -- Installing: /home/aa/robot_controller/install/robot_msgs/local/lib/python3.10/dist-packages/robot_msgs/action/_robot_order.py
[3.127s] -- Installing: /home/aa/robot_controller/install/robot_msgs/local/lib/python3.10/dist-packages/robot_msgs/robot_msgs_s__rosidl_typesupport_introspection_c.cpython-310-x86_64-linux-gnu.so
[3.127s] -- Installing: /home/aa/robot_controller/install/robot_msgs/local/lib/python3.10/dist-packages/robot_msgs/robot_msgs_s__rosidl_typesupport_c.cpython-310-x86_64-linux-gnu.so
[3.127s] -- Installing: /home/aa/robot_controller/install/robot_msgs/local/lib/python3.10/dist-packages/robot_msgs/_robot_msgs_s.ep.rosidl_typesupport_c.c
[3.127s] -- Installing: /home/aa/robot_controller/install/robot_msgs/local/lib/python3.10/dist-packages/robot_msgs/robot_msgs_s__rosidl_typesupport_fastrtps_c.cpython-310-x86_64-linux-gnu.so
[3.127s] -- Installing: /home/aa/robot_controller/install/robot_msgs/local/lib/python3.10/dist-packages/robot_msgs/_robot_msgs_s.ep.rosidl_typesupport_fastrtps_c.c
[3.128s] -- Installing: /home/aa/robot_controller/install/robot_msgs/local/lib/python3.10/dist-packages/robot_msgs/__init__.py
[3.128s] -- Installing: /home/aa/robot_controller/install/robot_msgs/local/lib/python3.10/dist-packages/robot_msgs/librobot_msgs__rosidl_generator_py.so
[3.128s] -- Installing: /home/aa/robot_controller/install/robot_msgs/local/lib/python3.10/dist-packages/robot_msgs/_robot_msgs_s.ep.rosidl_typesupport_introspection_c.c
[3.128s] -- Up-to-date: /home/aa/robot_controller/install/robot_msgs/local/lib/python3.10/dist-packages/robot_msgs/msg
[3.128s] -- Installing: /home/aa/robot_controller/install/robot_msgs/local/lib/python3.10/dist-packages/robot_msgs/msg/_robot_state_s.c
[3.128s] -- Installing: /home/aa/robot_controller/install/robot_msgs/local/lib/python3.10/dist-packages/robot_msgs/msg/_robot_state.py
[3.129s] -- Installing: /home/aa/robot_controller/install/robot_msgs/local/lib/python3.10/dist-packages/robot_msgs/msg/__init__.py
[3.158s] Listing '/home/aa/robot_controller/install/robot_msgs/local/lib/python3.10/dist-packages/robot_msgs'...
[3.158s] Compiling '/home/aa/robot_controller/install/robot_msgs/local/lib/python3.10/dist-packages/robot_msgs/__init__.py'...
[3.158s] Listing '/home/aa/robot_controller/install/robot_msgs/local/lib/python3.10/dist-packages/robot_msgs/action'...
[3.158s] Compiling '/home/aa/robot_controller/install/robot_msgs/local/lib/python3.10/dist-packages/robot_msgs/action/__init__.py'...
[3.158s] Compiling '/home/aa/robot_controller/install/robot_msgs/local/lib/python3.10/dist-packages/robot_msgs/action/_robot_order.py'...
[3.158s] Listing '/home/aa/robot_controller/install/robot_msgs/local/lib/python3.10/dist-packages/robot_msgs/msg'...
[3.158s] Compiling '/home/aa/robot_controller/install/robot_msgs/local/lib/python3.10/dist-packages/robot_msgs/msg/__init__.py'...
[3.158s] Compiling '/home/aa/robot_controller/install/robot_msgs/local/lib/python3.10/dist-packages/robot_msgs/msg/_robot_state.py'...
[3.162s] -- Installing: /home/aa/robot_controller/install/robot_msgs/local/lib/python3.10/dist-packages/robot_msgs/robot_msgs_s__rosidl_typesupport_fastrtps_c.cpython-310-x86_64-linux-gnu.so
[3.162s] -- Set runtime path of "/home/aa/robot_controller/install/robot_msgs/local/lib/python3.10/dist-packages/robot_msgs/robot_msgs_s__rosidl_typesupport_fastrtps_c.cpython-310-x86_64-linux-gnu.so" to ""
[3.163s] -- Installing: /home/aa/robot_controller/install/robot_msgs/local/lib/python3.10/dist-packages/robot_msgs/robot_msgs_s__rosidl_typesupport_introspection_c.cpython-310-x86_64-linux-gnu.so
[3.163s] -- Set runtime path of "/home/aa/robot_controller/install/robot_msgs/local/lib/python3.10/dist-packages/robot_msgs/robot_msgs_s__rosidl_typesupport_introspection_c.cpython-310-x86_64-linux-gnu.so" to ""
[3.163s] -- Installing: /home/aa/robot_controller/install/robot_msgs/local/lib/python3.10/dist-packages/robot_msgs/robot_msgs_s__rosidl_typesupport_c.cpython-310-x86_64-linux-gnu.so
[3.163s] -- Set runtime path of "/home/aa/robot_controller/install/robot_msgs/local/lib/python3.10/dist-packages/robot_msgs/robot_msgs_s__rosidl_typesupport_c.cpython-310-x86_64-linux-gnu.so" to ""
[3.164s] -- Installing: /home/aa/robot_controller/install/robot_msgs/lib/librobot_msgs__rosidl_generator_py.so
[3.164s] -- Set runtime path of "/home/aa/robot_controller/install/robot_msgs/lib/librobot_msgs__rosidl_generator_py.so" to ""
[3.164s] -- Up-to-date: /home/aa/robot_controller/install/robot_msgs/share/robot_msgs/action/RobotOrder.idl
[3.164s] -- Installing: /home/aa/robot_controller/install/robot_msgs/share/robot_msgs/msg/RobotState.idl
[3.164s] -- Up-to-date: /home/aa/robot_controller/install/robot_msgs/share/robot_msgs/action/RobotOrder.action
[3.164s] -- Installing: /home/aa/robot_controller/install/robot_msgs/share/robot_msgs/msg/RobotState.msg
[3.164s] -- Up-to-date: /home/aa/robot_controller/install/robot_msgs/share/ament_index/resource_index/package_run_dependencies/robot_msgs
[3.164s] -- Up-to-date: /home/aa/robot_controller/install/robot_msgs/share/ament_index/resource_index/parent_prefix_path/robot_msgs
[3.164s] -- Up-to-date: /home/aa/robot_controller/install/robot_msgs/share/robot_msgs/environment/ament_prefix_path.sh
[3.164s] -- Installing: /home/aa/robot_controller/install/robot_msgs/share/robot_msgs/environment/ament_prefix_path.dsv
[3.164s] -- Up-to-date: /home/aa/robot_controller/install/robot_msgs/share/robot_msgs/environment/path.sh
[3.164s] -- Installing: /home/aa/robot_controller/install/robot_msgs/share/robot_msgs/environment/path.dsv
[3.165s] -- Up-to-date: /home/aa/robot_controller/install/robot_msgs/share/robot_msgs/local_setup.bash
[3.165s] -- Up-to-date: /home/aa/robot_controller/install/robot_msgs/share/robot_msgs/local_setup.sh
[3.165s] -- Up-to-date: /home/aa/robot_controller/install/robot_msgs/share/robot_msgs/local_setup.zsh
[3.165s] -- Installing: /home/aa/robot_controller/install/robot_msgs/share/robot_msgs/local_setup.dsv
[3.165s] -- Installing: /home/aa/robot_controller/install/robot_msgs/share/robot_msgs/package.dsv
[3.165s] -- Up-to-date: /home/aa/robot_controller/install/robot_msgs/share/ament_index/resource_index/packages/robot_msgs
[3.165s] -- Up-to-date: /home/aa/robot_controller/install/robot_msgs/share/robot_msgs/cmake/export_robot_msgs__rosidl_generator_cExport.cmake
[3.165s] -- Up-to-date: /home/aa/robot_controller/install/robot_msgs/share/robot_msgs/cmake/export_robot_msgs__rosidl_generator_cExport-noconfig.cmake
[3.165s] -- Up-to-date: /home/aa/robot_controller/install/robot_msgs/share/robot_msgs/cmake/export_robot_msgs__rosidl_typesupport_fastrtps_cExport.cmake
[3.165s] -- Up-to-date: /home/aa/robot_controller/install/robot_msgs/share/robot_msgs/cmake/export_robot_msgs__rosidl_typesupport_fastrtps_cExport-noconfig.cmake
[3.165s] -- Up-to-date: /home/aa/robot_controller/install/robot_msgs/share/robot_msgs/cmake/robot_msgs__rosidl_typesupport_introspection_cExport.cmake
[3.165s] -- Up-to-date: /home/aa/robot_controller/install/robot_msgs/share/robot_msgs/cmake/robot_msgs__rosidl_typesupport_introspection_cExport-noconfig.cmake
[3.165s] -- Up-to-date: /home/aa/robot_controller/install/robot_msgs/share/robot_msgs/cmake/robot_msgs__rosidl_typesupport_cExport.cmake
[3.165s] -- Up-to-date: /home/aa/robot_controller/install/robot_msgs/share/robot_msgs/cmake/robot_msgs__rosidl_typesupport_cExport-noconfig.cmake
[3.165s] -- Up-to-date: /home/aa/robot_controller/install/robot_msgs/share/robot_msgs/cmake/export_robot_msgs__rosidl_generator_cppExport.cmake
[3.165s] -- Up-to-date: /home/aa/robot_controller/install/robot_msgs/share/robot_msgs/cmake/export_robot_msgs__rosidl_typesupport_fastrtps_cppExport.cmake
[3.166s] -- Up-to-date: /home/aa/robot_controller/install/robot_msgs/share/robot_msgs/cmake/export_robot_msgs__rosidl_typesupport_fastrtps_cppExport-noconfig.cmake
[3.166s] -- Up-to-date: /home/aa/robot_controller/install/robot_msgs/share/robot_msgs/cmake/robot_msgs__rosidl_typesupport_introspection_cppExport.cmake
[3.166s] -- Up-to-date: /home/aa/robot_controller/install/robot_msgs/share/robot_msgs/cmake/robot_msgs__rosidl_typesupport_introspection_cppExport-noconfig.cmake
[3.166s] -- Up-to-date: /home/aa/robot_controller/install/robot_msgs/share/robot_msgs/cmake/robot_msgs__rosidl_typesupport_cppExport.cmake
[3.166s] -- Up-to-date: /home/aa/robot_controller/install/robot_msgs/share/robot_msgs/cmake/robot_msgs__rosidl_typesupport_cppExport-noconfig.cmake
[3.166s] -- Up-to-date: /home/aa/robot_controller/install/robot_msgs/share/robot_msgs/cmake/export_robot_msgs__rosidl_generator_pyExport.cmake
[3.166s] -- Up-to-date: /home/aa/robot_controller/install/robot_msgs/share/robot_msgs/cmake/export_robot_msgs__rosidl_generator_pyExport-noconfig.cmake
[3.166s] -- Up-to-date: /home/aa/robot_controller/install/robot_msgs/share/robot_msgs/cmake/rosidl_cmake-extras.cmake
[3.166s] -- Up-to-date: /home/aa/robot_controller/install/robot_msgs/share/robot_msgs/cmake/ament_cmake_export_dependencies-extras.cmake
[3.166s] -- Up-to-date: /home/aa/robot_controller/install/robot_msgs/share/robot_msgs/cmake/ament_cmake_export_include_directories-extras.cmake
[3.166s] -- Up-to-date: /home/aa/robot_controller/install/robot_msgs/share/robot_msgs/cmake/ament_cmake_export_libraries-extras.cmake
[3.166s] -- Up-to-date: /home/aa/robot_controller/install/robot_msgs/share/robot_msgs/cmake/ament_cmake_export_targets-extras.cmake
[3.166s] -- Up-to-date: /home/aa/robot_controller/install/robot_msgs/share/robot_msgs/cmake/rosidl_cmake_export_typesupport_targets-extras.cmake
[3.166s] -- Up-to-date: /home/aa/robot_controller/install/robot_msgs/share/robot_msgs/cmake/rosidl_cmake_export_typesupport_libraries-extras.cmake
[3.166s] -- Up-to-date: /home/aa/robot_controller/install/robot_msgs/share/robot_msgs/cmake/robot_msgsConfig.cmake
[3.166s] -- Up-to-date: /home/aa/robot_controller/install/robot_msgs/share/robot_msgs/cmake/robot_msgsConfig-version.cmake
[3.166s] -- Up-to-date: /home/aa/robot_controller/install/robot_msgs/share/robot_msgs/package.xml
[3.169s] Invoked command in '/home/aa/robot_controller/build/robot_msgs' returned '0': CMAKE_PREFIX_PATH=${CMAKE_PREFIX_PATH}:/home/aa/robot_controller/install/robotarm_control_package:/opt/ros/humble /usr/bin/cmake --install /home/aa/robot_controller/build/robot_msgs
