running egg_info
writing ../../build/robotarm_control_package/robotarm_control_package.egg-info/PKG-INFO
writing dependency_links to ../../build/robotarm_control_package/robotarm_control_package.egg-info/dependency_links.txt
writing entry points to ../../build/robotarm_control_package/robotarm_control_package.egg-info/entry_points.txt
writing requirements to ../../build/robotarm_control_package/robotarm_control_package.egg-info/requires.txt
writing top-level names to ../../build/robotarm_control_package/robotarm_control_package.egg-info/top_level.txt
reading manifest file '../../build/robotarm_control_package/robotarm_control_package.egg-info/SOURCES.txt'
writing manifest file '../../build/robotarm_control_package/robotarm_control_package.egg-info/SOURCES.txt'
running build
running build_py
copying robotarm_control_package/robotarm_controller_node.py -> /home/aa/robot_controller/build/robotarm_control_package/build/lib/robotarm_control_package
running install
running install_lib
copying /home/aa/robot_controller/build/robotarm_control_package/build/lib/robotarm_control_package/robotarm_controller_node.py -> /home/aa/robot_controller/install/robotarm_control_package/lib/python3.10/site-packages/robotarm_control_package
byte-compiling /home/aa/robot_controller/install/robotarm_control_package/lib/python3.10/site-packages/robotarm_control_package/robotarm_controller_node.py to robotarm_controller_node.cpython-310.pyc
running install_data
copying package.xml -> /home/aa/robot_controller/install/robotarm_control_package/share/robotarm_control_package
running install_egg_info
removing '/home/aa/robot_controller/install/robotarm_control_package/lib/python3.10/site-packages/robotarm_control_package-0.0.0-py3.10.egg-info' (and everything under it)
Copying ../../build/robotarm_control_package/robotarm_control_package.egg-info to /home/aa/robot_controller/install/robotarm_control_package/lib/python3.10/site-packages/robotarm_control_package-0.0.0-py3.10.egg-info
running install_scripts
Installing robotarm_controller_node script to /home/aa/robot_controller/install/robotarm_control_package/lib/robotarm_control_package
writing list of installed files to '/home/aa/robot_controller/build/robotarm_control_package/install.log'
